SF:/Users/mrk/Workspace/Agentic/research/snapfzz-startup-launcher/src-tauri/src/commands/budget.rs
FN:33,_RNCNCNCNvCsc0ewR7g6M9t_7Snapfzz4mains2_0sn_00B7_
FN:24,_RNCNCNCNvCsc0ewR7g6M9t_7Snapfzz4mains2_0so_00B7_
FN:12,_RNCNCNCNvCsc0ewR7g6M9t_7Snapfzz4mains2_0sp_00B7_
FN:5,_RNCNCNCNvCsc0ewR7g6M9t_7Snapfzz4mains2_0sq_00B7_
FN:54,_RNCNCNCNvCsc0ewR7g6M9t_7Snapfzz4mains2_0sr_00B7_
FN:47,_RNCNCNCNvCsc0ewR7g6M9t_7Snapfzz4mains2_0ss_00B7_
FN:95,_RNvNtNtNtCsc0ewR7g6M9t_7Snapfzz8commands6budget5tests12make_request
FN:107,_RNvNtNtNtCsc0ewR7g6M9t_7Snapfzz8commands6budget5tests13setup_webview
FN:128,_RNvNtNtNtCsc0ewR7g6M9t_7Snapfzz8commands6budget5testss_58a014_commands_budget_ipc_reads_interval_and_startup_budget
FN:151,_RNvNtNtNtCsc0ewR7g6M9t_7Snapfzz8commands6budget5testss_60a014_commands_budget_ipc_records_strikes_and_disables_plugin
FN:177,_RNvNtNtNtCsc0ewR7g6M9t_7Snapfzz8commands6budget5testss_62a014_commands_budget_ipc_snapshot_and_violation_report_succeed
FN:200,_RNvNtNtNtCsc0ewR7g6M9t_7Snapfzz8commands6budget5testss_67a014_commands_budget_ipc_set_preset_handles_valid_and_invalid_names
FN:47,_RNCNCNCNvNtNtNtCsc0ewR7g6M9t_7Snapfzz8commands6budget5tests13setup_webview0s0_00Bd_
FN:33,_RNCNCNCNvNtNtNtCsc0ewR7g6M9t_7Snapfzz8commands6budget5tests13setup_webview0s1_00Bd_
FN:24,_RNCNCNCNvNtNtNtCsc0ewR7g6M9t_7Snapfzz8commands6budget5tests13setup_webview0s2_00Bd_
FN:12,_RNCNCNCNvNtNtNtCsc0ewR7g6M9t_7Snapfzz8commands6budget5tests13setup_webview0s3_00Bd_
FN:5,_RNCNCNCNvNtNtNtCsc0ewR7g6M9t_7Snapfzz8commands6budget5tests13setup_webview0s4_00Bd_
FN:54,_RNCNCNCNvNtNtNtCsc0ewR7g6M9t_7Snapfzz8commands6budget5tests13setup_webview0s_00Bd_
FN:142,_RNCNvNtNtNtCsc0ewR7g6M9t_7Snapfzz8commands6budget5testss_58a014_commands_budget_ipc_reads_interval_and_startup_budget0B9_
FN:145,_RNCNvNtNtNtCsc0ewR7g6M9t_7Snapfzz8commands6budget5testss_58a014_commands_budget_ipc_reads_interval_and_startup_budgets0_0B9_
FN:143,_RNCNvNtNtNtCsc0ewR7g6M9t_7Snapfzz8commands6budget5testss_58a014_commands_budget_ipc_reads_interval_and_startup_budgets_0B9_
FN:195,_RNCNvNtNtNtCsc0ewR7g6M9t_7Snapfzz8commands6budget5testss_62a014_commands_budget_ipc_snapshot_and_violation_report_succeed0B9_
FN:51,_RNCNCNvNtNtCsc0ewR7g6M9t_7Snapfzz8commands6budget15budget_snapshot00B9_
FN:58,_RNCNvNtNtCsc0ewR7g6M9t_7Snapfzz8commands6budget10set_preset0B7_
FN:50,_RNCNvNtNtCsc0ewR7g6M9t_7Snapfzz8commands6budget15budget_snapshot0B7_
FN:79,_RNCNvNtNtCsc0ewR7g6M9t_7Snapfzz8commands6budget17get_hardware_info0B7_
FN:8,_RNCNvNtNtCsc0ewR7g6M9t_7Snapfzz8commands6budget18get_batch_interval0B7_
FN:15,_RNCNvNtNtCsc0ewR7g6M9t_7Snapfzz8commands6budget18get_startup_budget0B7_
FN:28,_RNCNvNtNtCsc0ewR7g6M9t_7Snapfzz8commands6budget20budget_record_strike0B7_
FN:39,_RNCNvNtNtCsc0ewR7g6M9t_7Snapfzz8commands6budget23budget_report_violation0B7_
FN:55,_RNvNtNtCsc0ewR7g6M9t_7Snapfzz8commands6budget10set_preset
FN:48,_RNvNtNtCsc0ewR7g6M9t_7Snapfzz8commands6budget15budget_snapshot
FN:79,_RNvNtNtCsc0ewR7g6M9t_7Snapfzz8commands6budget17get_hardware_info
FN:6,_RNvNtNtCsc0ewR7g6M9t_7Snapfzz8commands6budget18get_batch_interval
FN:13,_RNvNtNtCsc0ewR7g6M9t_7Snapfzz8commands6budget18get_startup_budget
FN:25,_RNvNtNtCsc0ewR7g6M9t_7Snapfzz8commands6budget20budget_record_strike
FN:34,_RNvNtNtCsc0ewR7g6M9t_7Snapfzz8commands6budget23budget_report_violation
FNDA:0,_RNCNCNCNvCsc0ewR7g6M9t_7Snapfzz4mains2_0sn_00B7_
FNDA:0,_RNCNCNCNvCsc0ewR7g6M9t_7Snapfzz4mains2_0so_00B7_
FNDA:0,_RNCNCNCNvCsc0ewR7g6M9t_7Snapfzz4mains2_0sp_00B7_
FNDA:0,_RNCNCNCNvCsc0ewR7g6M9t_7Snapfzz4mains2_0sq_00B7_
FNDA:0,_RNCNCNCNvCsc0ewR7g6M9t_7Snapfzz4mains2_0sr_00B7_
FNDA:0,_RNCNCNCNvCsc0ewR7g6M9t_7Snapfzz4mains2_0ss_00B7_
FNDA:10,_RNvNtNtNtCsc0ewR7g6M9t_7Snapfzz8commands6budget5tests12make_request
FNDA:4,_RNvNtNtNtCsc0ewR7g6M9t_7Snapfzz8commands6budget5tests13setup_webview
FNDA:1,_RNvNtNtNtCsc0ewR7g6M9t_7Snapfzz8commands6budget5testss_58a014_commands_budget_ipc_reads_interval_and_startup_budget
FNDA:1,_RNvNtNtNtCsc0ewR7g6M9t_7Snapfzz8commands6budget5testss_60a014_commands_budget_ipc_records_strikes_and_disables_plugin
FNDA:1,_RNvNtNtNtCsc0ewR7g6M9t_7Snapfzz8commands6budget5testss_62a014_commands_budget_ipc_snapshot_and_violation_report_succeed
FNDA:1,_RNvNtNtNtCsc0ewR7g6M9t_7Snapfzz8commands6budget5testss_67a014_commands_budget_ipc_set_preset_handles_valid_and_invalid_names
FNDA:0,_RNCNCNCNvNtNtNtCsc0ewR7g6M9t_7Snapfzz8commands6budget5tests13setup_webview0s0_00Bd_
FNDA:0,_RNCNCNCNvNtNtNtCsc0ewR7g6M9t_7Snapfzz8commands6budget5tests13setup_webview0s1_00Bd_
FNDA:0,_RNCNCNCNvNtNtNtCsc0ewR7g6M9t_7Snapfzz8commands6budget5tests13setup_webview0s2_00Bd_
FNDA:0,_RNCNCNCNvNtNtNtCsc0ewR7g6M9t_7Snapfzz8commands6budget5tests13setup_webview0s3_00Bd_
FNDA:0,_RNCNCNCNvNtNtNtCsc0ewR7g6M9t_7Snapfzz8commands6budget5tests13setup_webview0s4_00Bd_
FNDA:0,_RNCNCNCNvNtNtNtCsc0ewR7g6M9t_7Snapfzz8commands6budget5tests13setup_webview0s_00Bd_
FNDA:1,_RNCNvNtNtNtCsc0ewR7g6M9t_7Snapfzz8commands6budget5testss_58a014_commands_budget_ipc_reads_interval_and_startup_budget0B9_
FNDA:1,_RNCNvNtNtNtCsc0ewR7g6M9t_7Snapfzz8commands6budget5testss_58a014_commands_budget_ipc_reads_interval_and_startup_budgets0_0B9_
FNDA:1,_RNCNvNtNtNtCsc0ewR7g6M9t_7Snapfzz8commands6budget5testss_58a014_commands_budget_ipc_reads_interval_and_startup_budgets_0B9_
FNDA:1,_RNCNvNtNtNtCsc0ewR7g6M9t_7Snapfzz8commands6budget5testss_62a014_commands_budget_ipc_snapshot_and_violation_report_succeed0B9_
FNDA:0,_RNCNCNvNtNtCsc0ewR7g6M9t_7Snapfzz8commands6budget15budget_snapshot00B9_
FNDA:2,_RNCNvNtNtCsc0ewR7g6M9t_7Snapfzz8commands6budget10set_preset0B7_
FNDA:1,_RNCNvNtNtCsc0ewR7g6M9t_7Snapfzz8commands6budget15budget_snapshot0B7_
FNDA:1,_RNCNvNtNtCsc0ewR7g6M9t_7Snapfzz8commands6budget17get_hardware_info0B7_
FNDA:1,_RNCNvNtNtCsc0ewR7g6M9t_7Snapfzz8commands6budget18get_batch_interval0B7_
FNDA:1,_RNCNvNtNtCsc0ewR7g6M9t_7Snapfzz8commands6budget18get_startup_budget0B7_
FNDA:3,_RNCNvNtNtCsc0ewR7g6M9t_7Snapfzz8commands6budget20budget_record_strike0B7_
FNDA:1,_RNCNvNtNtCsc0ewR7g6M9t_7Snapfzz8commands6budget23budget_report_violation0B7_
FNDA:2,_RNvNtNtCsc0ewR7g6M9t_7Snapfzz8commands6budget10set_preset
FNDA:1,_RNvNtNtCsc0ewR7g6M9t_7Snapfzz8commands6budget15budget_snapshot
FNDA:1,_RNvNtNtCsc0ewR7g6M9t_7Snapfzz8commands6budget17get_hardware_info
FNDA:1,_RNvNtNtCsc0ewR7g6M9t_7Snapfzz8commands6budget18get_batch_interval
FNDA:1,_RNvNtNtCsc0ewR7g6M9t_7Snapfzz8commands6budget18get_startup_budget
FNDA:3,_RNvNtNtCsc0ewR7g6M9t_7Snapfzz8commands6budget20budget_record_strike
FNDA:1,_RNvNtNtCsc0ewR7g6M9t_7Snapfzz8commands6budget23budget_report_violation
FNF:31
FNH:24
DA:5,0
DA:6,1
DA:7,1
DA:8,1
DA:9,1
DA:10,1
DA:12,0
DA:13,1
DA:14,1
DA:15,1
DA:16,1
DA:17,1
DA:18,1
DA:19,1
DA:20,1
DA:21,1
DA:22,1
DA:24,0
DA:25,3
DA:26,3
DA:27,3
DA:28,3
DA:29,3
DA:30,3
DA:31,3
DA:33,0
DA:34,1
DA:35,1
DA:36,1
DA:37,1
DA:38,1
DA:39,1
DA:40,1
DA:42,1
DA:44,1
DA:45,1
DA:47,0
DA:48,1
DA:49,1
DA:50,1
DA:51,1
DA:52,1
DA:54,0
DA:55,2
DA:56,2
DA:57,2
DA:58,2
DA:59,2
DA:60,2
DA:61,2
DA:62,2
DA:63,1
DA:64,1
DA:67,1
DA:68,1
DA:69,1
DA:71,1
DA:72,0
DA:73,1
DA:75,1
DA:76,2
DA:79,1
DA:80,1
DA:81,1
DA:82,1
DA:83,1
DA:84,1
DA:85,1
DA:86,1
DA:95,10
DA:96,10
DA:97,10
DA:98,10
DA:99,10
DA:100,10
DA:101,10
DA:102,10
DA:103,10
DA:104,10
DA:105,10
DA:107,4
DA:108,4
DA:109,4
DA:110,4
DA:119,4
DA:120,4
DA:122,4
DA:123,4
DA:124,4
DA:125,4
DA:128,1
DA:129,1
DA:130,1
DA:132,1
DA:133,1
DA:134,1
DA:135,1
DA:136,1
DA:138,1
DA:139,1
DA:140,1
DA:141,1
DA:142,1
DA:143,1
DA:144,1
DA:145,1
DA:148,1
DA:151,1
DA:152,1
DA:153,1
DA:155,1
DA:156,2
DA:157,2
DA:158,2
DA:160,2
DA:161,2
DA:162,2
DA:163,2
DA:166,1
DA:167,1
DA:168,1
DA:170,1
DA:171,1
DA:172,1
DA:173,1
DA:174,1
DA:177,1
DA:178,1
DA:179,1
DA:181,1
DA:182,1
DA:183,1
DA:184,1
DA:185,1
DA:188,1
DA:190,1
DA:191,1
DA:192,1
DA:193,1
DA:195,1
DA:196,1
DA:197,1
DA:200,1
DA:201,1
DA:202,1
DA:204,1
DA:205,1
DA:206,1
DA:208,1
DA:210,1
DA:211,1
DA:212,1
DA:214,1
DA:215,1
DA:216,1
DA:218,1
DA:219,1
DA:220,1
DA:221,1
DA:222,1
DA:223,1
DA:224,1
DA:226,1
DA:227,1
BRF:0
BRH:0
LF:176
LH:168
end_of_record
SF:/Users/mrk/Workspace/Agentic/research/snapfzz-startup-launcher/src-tauri/src/commands/cef.rs
FN:99,_RNCNCNCNvCsc0ewR7g6M9t_7Snapfzz4mains2_0s2_00B7_
FN:93,_RNCNCNCNvCsc0ewR7g6M9t_7Snapfzz4mains2_0s3_00B7_
FN:83,_RNCNCNCNvCsc0ewR7g6M9t_7Snapfzz4mains2_0s4_00B7_
FN:77,_RNCNCNCNvCsc0ewR7g6M9t_7Snapfzz4mains2_0s5_00B7_
FN:71,_RNCNCNCNvCsc0ewR7g6M9t_7Snapfzz4mains2_0s6_00B7_
FN:61,_RNCNCNCNvCsc0ewR7g6M9t_7Snapfzz4mains2_0s7_00B7_
FN:55,_RNCNCNCNvCsc0ewR7g6M9t_7Snapfzz4mains2_0s8_00B7_
FN:37,_RNCNCNCNvCsc0ewR7g6M9t_7Snapfzz4mains2_0s9_00B7_
FN:31,_RNCNCNCNvCsc0ewR7g6M9t_7Snapfzz4mains2_0sa_00B7_
FN:24,_RNCNCNCNvCsc0ewR7g6M9t_7Snapfzz4mains2_0sb_00B7_
FN:13,_RNCNCNCNvCsc0ewR7g6M9t_7Snapfzz4mains2_0sc_00B7_
FN:78,_RNvNtNtCsc0ewR7g6M9t_7Snapfzz8commands3cef10cef_reload
FN:72,_RNvNtNtCsc0ewR7g6M9t_7Snapfzz8commands3cef11cef_go_back
FN:84,_RNvNtNtCsc0ewR7g6M9t_7Snapfzz8commands3cef12cef_devtools
FN:32,_RNvNtNtCsc0ewR7g6M9t_7Snapfzz8commands3cef12cef_is_ready
FN:62,_RNvNtNtCsc0ewR7g6M9t_7Snapfzz8commands3cef12cef_navigate
FN:94,_RNvNtNtCsc0ewR7g6M9t_7Snapfzz8commands3cef14cef_screenshot
FN:38,_RNvNtNtCsc0ewR7g6M9t_7Snapfzz8commands3cef15cef_open_window
FN:56,_RNvNtNtCsc0ewR7g6M9t_7Snapfzz8commands3cef16cef_close_window
FN:14,_RNvNtNtCsc0ewR7g6M9t_7Snapfzz8commands3cef18cef_download_start
FN:25,_RNvNtNtCsc0ewR7g6M9t_7Snapfzz8commands3cef19cef_download_status
FN:100,_RNvNtNtCsc0ewR7g6M9t_7Snapfzz8commands3cef20cef_console_messages
FN:162,_RNvNtNtNtCsc0ewR7g6M9t_7Snapfzz8commands3cef5testss_50a015_commands_cef_module_exports_expected_commands
FN:205,_RNvNtNtNtCsc0ewR7g6M9t_7Snapfzz8commands3cef5testss_61a015_commands_cef_download_status_reports_ready_after_extract
FN:156,_RNvNtNtNtCsc0ewR7g6M9t_7Snapfzz8commands3cef5testss_61a015_commands_cef_error_mapping_returns_human_readable_string
FN:177,_RNvNtNtNtCsc0ewR7g6M9t_7Snapfzz8commands3cef5testss_67a015_commands_cef_download_status_reports_verifying_before_download
FN:189,_RNvNtNtNtCsc0ewR7g6M9t_7Snapfzz8commands3cef5testss_73a015_commands_cef_download_status_reports_downloading_when_archive_exists
FN:145,_RNvNtNtCsc0ewR7g6M9t_7Snapfzz8commands3cef13map_cef_error
FN:113,_RNvNtNtCsc0ewR7g6M9t_7Snapfzz8commands3cef31download_status_from_downloader
FN:80,_RNCNCNvNtNtCsc0ewR7g6M9t_7Snapfzz8commands3cef10cef_reload00B9_
FN:74,_RNCNCNvNtNtCsc0ewR7g6M9t_7Snapfzz8commands3cef11cef_go_back00B9_
FN:90,_RNCNCNvNtNtCsc0ewR7g6M9t_7Snapfzz8commands3cef12cef_devtools00B9_
FN:68,_RNCNCNvNtNtCsc0ewR7g6M9t_7Snapfzz8commands3cef12cef_navigate00B9_
FN:96,_RNCNCNvNtNtCsc0ewR7g6M9t_7Snapfzz8commands3cef14cef_screenshot00B9_
FN:48,_RNCNCNvNtNtCsc0ewR7g6M9t_7Snapfzz8commands3cef15cef_open_window00B9_
FN:51,_RNCNCNvNtNtCsc0ewR7g6M9t_7Snapfzz8commands3cef15cef_open_window0s_0B9_
FN:58,_RNCNCNvNtNtCsc0ewR7g6M9t_7Snapfzz8commands3cef16cef_close_window00B9_
FN:21,_RNCNCNvNtNtCsc0ewR7g6M9t_7Snapfzz8commands3cef18cef_download_start00B9_
FN:106,_RNCNCNvNtNtCsc0ewR7g6M9t_7Snapfzz8commands3cef20cef_console_messages00B9_
FN:108,_RNCNCNvNtNtCsc0ewR7g6M9t_7Snapfzz8commands3cef20cef_console_messages0s_0B9_
FN:115,_RNCNCNvNtNtCsc0ewR7g6M9t_7Snapfzz8commands3cef31download_status_from_downloader00B9_
FN:78,_RNCNvNtNtCsc0ewR7g6M9t_7Snapfzz8commands3cef10cef_reload0B7_
FN:72,_RNCNvNtNtCsc0ewR7g6M9t_7Snapfzz8commands3cef11cef_go_back0B7_
FN:88,_RNCNvNtNtCsc0ewR7g6M9t_7Snapfzz8commands3cef12cef_devtools0B7_
FN:32,_RNCNvNtNtCsc0ewR7g6M9t_7Snapfzz8commands3cef12cef_is_ready0B7_
FN:66,_RNCNvNtNtCsc0ewR7g6M9t_7Snapfzz8commands3cef12cef_navigate0B7_
FN:94,_RNCNvNtNtCsc0ewR7g6M9t_7Snapfzz8commands3cef14cef_screenshot0B7_
FN:43,_RNCNvNtNtCsc0ewR7g6M9t_7Snapfzz8commands3cef15cef_open_window0B7_
FN:56,_RNCNvNtNtCsc0ewR7g6M9t_7Snapfzz8commands3cef16cef_close_window0B7_
FN:16,_RNCNvNtNtCsc0ewR7g6M9t_7Snapfzz8commands3cef18cef_download_start0B7_
FN:27,_RNCNvNtNtCsc0ewR7g6M9t_7Snapfzz8commands3cef19cef_download_status0B7_
FN:104,_RNCNvNtNtCsc0ewR7g6M9t_7Snapfzz8commands3cef20cef_console_messages0B7_
FN:113,_RNCNvNtNtCsc0ewR7g6M9t_7Snapfzz8commands3cef31download_status_from_downloader0B7_
FN:205,_RNCNvNtNtNtCsc0ewR7g6M9t_7Snapfzz8commands3cef5testss_61a015_commands_cef_download_status_reports_ready_after_extract0B9_
FN:177,_RNCNvNtNtNtCsc0ewR7g6M9t_7Snapfzz8commands3cef5testss_67a015_commands_cef_download_status_reports_verifying_before_download0B9_
FN:189,_RNCNvNtNtNtCsc0ewR7g6M9t_7Snapfzz8commands3cef5testss_73a015_commands_cef_download_status_reports_downloading_when_archive_exists0B9_
FNDA:0,_RNCNCNCNvCsc0ewR7g6M9t_7Snapfzz4mains2_0s2_00B7_
FNDA:0,_RNCNCNCNvCsc0ewR7g6M9t_7Snapfzz4mains2_0s3_00B7_
FNDA:0,_RNCNCNCNvCsc0ewR7g6M9t_7Snapfzz4mains2_0s4_00B7_
FNDA:0,_RNCNCNCNvCsc0ewR7g6M9t_7Snapfzz4mains2_0s5_00B7_
FNDA:0,_RNCNCNCNvCsc0ewR7g6M9t_7Snapfzz4mains2_0s6_00B7_
FNDA:0,_RNCNCNCNvCsc0ewR7g6M9t_7Snapfzz4mains2_0s7_00B7_
FNDA:0,_RNCNCNCNvCsc0ewR7g6M9t_7Snapfzz4mains2_0s8_00B7_
FNDA:0,_RNCNCNCNvCsc0ewR7g6M9t_7Snapfzz4mains2_0s9_00B7_
FNDA:0,_RNCNCNCNvCsc0ewR7g6M9t_7Snapfzz4mains2_0sa_00B7_
FNDA:0,_RNCNCNCNvCsc0ewR7g6M9t_7Snapfzz4mains2_0sb_00B7_
FNDA:0,_RNCNCNCNvCsc0ewR7g6M9t_7Snapfzz4mains2_0sc_00B7_
FNDA:0,_RNvNtNtCsc0ewR7g6M9t_7Snapfzz8commands3cef10cef_reload
FNDA:0,_RNvNtNtCsc0ewR7g6M9t_7Snapfzz8commands3cef11cef_go_back
FNDA:0,_RNvNtNtCsc0ewR7g6M9t_7Snapfzz8commands3cef12cef_devtools
FNDA:0,_RNvNtNtCsc0ewR7g6M9t_7Snapfzz8commands3cef12cef_is_ready
FNDA:0,_RNvNtNtCsc0ewR7g6M9t_7Snapfzz8commands3cef12cef_navigate
FNDA:0,_RNvNtNtCsc0ewR7g6M9t_7Snapfzz8commands3cef14cef_screenshot
FNDA:0,_RNvNtNtCsc0ewR7g6M9t_7Snapfzz8commands3cef15cef_open_window
FNDA:0,_RNvNtNtCsc0ewR7g6M9t_7Snapfzz8commands3cef16cef_close_window
FNDA:0,_RNvNtNtCsc0ewR7g6M9t_7Snapfzz8commands3cef18cef_download_start
FNDA:0,_RNvNtNtCsc0ewR7g6M9t_7Snapfzz8commands3cef19cef_download_status
FNDA:0,_RNvNtNtCsc0ewR7g6M9t_7Snapfzz8commands3cef20cef_console_messages
FNDA:1,_RNvNtNtNtCsc0ewR7g6M9t_7Snapfzz8commands3cef5testss_50a015_commands_cef_module_exports_expected_commands
FNDA:1,_RNvNtNtNtCsc0ewR7g6M9t_7Snapfzz8commands3cef5testss_61a015_commands_cef_download_status_reports_ready_after_extract
FNDA:1,_RNvNtNtNtCsc0ewR7g6M9t_7Snapfzz8commands3cef5testss_61a015_commands_cef_error_mapping_returns_human_readable_string
FNDA:1,_RNvNtNtNtCsc0ewR7g6M9t_7Snapfzz8commands3cef5testss_67a015_commands_cef_download_status_reports_verifying_before_download
FNDA:1,_RNvNtNtNtCsc0ewR7g6M9t_7Snapfzz8commands3cef5testss_73a015_commands_cef_download_status_reports_downloading_when_archive_exists
FNDA:1,_RNvNtNtCsc0ewR7g6M9t_7Snapfzz8commands3cef13map_cef_error
FNDA:3,_RNvNtNtCsc0ewR7g6M9t_7Snapfzz8commands3cef31download_status_from_downloader
FNDA:0,_RNCNCNvNtNtCsc0ewR7g6M9t_7Snapfzz8commands3cef10cef_reload00B9_
FNDA:0,_RNCNCNvNtNtCsc0ewR7g6M9t_7Snapfzz8commands3cef11cef_go_back00B9_
FNDA:0,_RNCNCNvNtNtCsc0ewR7g6M9t_7Snapfzz8commands3cef12cef_devtools00B9_
FNDA:0,_RNCNCNvNtNtCsc0ewR7g6M9t_7Snapfzz8commands3cef12cef_navigate00B9_
FNDA:0,_RNCNCNvNtNtCsc0ewR7g6M9t_7Snapfzz8commands3cef14cef_screenshot00B9_
FNDA:0,_RNCNCNvNtNtCsc0ewR7g6M9t_7Snapfzz8commands3cef15cef_open_window00B9_
FNDA:0,_RNCNCNvNtNtCsc0ewR7g6M9t_7Snapfzz8commands3cef15cef_open_window0s_0B9_
FNDA:0,_RNCNCNvNtNtCsc0ewR7g6M9t_7Snapfzz8commands3cef16cef_close_window00B9_
FNDA:0,_RNCNCNvNtNtCsc0ewR7g6M9t_7Snapfzz8commands3cef18cef_download_start00B9_
FNDA:0,_RNCNCNvNtNtCsc0ewR7g6M9t_7Snapfzz8commands3cef20cef_console_messages00B9_
FNDA:0,_RNCNCNvNtNtCsc0ewR7g6M9t_7Snapfzz8commands3cef20cef_console_messages0s_0B9_
FNDA:2,_RNCNCNvNtNtCsc0ewR7g6M9t_7Snapfzz8commands3cef31download_status_from_downloader00B9_
FNDA:0,_RNCNvNtNtCsc0ewR7g6M9t_7Snapfzz8commands3cef10cef_reload0B7_
FNDA:0,_RNCNvNtNtCsc0ewR7g6M9t_7Snapfzz8commands3cef11cef_go_back0B7_
FNDA:0,_RNCNvNtNtCsc0ewR7g6M9t_7Snapfzz8commands3cef12cef_devtools0B7_
FNDA:0,_RNCNvNtNtCsc0ewR7g6M9t_7Snapfzz8commands3cef12cef_is_ready0B7_
FNDA:0,_RNCNvNtNtCsc0ewR7g6M9t_7Snapfzz8commands3cef12cef_navigate0B7_
FNDA:0,_RNCNvNtNtCsc0ewR7g6M9t_7Snapfzz8commands3cef14cef_screenshot0B7_
FNDA:0,_RNCNvNtNtCsc0ewR7g6M9t_7Snapfzz8commands3cef15cef_open_window0B7_
FNDA:0,_RNCNvNtNtCsc0ewR7g6M9t_7Snapfzz8commands3cef16cef_close_window0B7_
FNDA:0,_RNCNvNtNtCsc0ewR7g6M9t_7Snapfzz8commands3cef18cef_download_start0B7_
FNDA:0,_RNCNvNtNtCsc0ewR7g6M9t_7Snapfzz8commands3cef19cef_download_status0B7_
FNDA:0,_RNCNvNtNtCsc0ewR7g6M9t_7Snapfzz8commands3cef20cef_console_messages0B7_
FNDA:3,_RNCNvNtNtCsc0ewR7g6M9t_7Snapfzz8commands3cef31download_status_from_downloader0B7_
FNDA:1,_RNCNvNtNtNtCsc0ewR7g6M9t_7Snapfzz8commands3cef5testss_61a015_commands_cef_download_status_reports_ready_after_extract0B9_
FNDA:1,_RNCNvNtNtNtCsc0ewR7g6M9t_7Snapfzz8commands3cef5testss_67a015_commands_cef_download_status_reports_verifying_before_download0B9_
FNDA:1,_RNCNvNtNtNtCsc0ewR7g6M9t_7Snapfzz8commands3cef5testss_73a015_commands_cef_download_status_reports_downloading_when_archive_exists0B9_
FNF:56
FNH:12
DA:13,0
DA:14,0
DA:15,0
DA:16,0
DA:17,0
DA:18,0
DA:19,0
DA:20,0
DA:21,0
DA:22,0
DA:24,0
DA:25,0
DA:26,0
DA:27,0
DA:28,0
DA:29,0
DA:31,0
DA:32,0
DA:33,0
DA:34,0
DA:35,0
DA:37,0
DA:38,0
DA:39,0
DA:40,0
DA:41,0
DA:42,0
DA:43,0
DA:44,0
DA:45,0
DA:46,0
DA:47,0
DA:48,0
DA:49,0
DA:50,0
DA:51,0
DA:52,0
DA:53,0
DA:55,0
DA:56,0
DA:57,0
DA:58,0
DA:59,0
DA:61,0
DA:62,0
DA:63,0
DA:64,0
DA:65,0
DA:66,0
DA:67,0
DA:68,0
DA:69,0
DA:71,0
DA:72,0
DA:73,0
DA:74,0
DA:75,0
DA:77,0
DA:78,0
DA:79,0
DA:80,0
DA:81,0
DA:83,0
DA:84,0
DA:85,0
DA:86,0
DA:87,0
DA:88,0
DA:89,0
DA:90,0
DA:91,0
DA:93,0
DA:94,0
DA:95,0
DA:96,0
DA:97,0
DA:99,0
DA:100,0
DA:101,0
DA:102,0
DA:103,0
DA:104,0
DA:105,0
DA:106,0
DA:107,0
DA:108,0
DA:109,0
DA:110,0
DA:111,0
DA:113,3
DA:114,3
DA:115,3
DA:116,3
DA:117,3
DA:118,1
DA:119,2
DA:120,1
DA:122,1
DA:125,3
DA:126,1
DA:128,2
DA:132,3
DA:133,3
DA:134,3
DA:135,1
DA:136,2
DA:137,0
DA:139,2
DA:141,3
DA:143,3
DA:145,1
DA:146,1
DA:147,1
DA:156,1
DA:157,1
DA:158,1
DA:159,1
DA:162,1
DA:163,1
DA:164,1
DA:165,1
DA:166,1
DA:167,1
DA:168,1
DA:169,1
DA:170,1
DA:171,1
DA:172,1
DA:173,1
DA:174,1
DA:177,1
DA:178,1
DA:179,1
DA:181,1
DA:183,1
DA:184,1
DA:185,1
DA:186,1
DA:189,1
DA:190,1
DA:191,1
DA:192,1
DA:193,1
DA:194,1
DA:196,1
DA:198,1
DA:199,1
DA:200,1
DA:201,1
DA:202,1
DA:205,1
DA:206,1
DA:207,1
DA:208,1
DA:209,1
DA:210,1
DA:211,1
DA:213,1
DA:215,1
DA:216,1
DA:217,1
BRF:0
BRH:0
LF:191
LH:79
end_of_record
SF:/Users/mrk/Workspace/Agentic/research/snapfzz-startup-launcher/src-tauri/src/commands/process.rs
FN:101,_RNCNCNCNvCsc0ewR7g6M9t_7Snapfzz4mains2_0st_00B7_
FN:60,_RNCNCNCNvCsc0ewR7g6M9t_7Snapfzz4mains2_0su_00B7_
FN:51,_RNCNCNCNvCsc0ewR7g6M9t_7Snapfzz4mains2_0sv_00B7_
FN:44,_RNCNCNCNvCsc0ewR7g6M9t_7Snapfzz4mains2_0sw_00B7_
FN:90,_RNCNCNCNvCsc0ewR7g6M9t_7Snapfzz4mains2_0sx_00B7_
FN:69,_RNCNCNCNvCsc0ewR7g6M9t_7Snapfzz4mains2_0sy_00B7_
FN:91,_RNvNtNtCsc0ewR7g6M9t_7Snapfzz8commands7process12kill_process
FN:70,_RNvNtNtCsc0ewR7g6M9t_7Snapfzz8commands7process15restart_process
FN:130,_RNvNtNtNtCsc0ewR7g6M9t_7Snapfzz8commands7process5tests12make_request
FN:162,_RNvNtNtNtCsc0ewR7g6M9t_7Snapfzz8commands7process5tests13setup_webview
FN:142,_RNvNtNtNtCsc0ewR7g6M9t_7Snapfzz8commands7process5tests16register_process
FN:301,_RNvNtNtNtCsc0ewR7g6M9t_7Snapfzz8commands7process5testss_56a014_commands_process_now_ms_produces_positive_timestamp
FN:186,_RNvNtNtNtCsc0ewR7g6M9t_7Snapfzz8commands7process5testss_59a014_commands_process_ipc_list_logs_clear_and_update_config
FN:260,_RNvNtNtNtCsc0ewR7g6M9t_7Snapfzz8commands7process5testss_60a014_commands_process_ipc_update_config_and_kill_error_paths
FN:332,_RNvNtNtNtCsc0ewR7g6M9t_7Snapfzz8commands7process5testss_64a014_commands_process_ipc_list_processes_requires_registry_state
FN:280,_RNvNtNtNtCsc0ewR7g6M9t_7Snapfzz8commands7process5testss_65a014_commands_process_ipc_update_config_rejects_bad_payload_shape
FN:306,_RNvNtNtNtCsc0ewR7g6M9t_7Snapfzz8commands7process5testss_69a014_commands_process_ipc_get_process_logs_requires_tail_n_camel_case
FN:96,_RNCNCNvNtNtCsc0ewR7g6M9t_7Snapfzz8commands7process12kill_process00B9_
FN:48,_RNCNCNvNtNtCsc0ewR7g6M9t_7Snapfzz8commands7process14list_processes00B9_
FN:80,_RNCNCNvNtNtCsc0ewR7g6M9t_7Snapfzz8commands7process15restart_process00B9_
FN:111,_RNCNCNvNtNtCsc0ewR7g6M9t_7Snapfzz8commands7process21update_process_config00B9_
FN:95,_RNCNvNtNtCsc0ewR7g6M9t_7Snapfzz8commands7process12kill_process0B7_
FN:47,_RNCNvNtNtCsc0ewR7g6M9t_7Snapfzz8commands7process14list_processes0B7_
FN:76,_RNCNvNtNtCsc0ewR7g6M9t_7Snapfzz8commands7process15restart_process0B7_
FN:56,_RNCNvNtNtCsc0ewR7g6M9t_7Snapfzz8commands7process16get_process_logs0B7_
FN:64,_RNCNvNtNtCsc0ewR7g6M9t_7Snapfzz8commands7process18clear_process_logs0B7_
FN:106,_RNCNvNtNtCsc0ewR7g6M9t_7Snapfzz8commands7process21update_process_config0B7_
FN:45,_RNvNtNtCsc0ewR7g6M9t_7Snapfzz8commands7process14list_processes
FN:27,_RNvNtNtCsc0ewR7g6M9t_7Snapfzz8commands7process15emit_supervisor
FN:52,_RNvNtNtCsc0ewR7g6M9t_7Snapfzz8commands7process16get_process_logs
FN:61,_RNvNtNtCsc0ewR7g6M9t_7Snapfzz8commands7process18clear_process_logs
FN:102,_RNvNtNtCsc0ewR7g6M9t_7Snapfzz8commands7process21update_process_config
FN:20,_RNvNtNtCsc0ewR7g6M9t_7Snapfzz8commands7process6now_ms
FN:101,_RNCNCNCNvNtNtNtCsc0ewR7g6M9t_7Snapfzz8commands7process5tests13setup_webview000Bd_
FN:51,_RNCNCNCNvNtNtNtCsc0ewR7g6M9t_7Snapfzz8commands7process5tests13setup_webview0s0_00Bd_
FN:44,_RNCNCNCNvNtNtNtCsc0ewR7g6M9t_7Snapfzz8commands7process5tests13setup_webview0s1_00Bd_
FN:60,_RNCNCNCNvNtNtNtCsc0ewR7g6M9t_7Snapfzz8commands7process5tests13setup_webview0s_00Bd_
FN:44,_RNCNCNCNvNtNtNtCsc0ewR7g6M9t_7Snapfzz8commands7process5testss_64a014_commands_process_ipc_list_processes_requires_registry_state000Bd_
FNDA:0,_RNCNCNCNvCsc0ewR7g6M9t_7Snapfzz4mains2_0st_00B7_
FNDA:0,_RNCNCNCNvCsc0ewR7g6M9t_7Snapfzz4mains2_0su_00B7_
FNDA:0,_RNCNCNCNvCsc0ewR7g6M9t_7Snapfzz4mains2_0sv_00B7_
FNDA:0,_RNCNCNCNvCsc0ewR7g6M9t_7Snapfzz4mains2_0sw_00B7_
FNDA:0,_RNCNCNCNvCsc0ewR7g6M9t_7Snapfzz4mains2_0sx_00B7_
FNDA:0,_RNCNCNCNvCsc0ewR7g6M9t_7Snapfzz4mains2_0sy_00B7_
FNDA:0,_RNvNtNtCsc0ewR7g6M9t_7Snapfzz8commands7process12kill_process
FNDA:0,_RNvNtNtCsc0ewR7g6M9t_7Snapfzz8commands7process15restart_process
FNDA:9,_RNvNtNtNtCsc0ewR7g6M9t_7Snapfzz8commands7process5tests12make_request
FNDA:4,_RNvNtNtNtCsc0ewR7g6M9t_7Snapfzz8commands7process5tests13setup_webview
FNDA:2,_RNvNtNtNtCsc0ewR7g6M9t_7Snapfzz8commands7process5tests16register_process
FNDA:1,_RNvNtNtNtCsc0ewR7g6M9t_7Snapfzz8commands7process5testss_56a014_commands_process_now_ms_produces_positive_timestamp
FNDA:1,_RNvNtNtNtCsc0ewR7g6M9t_7Snapfzz8commands7process5testss_59a014_commands_process_ipc_list_logs_clear_and_update_config
FNDA:1,_RNvNtNtNtCsc0ewR7g6M9t_7Snapfzz8commands7process5testss_60a014_commands_process_ipc_update_config_and_kill_error_paths
FNDA:1,_RNvNtNtNtCsc0ewR7g6M9t_7Snapfzz8commands7process5testss_64a014_commands_process_ipc_list_processes_requires_registry_state
FNDA:1,_RNvNtNtNtCsc0ewR7g6M9t_7Snapfzz8commands7process5testss_65a014_commands_process_ipc_update_config_rejects_bad_payload_shape
FNDA:1,_RNvNtNtNtCsc0ewR7g6M9t_7Snapfzz8commands7process5testss_69a014_commands_process_ipc_get_process_logs_requires_tail_n_camel_case
FNDA:0,_RNCNCNvNtNtCsc0ewR7g6M9t_7Snapfzz8commands7process12kill_process00B9_
FNDA:0,_RNCNCNvNtNtCsc0ewR7g6M9t_7Snapfzz8commands7process14list_processes00B9_
FNDA:0,_RNCNCNvNtNtCsc0ewR7g6M9t_7Snapfzz8commands7process15restart_process00B9_
FNDA:1,_RNCNCNvNtNtCsc0ewR7g6M9t_7Snapfzz8commands7process21update_process_config00B9_
FNDA:0,_RNCNvNtNtCsc0ewR7g6M9t_7Snapfzz8commands7process12kill_process0B7_
FNDA:1,_RNCNvNtNtCsc0ewR7g6M9t_7Snapfzz8commands7process14list_processes0B7_
FNDA:0,_RNCNvNtNtCsc0ewR7g6M9t_7Snapfzz8commands7process15restart_process0B7_
FNDA:2,_RNCNvNtNtCsc0ewR7g6M9t_7Snapfzz8commands7process16get_process_logs0B7_
FNDA:1,_RNCNvNtNtCsc0ewR7g6M9t_7Snapfzz8commands7process18clear_process_logs0B7_
FNDA:2,_RNCNvNtNtCsc0ewR7g6M9t_7Snapfzz8commands7process21update_process_config0B7_
FNDA:1,_RNvNtNtCsc0ewR7g6M9t_7Snapfzz8commands7process14list_processes
FNDA:0,_RNvNtNtCsc0ewR7g6M9t_7Snapfzz8commands7process15emit_supervisor
FNDA:2,_RNvNtNtCsc0ewR7g6M9t_7Snapfzz8commands7process16get_process_logs
FNDA:1,_RNvNtNtCsc0ewR7g6M9t_7Snapfzz8commands7process18clear_process_logs
FNDA:2,_RNvNtNtCsc0ewR7g6M9t_7Snapfzz8commands7process21update_process_config
FNDA:1,_RNvNtNtCsc0ewR7g6M9t_7Snapfzz8commands7process6now_ms
FNDA:0,_RNCNCNCNvNtNtNtCsc0ewR7g6M9t_7Snapfzz8commands7process5tests13setup_webview000Bd_
FNDA:0,_RNCNCNCNvNtNtNtCsc0ewR7g6M9t_7Snapfzz8commands7process5tests13setup_webview0s0_00Bd_
FNDA:0,_RNCNCNCNvNtNtNtCsc0ewR7g6M9t_7Snapfzz8commands7process5tests13setup_webview0s1_00Bd_
FNDA:0,_RNCNCNCNvNtNtNtCsc0ewR7g6M9t_7Snapfzz8commands7process5tests13setup_webview0s_00Bd_
FNDA:1,_RNCNCNCNvNtNtNtCsc0ewR7g6M9t_7Snapfzz8commands7process5testss_64a014_commands_process_ipc_list_processes_requires_registry_state000Bd_
FNF:33
FNH:20
DA:20,1
DA:21,1
DA:22,1
DA:23,1
DA:24,1
DA:25,1
DA:27,0
DA:28,0
DA:29,0
DA:30,0
DA:31,0
DA:32,0
DA:33,0
DA:34,0
DA:35,0
DA:36,0
DA:37,0
DA:38,0
DA:39,0
DA:40,0
DA:41,0
DA:42,0
DA:44,1
DA:45,1
DA:46,1
DA:47,1
DA:48,1
DA:49,1
DA:51,0
DA:52,2
DA:53,2
DA:54,2
DA:55,2
DA:56,2
DA:57,2
DA:58,2
DA:60,0
DA:61,1
DA:62,1
DA:63,1
DA:64,1
DA:65,1
DA:66,1
DA:67,1
DA:69,0
DA:70,0
DA:71,0
DA:72,0
DA:73,0
DA:74,0
DA:75,0
DA:76,0
DA:77,0
DA:78,0
DA:79,0
DA:80,0
DA:81,0
DA:82,0
DA:83,0
DA:84,0
DA:85,0
DA:87,0
DA:88,0
DA:90,0
DA:91,0
DA:92,0
DA:93,0
DA:94,0
DA:95,0
DA:96,0
DA:97,0
DA:98,0
DA:99,0
DA:101,0
DA:102,2
DA:103,2
DA:104,2
DA:105,2
DA:106,2
DA:107,2
DA:108,2
DA:109,2
DA:110,2
DA:111,2
DA:112,1
DA:113,1
DA:114,2
DA:130,9
DA:131,9
DA:132,9
DA:133,9
DA:134,9
DA:135,9
DA:136,9
DA:137,9
DA:138,9
DA:139,9
DA:140,9
DA:142,2
DA:143,2
DA:144,2
DA:145,2
DA:146,2
DA:147,2
DA:148,2
DA:149,2
DA:150,2
DA:151,2
DA:152,2
DA:153,2
DA:154,2
DA:155,2
DA:156,2
DA:157,2
DA:158,2
DA:159,2
DA:160,2
DA:162,4
DA:163,4
DA:164,4
DA:165,4
DA:166,4
DA:167,4
DA:168,4
DA:169,4
DA:170,4
DA:171,4
DA:177,4
DA:178,4
DA:180,4
DA:181,4
DA:182,4
DA:183,4
DA:186,1
DA:187,1
DA:188,1
DA:189,1
DA:191,1
DA:192,1
DA:193,1
DA:195,1
DA:196,1
DA:197,1
DA:199,1
DA:201,1
DA:203,1
DA:205,1
DA:206,1
DA:207,1
DA:208,1
DA:209,1
DA:211,1
DA:212,1
DA:213,1
DA:214,1
DA:215,1
DA:218,1
DA:219,1
DA:220,1
DA:221,1
DA:223,1
DA:224,1
DA:225,1
DA:227,1
DA:229,1
DA:230,1
DA:231,1
DA:232,1
DA:233,1
DA:236,1
DA:237,1
DA:238,1
DA:239,1
DA:241,1
DA:242,1
DA:243,1
DA:244,1
DA:245,1
DA:248,1
DA:250,1
DA:251,1
DA:252,1
DA:253,1
DA:254,1
DA:255,1
DA:256,1
DA:257,1
DA:260,1
DA:261,1
DA:262,1
DA:263,1
DA:264,1
DA:265,1
DA:267,1
DA:268,1
DA:269,1
DA:270,1
DA:271,1
DA:274,1
DA:275,1
DA:276,1
DA:277,1
DA:280,1
DA:281,1
DA:282,1
DA:283,1
DA:284,1
DA:285,1
DA:287,1
DA:288,1
DA:289,1
DA:290,1
DA:291,1
DA:294,1
DA:296,1
DA:297,1
DA:298,1
DA:301,1
DA:302,1
DA:303,1
DA:306,1
DA:307,1
DA:308,1
DA:309,1
DA:310,1
DA:311,1
DA:312,1
DA:314,1
DA:315,1
DA:316,1
DA:317,1
DA:318,1
DA:321,1
DA:323,1
DA:324,1
DA:325,1
DA:326,1
DA:327,1
DA:329,1
DA:332,1
DA:333,1
DA:334,1
DA:335,1
DA:337,1
DA:338,1
DA:339,1
DA:340,1
DA:341,1
DA:342,1
DA:343,1
DA:344,1
DA:345,1
DA:347,1
DA:348,1
DA:349,1
DA:350,1
BRF:0
BRH:0
LF:266
LH:213
end_of_record
SF:/Users/mrk/Workspace/Agentic/research/snapfzz-startup-launcher/src-tauri/src/commands/settings.rs
FN:17,_RINvNtNtCsc0ewR7g6M9t_7Snapfzz8commands8settings13save_settingspEB6_
FN:21,_RNCINvNtNtCsc0ewR7g6M9t_7Snapfzz8commands8settings13save_settingspE0B8_
FN:22,_RNCNCINvNtNtCsc0ewR7g6M9t_7Snapfzz8commands8settings13save_settingspE00Ba_
FN:32,_RNCNCNCNvCsc0ewR7g6M9t_7Snapfzz4mains2_0sE_00B7_
FN:16,_RNCNCNCNvCsc0ewR7g6M9t_7Snapfzz4mains2_0sG_00B7_
FN:9,_RNCNCNCNvCsc0ewR7g6M9t_7Snapfzz4mains2_0sH_00B7_
FN:13,_RNCNCNvNtNtCsc0ewR7g6M9t_7Snapfzz8commands8settings12get_settings00B9_
FN:34,_RNCNCNvNtNtCsc0ewR7g6M9t_7Snapfzz8commands8settings12set_data_dir00B9_
FN:46,_RNCNCNvNtNtCsc0ewR7g6M9t_7Snapfzz8commands8settings12set_data_dir0s0_0B9_
FN:48,_RNCNCNvNtNtCsc0ewR7g6M9t_7Snapfzz8commands8settings12set_data_dir0s1_0B9_
FN:41,_RNCNCNvNtNtCsc0ewR7g6M9t_7Snapfzz8commands8settings12set_data_dir0s_0B9_
FN:28,_RNCNvNtNtCsc0ewR7g6M9t_7Snapfzz8commands8settings12get_data_dir0B7_
FN:12,_RNCNvNtNtCsc0ewR7g6M9t_7Snapfzz8commands8settings12get_settings0B7_
FN:33,_RNCNvNtNtCsc0ewR7g6M9t_7Snapfzz8commands8settings12set_data_dir0B7_
FN:58,_RNvNtNtNtCsc0ewR7g6M9t_7Snapfzz8commands8settings5tests12make_request
FN:127,_RNvNtNtNtCsc0ewR7g6M9t_7Snapfzz8commands8settings5testss_56a014_commands_settings_set_data_dir_rejects_invalid_path
FN:71,_RNvNtNtNtCsc0ewR7g6M9t_7Snapfzz8commands8settings5testss_59a014_commands_settings_ipc_get_data_dir_returns_path_string
FN:134,_RNvNtNtNtCsc0ewR7g6M9t_7Snapfzz8commands8settings5testss_61a014_commands_settings_set_data_dir_writes_pointer_on_success
FN:89,_RNvNtNtNtCsc0ewR7g6M9t_7Snapfzz8commands8settings5testss_62a014_commands_settings_ipc_get_settings_returns_state_defaults
FN:111,_RNvNtNtNtCsc0ewR7g6M9t_7Snapfzz8commands8settings5testss_66a014_commands_settings_ipc_get_settings_rejects_when_state_missing
FN:9,_RNCNCNCNvNtNtNtCsc0ewR7g6M9t_7Snapfzz8commands8settings5testss_62a014_commands_settings_ipc_get_settings_returns_state_defaults000Bd_
FN:9,_RNCNCNCNvNtNtNtCsc0ewR7g6M9t_7Snapfzz8commands8settings5testss_66a014_commands_settings_ipc_get_settings_rejects_when_state_missing000Bd_
FN:158,_RNCNvNtNtNtCsc0ewR7g6M9t_7Snapfzz8commands8settings5testss_61a014_commands_settings_set_data_dir_writes_pointer_on_success0B9_
FN:28,_RNvNtNtCsc0ewR7g6M9t_7Snapfzz8commands8settings12get_data_dir
FN:10,_RNvNtNtCsc0ewR7g6M9t_7Snapfzz8commands8settings12get_settings
FN:33,_RNvNtNtCsc0ewR7g6M9t_7Snapfzz8commands8settings12set_data_dir
FNDA:0,_RINvNtNtCsc0ewR7g6M9t_7Snapfzz8commands8settings13save_settingspEB6_
FNDA:0,_RNCINvNtNtCsc0ewR7g6M9t_7Snapfzz8commands8settings13save_settingspE0B8_
FNDA:0,_RNCNCINvNtNtCsc0ewR7g6M9t_7Snapfzz8commands8settings13save_settingspE00Ba_
FNDA:0,_RNCNCNCNvCsc0ewR7g6M9t_7Snapfzz4mains2_0sE_00B7_
FNDA:0,_RNCNCNCNvCsc0ewR7g6M9t_7Snapfzz4mains2_0sG_00B7_
FNDA:0,_RNCNCNCNvCsc0ewR7g6M9t_7Snapfzz4mains2_0sH_00B7_
FNDA:0,_RNCNCNvNtNtCsc0ewR7g6M9t_7Snapfzz8commands8settings12get_settings00B9_
FNDA:1,_RNCNCNvNtNtCsc0ewR7g6M9t_7Snapfzz8commands8settings12set_data_dir00B9_
FNDA:0,_RNCNCNvNtNtCsc0ewR7g6M9t_7Snapfzz8commands8settings12set_data_dir0s0_0B9_
FNDA:0,_RNCNCNvNtNtCsc0ewR7g6M9t_7Snapfzz8commands8settings12set_data_dir0s1_0B9_
FNDA:0,_RNCNCNvNtNtCsc0ewR7g6M9t_7Snapfzz8commands8settings12set_data_dir0s_0B9_
FNDA:1,_RNCNvNtNtCsc0ewR7g6M9t_7Snapfzz8commands8settings12get_data_dir0B7_
FNDA:1,_RNCNvNtNtCsc0ewR7g6M9t_7Snapfzz8commands8settings12get_settings0B7_
FNDA:2,_RNCNvNtNtCsc0ewR7g6M9t_7Snapfzz8commands8settings12set_data_dir0B7_
FNDA:3,_RNvNtNtNtCsc0ewR7g6M9t_7Snapfzz8commands8settings5tests12make_request
FNDA:1,_RNvNtNtNtCsc0ewR7g6M9t_7Snapfzz8commands8settings5testss_56a014_commands_settings_set_data_dir_rejects_invalid_path
FNDA:1,_RNvNtNtNtCsc0ewR7g6M9t_7Snapfzz8commands8settings5testss_59a014_commands_settings_ipc_get_data_dir_returns_path_string
FNDA:1,_RNvNtNtNtCsc0ewR7g6M9t_7Snapfzz8commands8settings5testss_61a014_commands_settings_set_data_dir_writes_pointer_on_success
FNDA:1,_RNvNtNtNtCsc0ewR7g6M9t_7Snapfzz8commands8settings5testss_62a014_commands_settings_ipc_get_settings_returns_state_defaults
FNDA:1,_RNvNtNtNtCsc0ewR7g6M9t_7Snapfzz8commands8settings5testss_66a014_commands_settings_ipc_get_settings_rejects_when_state_missing
FNDA:0,_RNCNCNCNvNtNtNtCsc0ewR7g6M9t_7Snapfzz8commands8settings5testss_62a014_commands_settings_ipc_get_settings_returns_state_defaults000Bd_
FNDA:1,_RNCNCNCNvNtNtNtCsc0ewR7g6M9t_7Snapfzz8commands8settings5testss_66a014_commands_settings_ipc_get_settings_rejects_when_state_missing000Bd_
FNDA:1,_RNCNvNtNtNtCsc0ewR7g6M9t_7Snapfzz8commands8settings5testss_61a014_commands_settings_set_data_dir_writes_pointer_on_success0B9_
FNDA:1,_RNvNtNtCsc0ewR7g6M9t_7Snapfzz8commands8settings12get_data_dir
FNDA:1,_RNvNtNtCsc0ewR7g6M9t_7Snapfzz8commands8settings12get_settings
FNDA:2,_RNvNtNtCsc0ewR7g6M9t_7Snapfzz8commands8settings12set_data_dir
FNF:24
FNH:15
DA:9,1
DA:10,1
DA:11,1
DA:12,1
DA:13,1
DA:14,1
DA:16,0
DA:17,0
DA:18,0
DA:19,0
DA:20,0
DA:21,0
DA:22,0
DA:23,0
DA:24,0
DA:25,0
DA:28,1
DA:29,1
DA:30,1
DA:32,0
DA:33,2
DA:34,2
DA:36,1
DA:37,1
DA:38,1
DA:39,1
DA:40,1
DA:41,1
DA:42,0
DA:44,1
DA:45,1
DA:46,1
DA:48,1
DA:49,2
DA:58,3
DA:59,3
DA:60,3
DA:61,3
DA:62,3
DA:63,3
DA:64,3
DA:65,3
DA:66,3
DA:67,3
DA:68,3
DA:71,1
DA:72,1
DA:73,1
DA:74,1
DA:75,1
DA:76,1
DA:77,1
DA:78,1
DA:80,1
DA:81,1
DA:82,1
DA:83,1
DA:85,1
DA:86,1
DA:89,1
DA:90,1
DA:91,1
DA:93,1
DA:94,1
DA:95,1
DA:96,1
DA:97,1
DA:98,1
DA:99,1
DA:100,1
DA:102,1
DA:103,1
DA:104,1
DA:105,1
DA:107,1
DA:108,1
DA:111,1
DA:112,1
DA:113,1
DA:114,1
DA:115,1
DA:116,1
DA:117,1
DA:118,1
DA:120,1
DA:121,1
DA:122,1
DA:123,1
DA:124,1
DA:127,1
DA:128,1
DA:129,1
DA:130,1
DA:131,1
DA:134,1
DA:135,1
DA:136,1
DA:137,1
DA:138,1
DA:139,1
DA:141,1
DA:142,1
DA:143,1
DA:146,1
DA:147,1
DA:148,0
DA:151,1
DA:152,1
DA:154,1
DA:155,1
DA:156,1
DA:157,1
DA:158,1
DA:159,1
DA:161,1
BRF:0
BRH:0
LF:126
LH:107
end_of_record
SF:/Users/mrk/Workspace/Agentic/research/snapfzz-startup-launcher/src-tauri/src/commands/stream.rs
FN:88,_RNCNCNCNvCsc0ewR7g6M9t_7Snapfzz4mains2_0si_00B7_
FN:65,_RNCNCNCNvCsc0ewR7g6M9t_7Snapfzz4mains2_0sj_00B7_
FN:46,_RNCNCNCNvCsc0ewR7g6M9t_7Snapfzz4mains2_0sk_00B7_
FN:18,_RNCNCNCNvCsc0ewR7g6M9t_7Snapfzz4mains2_0sl_00B7_
FN:40,_RNCNCNCNvNtNtCsc0ewR7g6M9t_7Snapfzz8commands6stream12send_message0s0_00Bb_
FN:100,_RNCNCNvNtNtCsc0ewR7g6M9t_7Snapfzz8commands6stream12load_session00B9_
FN:105,_RNCNCNvNtNtCsc0ewR7g6M9t_7Snapfzz8commands6stream12load_session0s0_0B9_
FN:102,_RNCNCNvNtNtCsc0ewR7g6M9t_7Snapfzz8commands6stream12load_session0s_0B9_
FN:30,_RNCNCNvNtNtCsc0ewR7g6M9t_7Snapfzz8commands6stream12send_message00B9_
FN:40,_RNCNCNvNtNtCsc0ewR7g6M9t_7Snapfzz8commands6stream12send_message0s0_0B9_
FN:43,_RNCNCNvNtNtCsc0ewR7g6M9t_7Snapfzz8commands6stream12send_message0s1_0B9_
FN:33,_RNCNCNvNtNtCsc0ewR7g6M9t_7Snapfzz8commands6stream12send_message0s_0B9_
FN:80,_RNCNCNvNtNtCsc0ewR7g6M9t_7Snapfzz8commands6stream14create_session00B9_
FN:85,_RNCNCNvNtNtCsc0ewR7g6M9t_7Snapfzz8commands6stream14create_session0s0_0B9_
FN:82,_RNCNCNvNtNtCsc0ewR7g6M9t_7Snapfzz8commands6stream14create_session0s_0B9_
FN:59,_RNCNCNvNtNtCsc0ewR7g6M9t_7Snapfzz8commands6stream15stop_generation00B9_
FN:61,_RNCNCNvNtNtCsc0ewR7g6M9t_7Snapfzz8commands6stream15stop_generation0s_0B9_
FN:92,_RNCNvNtNtCsc0ewR7g6M9t_7Snapfzz8commands6stream12load_session0B7_
FN:26,_RNCNvNtNtCsc0ewR7g6M9t_7Snapfzz8commands6stream12send_message0B7_
FN:69,_RNCNvNtNtCsc0ewR7g6M9t_7Snapfzz8commands6stream14create_session0B7_
FN:50,_RNCNvNtNtCsc0ewR7g6M9t_7Snapfzz8commands6stream15stop_generation0B7_
FN:116,_RNvNtNtNtCsc0ewR7g6M9t_7Snapfzz8commands6stream5tests12make_request
FN:128,_RNvNtNtNtCsc0ewR7g6M9t_7Snapfzz8commands6stream5tests13setup_webview
FN:209,_RNvNtNtNtCsc0ewR7g6M9t_7Snapfzz8commands6stream5testss_54a014_commands_stream_session_info_accepts_alias_fields
FN:219,_RNvNtNtNtCsc0ewR7g6M9t_7Snapfzz8commands6stream5testss_58a014_commands_stream_send_message_requires_channel_payload
FN:292,_RNvNtNtNtCsc0ewR7g6M9t_7Snapfzz8commands6stream5testss_58a014_commands_stream_session_info_accepts_camel_case_input
FN:273,_RNvNtNtNtCsc0ewR7g6M9t_7Snapfzz8commands6stream5testss_71a014_commands_stream_ipc_stop_generation_requires_session_id_camel_case
FN:180,_RNvNtNtNtCsc0ewR7g6M9t_7Snapfzz8commands6stream5testss_73a014_commands_stream_ipc_stop_load_and_create_fail_cleanly_without_server
FN:150,_RNvNtNtNtCsc0ewR7g6M9t_7Snapfzz8commands6stream5testss_74a014_commands_stream_ipc_send_message_rejects_when_invoke_budget_exhausted
FN:244,_RNvNtNtNtCsc0ewR7g6M9t_7Snapfzz8commands6stream5testss_80a014_commands_stream_ipc_send_message_uses_unknown_plugin_when_plugin_id_missing
FN:88,_RNCNCNCNvNtNtNtCsc0ewR7g6M9t_7Snapfzz8commands6stream5tests13setup_webview000Bd_
FN:46,_RNCNCNCNvNtNtNtCsc0ewR7g6M9t_7Snapfzz8commands6stream5tests13setup_webview0s0_00Bd_
FN:18,_RNCNCNCNvNtNtNtCsc0ewR7g6M9t_7Snapfzz8commands6stream5tests13setup_webview0s1_00Bd_
FN:65,_RNCNCNCNvNtNtNtCsc0ewR7g6M9t_7Snapfzz8commands6stream5tests13setup_webview0s_00Bd_
FN:215,_RNCNvNtNtNtCsc0ewR7g6M9t_7Snapfzz8commands6stream5testss_54a014_commands_stream_session_info_accepts_alias_fields0B9_
FN:299,_RNCNvNtNtNtCsc0ewR7g6M9t_7Snapfzz8commands6stream5testss_58a014_commands_stream_session_info_accepts_camel_case_input0B9_
FN:89,_RNvNtNtCsc0ewR7g6M9t_7Snapfzz8commands6stream12load_session
FN:19,_RNvNtNtCsc0ewR7g6M9t_7Snapfzz8commands6stream12send_message
FN:66,_RNvNtNtCsc0ewR7g6M9t_7Snapfzz8commands6stream14create_session
FN:47,_RNvNtNtCsc0ewR7g6M9t_7Snapfzz8commands6stream15stop_generation
FNDA:0,_RNCNCNCNvCsc0ewR7g6M9t_7Snapfzz4mains2_0si_00B7_
FNDA:0,_RNCNCNCNvCsc0ewR7g6M9t_7Snapfzz4mains2_0sj_00B7_
FNDA:0,_RNCNCNCNvCsc0ewR7g6M9t_7Snapfzz4mains2_0sk_00B7_
FNDA:0,_RNCNCNCNvCsc0ewR7g6M9t_7Snapfzz4mains2_0sl_00B7_
FNDA:0,_RNCNCNCNvNtNtCsc0ewR7g6M9t_7Snapfzz8commands6stream12send_message0s0_00Bb_
FNDA:1,_RNCNCNvNtNtCsc0ewR7g6M9t_7Snapfzz8commands6stream12load_session00B9_
FNDA:0,_RNCNCNvNtNtCsc0ewR7g6M9t_7Snapfzz8commands6stream12load_session0s0_0B9_
FNDA:0,_RNCNCNvNtNtCsc0ewR7g6M9t_7Snapfzz8commands6stream12load_session0s_0B9_
FNDA:2,_RNCNCNvNtNtCsc0ewR7g6M9t_7Snapfzz8commands6stream12send_message00B9_
FNDA:0,_RNCNCNvNtNtCsc0ewR7g6M9t_7Snapfzz8commands6stream12send_message0s0_0B9_
FNDA:0,_RNCNCNvNtNtCsc0ewR7g6M9t_7Snapfzz8commands6stream12send_message0s1_0B9_
FNDA:0,_RNCNCNvNtNtCsc0ewR7g6M9t_7Snapfzz8commands6stream12send_message0s_0B9_
FNDA:1,_RNCNCNvNtNtCsc0ewR7g6M9t_7Snapfzz8commands6stream14create_session00B9_
FNDA:0,_RNCNCNvNtNtCsc0ewR7g6M9t_7Snapfzz8commands6stream14create_session0s0_0B9_
FNDA:0,_RNCNCNvNtNtCsc0ewR7g6M9t_7Snapfzz8commands6stream14create_session0s_0B9_
FNDA:1,_RNCNCNvNtNtCsc0ewR7g6M9t_7Snapfzz8commands6stream15stop_generation00B9_
FNDA:0,_RNCNCNvNtNtCsc0ewR7g6M9t_7Snapfzz8commands6stream15stop_generation0s_0B9_
FNDA:1,_RNCNvNtNtCsc0ewR7g6M9t_7Snapfzz8commands6stream12load_session0B7_
FNDA:2,_RNCNvNtNtCsc0ewR7g6M9t_7Snapfzz8commands6stream12send_message0B7_
FNDA:1,_RNCNvNtNtCsc0ewR7g6M9t_7Snapfzz8commands6stream14create_session0B7_
FNDA:1,_RNCNvNtNtCsc0ewR7g6M9t_7Snapfzz8commands6stream15stop_generation0B7_
FNDA:7,_RNvNtNtNtCsc0ewR7g6M9t_7Snapfzz8commands6stream5tests12make_request
FNDA:5,_RNvNtNtNtCsc0ewR7g6M9t_7Snapfzz8commands6stream5tests13setup_webview
FNDA:1,_RNvNtNtNtCsc0ewR7g6M9t_7Snapfzz8commands6stream5testss_54a014_commands_stream_session_info_accepts_alias_fields
FNDA:1,_RNvNtNtNtCsc0ewR7g6M9t_7Snapfzz8commands6stream5testss_58a014_commands_stream_send_message_requires_channel_payload
FNDA:1,_RNvNtNtNtCsc0ewR7g6M9t_7Snapfzz8commands6stream5testss_58a014_commands_stream_session_info_accepts_camel_case_input
FNDA:1,_RNvNtNtNtCsc0ewR7g6M9t_7Snapfzz8commands6stream5testss_71a014_commands_stream_ipc_stop_generation_requires_session_id_camel_case
FNDA:1,_RNvNtNtNtCsc0ewR7g6M9t_7Snapfzz8commands6stream5testss_73a014_commands_stream_ipc_stop_load_and_create_fail_cleanly_without_server
FNDA:1,_RNvNtNtNtCsc0ewR7g6M9t_7Snapfzz8commands6stream5testss_74a014_commands_stream_ipc_send_message_rejects_when_invoke_budget_exhausted
FNDA:1,_RNvNtNtNtCsc0ewR7g6M9t_7Snapfzz8commands6stream5testss_80a014_commands_stream_ipc_send_message_uses_unknown_plugin_when_plugin_id_missing
FNDA:0,_RNCNCNCNvNtNtNtCsc0ewR7g6M9t_7Snapfzz8commands6stream5tests13setup_webview000Bd_
FNDA:0,_RNCNCNCNvNtNtNtCsc0ewR7g6M9t_7Snapfzz8commands6stream5tests13setup_webview0s0_00Bd_
FNDA:0,_RNCNCNCNvNtNtNtCsc0ewR7g6M9t_7Snapfzz8commands6stream5tests13setup_webview0s1_00Bd_
FNDA:0,_RNCNCNCNvNtNtNtCsc0ewR7g6M9t_7Snapfzz8commands6stream5tests13setup_webview0s_00Bd_
FNDA:1,_RNCNvNtNtNtCsc0ewR7g6M9t_7Snapfzz8commands6stream5testss_54a014_commands_stream_session_info_accepts_alias_fields0B9_
FNDA:1,_RNCNvNtNtNtCsc0ewR7g6M9t_7Snapfzz8commands6stream5testss_58a014_commands_stream_session_info_accepts_camel_case_input0B9_
FNDA:1,_RNvNtNtCsc0ewR7g6M9t_7Snapfzz8commands6stream12load_session
FNDA:2,_RNvNtNtCsc0ewR7g6M9t_7Snapfzz8commands6stream12send_message
FNDA:1,_RNvNtNtCsc0ewR7g6M9t_7Snapfzz8commands6stream14create_session
FNDA:1,_RNvNtNtCsc0ewR7g6M9t_7Snapfzz8commands6stream15stop_generation
FNF:36
FNH:23
DA:18,0
DA:19,2
DA:20,2
DA:21,2
DA:22,2
DA:23,2
DA:24,2
DA:25,2
DA:26,2
DA:27,2
DA:28,2
DA:29,2
DA:30,2
DA:31,0
DA:32,0
DA:33,0
DA:35,0
DA:36,0
DA:37,0
DA:38,0
DA:39,0
DA:40,0
DA:42,0
DA:43,0
DA:44,2
DA:46,0
DA:47,1
DA:48,1
DA:49,1
DA:50,1
DA:51,1
DA:52,1
DA:53,1
DA:54,1
DA:55,1
DA:56,1
DA:57,1
DA:58,1
DA:59,1
DA:60,0
DA:61,0
DA:62,0
DA:63,1
DA:65,0
DA:66,1
DA:67,1
DA:68,1
DA:69,1
DA:70,1
DA:71,1
DA:72,1
DA:73,1
DA:74,0
DA:77,1
DA:78,1
DA:79,1
DA:80,1
DA:81,0
DA:82,0
DA:83,0
DA:84,0
DA:85,0
DA:86,1
DA:88,0
DA:89,1
DA:90,1
DA:91,1
DA:92,1
DA:93,1
DA:94,1
DA:95,1
DA:96,1
DA:97,1
DA:98,1
DA:99,1
DA:100,1
DA:101,0
DA:102,0
DA:103,0
DA:104,0
DA:105,0
DA:106,1
DA:116,7
DA:117,7
DA:118,7
DA:119,7
DA:120,7
DA:121,7
DA:122,7
DA:123,7
DA:124,7
DA:125,7
DA:126,7
DA:128,5
DA:129,5
DA:130,5
DA:131,5
DA:132,5
DA:133,5
DA:134,5
DA:135,5
DA:141,5
DA:142,5
DA:144,5
DA:145,5
DA:146,5
DA:147,5
DA:150,1
DA:151,1
DA:152,1
DA:153,1
DA:154,1
DA:156,1
DA:157,1
DA:158,1
DA:160,1
DA:161,1
DA:162,1
DA:163,1
DA:164,1
DA:165,1
DA:166,1
DA:167,1
DA:168,1
DA:172,1
DA:174,1
DA:175,1
DA:176,1
DA:177,1
DA:180,1
DA:181,1
DA:182,1
DA:183,1
DA:184,1
DA:186,1
DA:187,1
DA:188,1
DA:190,1
DA:191,1
DA:193,1
DA:194,1
DA:195,1
DA:197,1
DA:198,1
DA:200,1
DA:201,1
DA:202,1
DA:204,1
DA:205,1
DA:206,1
DA:209,1
DA:210,1
DA:211,1
DA:213,1
DA:214,1
DA:215,1
DA:216,1
DA:219,1
DA:220,1
DA:221,1
DA:222,1
DA:223,1
DA:225,1
DA:226,1
DA:227,1
DA:228,1
DA:229,1
DA:230,1
DA:231,1
DA:232,1
DA:233,1
DA:237,1
DA:239,1
DA:240,1
DA:241,1
DA:244,1
DA:245,1
DA:246,1
DA:247,1
DA:248,1
DA:250,1
DA:251,1
DA:252,1
DA:254,1
DA:255,1
DA:256,1
DA:257,1
DA:258,1
DA:259,1
DA:260,1
DA:261,1
DA:262,1
DA:266,1
DA:268,1
DA:269,1
DA:270,1
DA:273,1
DA:274,1
DA:275,1
DA:276,1
DA:277,1
DA:279,1
DA:280,1
DA:281,1
DA:282,1
DA:283,1
DA:286,1
DA:288,1
DA:289,1
DA:292,1
DA:293,1
DA:294,1
DA:296,1
DA:297,1
DA:298,1
DA:299,1
DA:302,1
BRF:0
BRH:0
LF:235
LH:198
end_of_record
SF:/Users/mrk/Workspace/Agentic/research/snapfzz-startup-launcher/src-tauri/src/commands/system.rs
FN:137,_RNCNCNCNvCsc0ewR7g6M9t_7Snapfzz4mains2_0sd_00B7_
FN:128,_RNCNCNCNvCsc0ewR7g6M9t_7Snapfzz4mains2_0se_00B7_
FN:103,_RNCNCNCNvCsc0ewR7g6M9t_7Snapfzz4mains2_0sf_00B7_
FN:70,_RNCNCNCNvCsc0ewR7g6M9t_7Snapfzz4mains2_0sg_00B7_
FN:56,_RNCNCNCNvCsc0ewR7g6M9t_7Snapfzz4mains2_0sh_00B7_
FN:129,_RNvNtNtCsc0ewR7g6M9t_7Snapfzz8commands6system11pick_folder
FN:71,_RNvNtNtCsc0ewR7g6M9t_7Snapfzz8commands6system16open_preferences
FN:57,_RNvNtNtCsc0ewR7g6M9t_7Snapfzz8commands6system12agent_health
FN:36,_RNvNtNtCsc0ewR7g6M9t_7Snapfzz8commands6system12snapfzz_home
FN:138,_RNvNtNtCsc0ewR7g6M9t_7Snapfzz8commands6system16preflight_status
FN:13,_RNvNtNtCsc0ewR7g6M9t_7Snapfzz8commands6system19resolve_open_target
FN:40,_RNvNtNtCsc0ewR7g6M9t_7Snapfzz8commands6system25validate_open_path_target
FN:104,_RNvNtNtCsc0ewR7g6M9t_7Snapfzz8commands6system9open_path
FN:137,_RNCNCNCNvNtNtNtCsc0ewR7g6M9t_7Snapfzz8commands6system5tests13setup_webview000Bd_
FN:56,_RNCNCNCNvNtNtNtCsc0ewR7g6M9t_7Snapfzz8commands6system5tests13setup_webview0s0_00Bd_
FN:103,_RNCNCNCNvNtNtNtCsc0ewR7g6M9t_7Snapfzz8commands6system5tests13setup_webview0s_00Bd_
FN:137,_RNCNCNCNvNtNtNtCsc0ewR7g6M9t_7Snapfzz8commands6system5testss_56a014_commands_system_ipc_preflight_status_requires_state000Bd_
FN:195,_RNCNvNtNtNtCsc0ewR7g6M9t_7Snapfzz8commands6system5testss_74a014_commands_system_ipc_agent_health_reports_disconnected_without_process0B9_
FN:134,_RNCNCNvNtNtCsc0ewR7g6M9t_7Snapfzz8commands6system11pick_folder00B9_
FN:77,_RNCNCNvNtNtCsc0ewR7g6M9t_7Snapfzz8commands6system16open_preferences00B9_
FN:98,_RNCNCNvNtNtCsc0ewR7g6M9t_7Snapfzz8commands6system16open_preferences0s0_0B9_
FN:80,_RNCNCNvNtNtCsc0ewR7g6M9t_7Snapfzz8commands6system16open_preferences0s_0B9_
FN:111,_RNCNCNvNtNtCsc0ewR7g6M9t_7Snapfzz8commands6system9open_path00B9_
FN:129,_RNCNvNtNtCsc0ewR7g6M9t_7Snapfzz8commands6system11pick_folder0B7_
FN:59,_RNCNvNtNtCsc0ewR7g6M9t_7Snapfzz8commands6system12agent_health0B7_
FN:71,_RNCNvNtNtCsc0ewR7g6M9t_7Snapfzz8commands6system16open_preferences0B7_
FN:140,_RNCNvNtNtCsc0ewR7g6M9t_7Snapfzz8commands6system16preflight_status0B7_
FN:104,_RNCNvNtNtCsc0ewR7g6M9t_7Snapfzz8commands6system9open_path0B7_
FN:152,_RNvNtNtNtCsc0ewR7g6M9t_7Snapfzz8commands6system5tests12make_request
FN:164,_RNvNtNtNtCsc0ewR7g6M9t_7Snapfzz8commands6system5tests13setup_webview
FN:231,_RNvNtNtNtCsc0ewR7g6M9t_7Snapfzz8commands6system5testss_52a014_commands_system_ipc_open_path_accepts_https_url
FN:328,_RNvNtNtNtCsc0ewR7g6M9t_7Snapfzz8commands6system5testss_53a014_commands_system_snapfzz_home_uses_home_directory
FN:257,_RNvNtNtNtCsc0ewR7g6M9t_7Snapfzz8commands6system5testss_56a014_commands_system_ipc_preflight_status_requires_state
FN:245,_RNvNtNtNtCsc0ewR7g6M9t_7Snapfzz8commands6system5testss_57a014_commands_system_ipc_open_path_requires_path_argument
FN:272,_RNvNtNtNtCsc0ewR7g6M9t_7Snapfzz8commands6system5testss_60a014_commands_system_resolve_open_target_expands_tilde_paths
FN:301,_RNvNtNtNtCsc0ewR7g6M9t_7Snapfzz8commands6system5testss_63a014_commands_system_validate_open_path_target_allows_http_urls
FN:286,_RNvNtNtNtCsc0ewR7g6M9t_7Snapfzz8commands6system5testss_65a014_commands_system_validate_open_path_target_accepts_https_urls
FN:199,_RNvNtNtNtCsc0ewR7g6M9t_7Snapfzz8commands6system5testss_69a014_commands_system_ipc_open_path_and_preflight_status_cover_results
FN:306,_RNvNtNtNtCsc0ewR7g6M9t_7Snapfzz8commands6system5testss_70a014_commands_system_validate_open_path_target_allows_snapfzz_subpaths
FN:291,_RNvNtNtNtCsc0ewR7g6M9t_7Snapfzz8commands6system5testss_72a014_commands_system_validate_open_path_target_rejects_non_snapfzz_paths
FN:185,_RNvNtNtNtCsc0ewR7g6M9t_7Snapfzz8commands6system5testss_74a014_commands_system_ipc_agent_health_reports_disconnected_without_process
FN:280,_RNvNtNtNtCsc0ewR7g6M9t_7Snapfzz8commands6system5testss_82a014_commands_system_resolve_open_target_returns_error_for_missing_relative_parent
FNDA:0,_RNCNCNCNvCsc0ewR7g6M9t_7Snapfzz4mains2_0sd_00B7_
FNDA:0,_RNCNCNCNvCsc0ewR7g6M9t_7Snapfzz4mains2_0se_00B7_
FNDA:0,_RNCNCNCNvCsc0ewR7g6M9t_7Snapfzz4mains2_0sf_00B7_
FNDA:0,_RNCNCNCNvCsc0ewR7g6M9t_7Snapfzz4mains2_0sg_00B7_
FNDA:0,_RNCNCNCNvCsc0ewR7g6M9t_7Snapfzz4mains2_0sh_00B7_
FNDA:0,_RNvNtNtCsc0ewR7g6M9t_7Snapfzz8commands6system11pick_folder
FNDA:0,_RNvNtNtCsc0ewR7g6M9t_7Snapfzz8commands6system16open_preferences
FNDA:1,_RNvNtNtCsc0ewR7g6M9t_7Snapfzz8commands6system12agent_health
FNDA:4,_RNvNtNtCsc0ewR7g6M9t_7Snapfzz8commands6system12snapfzz_home
FNDA:1,_RNvNtNtCsc0ewR7g6M9t_7Snapfzz8commands6system16preflight_status
FNDA:5,_RNvNtNtCsc0ewR7g6M9t_7Snapfzz8commands6system19resolve_open_target
FNDA:6,_RNvNtNtCsc0ewR7g6M9t_7Snapfzz8commands6system25validate_open_path_target
FNDA:2,_RNvNtNtCsc0ewR7g6M9t_7Snapfzz8commands6system9open_path
FNDA:0,_RNCNCNCNvNtNtNtCsc0ewR7g6M9t_7Snapfzz8commands6system5tests13setup_webview000Bd_
FNDA:0,_RNCNCNCNvNtNtNtCsc0ewR7g6M9t_7Snapfzz8commands6system5tests13setup_webview0s0_00Bd_
FNDA:1,_RNCNCNCNvNtNtNtCsc0ewR7g6M9t_7Snapfzz8commands6system5tests13setup_webview0s_00Bd_
FNDA:1,_RNCNCNCNvNtNtNtCsc0ewR7g6M9t_7Snapfzz8commands6system5testss_56a014_commands_system_ipc_preflight_status_requires_state000Bd_
FNDA:1,_RNCNvNtNtNtCsc0ewR7g6M9t_7Snapfzz8commands6system5testss_74a014_commands_system_ipc_agent_health_reports_disconnected_without_process0B9_
FNDA:0,_RNCNCNvNtNtCsc0ewR7g6M9t_7Snapfzz8commands6system11pick_folder00B9_
FNDA:0,_RNCNCNvNtNtCsc0ewR7g6M9t_7Snapfzz8commands6system16open_preferences00B9_
FNDA:0,_RNCNCNvNtNtCsc0ewR7g6M9t_7Snapfzz8commands6system16open_preferences0s0_0B9_
FNDA:0,_RNCNCNvNtNtCsc0ewR7g6M9t_7Snapfzz8commands6system16open_preferences0s_0B9_
FNDA:0,_RNCNCNvNtNtCsc0ewR7g6M9t_7Snapfzz8commands6system9open_path00B9_
FNDA:0,_RNCNvNtNtCsc0ewR7g6M9t_7Snapfzz8commands6system11pick_folder0B7_
FNDA:1,_RNCNvNtNtCsc0ewR7g6M9t_7Snapfzz8commands6system12agent_health0B7_
FNDA:0,_RNCNvNtNtCsc0ewR7g6M9t_7Snapfzz8commands6system16open_preferences0B7_
FNDA:1,_RNCNvNtNtCsc0ewR7g6M9t_7Snapfzz8commands6system16preflight_status0B7_
FNDA:2,_RNCNvNtNtCsc0ewR7g6M9t_7Snapfzz8commands6system9open_path0B7_
FNDA:6,_RNvNtNtNtCsc0ewR7g6M9t_7Snapfzz8commands6system5tests12make_request
FNDA:4,_RNvNtNtNtCsc0ewR7g6M9t_7Snapfzz8commands6system5tests13setup_webview
FNDA:1,_RNvNtNtNtCsc0ewR7g6M9t_7Snapfzz8commands6system5testss_52a014_commands_system_ipc_open_path_accepts_https_url
FNDA:1,_RNvNtNtNtCsc0ewR7g6M9t_7Snapfzz8commands6system5testss_53a014_commands_system_snapfzz_home_uses_home_directory
FNDA:1,_RNvNtNtNtCsc0ewR7g6M9t_7Snapfzz8commands6system5testss_56a014_commands_system_ipc_preflight_status_requires_state
FNDA:1,_RNvNtNtNtCsc0ewR7g6M9t_7Snapfzz8commands6system5testss_57a014_commands_system_ipc_open_path_requires_path_argument
FNDA:1,_RNvNtNtNtCsc0ewR7g6M9t_7Snapfzz8commands6system5testss_60a014_commands_system_resolve_open_target_expands_tilde_paths
FNDA:1,_RNvNtNtNtCsc0ewR7g6M9t_7Snapfzz8commands6system5testss_63a014_commands_system_validate_open_path_target_allows_http_urls
FNDA:1,_RNvNtNtNtCsc0ewR7g6M9t_7Snapfzz8commands6system5testss_65a014_commands_system_validate_open_path_target_accepts_https_urls
FNDA:1,_RNvNtNtNtCsc0ewR7g6M9t_7Snapfzz8commands6system5testss_69a014_commands_system_ipc_open_path_and_preflight_status_cover_results
FNDA:1,_RNvNtNtNtCsc0ewR7g6M9t_7Snapfzz8commands6system5testss_70a014_commands_system_validate_open_path_target_allows_snapfzz_subpaths
FNDA:1,_RNvNtNtNtCsc0ewR7g6M9t_7Snapfzz8commands6system5testss_72a014_commands_system_validate_open_path_target_rejects_non_snapfzz_paths
FNDA:1,_RNvNtNtNtCsc0ewR7g6M9t_7Snapfzz8commands6system5testss_74a014_commands_system_ipc_agent_health_reports_disconnected_without_process
FNDA:1,_RNvNtNtNtCsc0ewR7g6M9t_7Snapfzz8commands6system5testss_82a014_commands_system_resolve_open_target_returns_error_for_missing_relative_parent
FNF:38
FNH:26
DA:13,5
DA:14,5
DA:15,1
DA:17,4
DA:20,5
DA:21,1
DA:22,4
DA:24,4
DA:25,4
DA:26,3
DA:27,3
DA:28,0
DA:30,1
DA:31,0
DA:33,1
DA:34,5
DA:36,4
DA:37,4
DA:38,4
DA:40,6
DA:41,6
DA:42,3
DA:43,3
DA:45,3
DA:46,3
DA:47,3
DA:49,3
DA:50,1
DA:51,2
DA:53,2
DA:54,6
DA:56,0
DA:57,1
DA:58,1
DA:59,1
DA:61,1
DA:62,0
DA:64,1
DA:66,1
DA:68,1
DA:70,0
DA:71,0
DA:74,0
DA:75,0
DA:76,0
DA:77,0
DA:78,0
DA:79,0
DA:80,0
DA:81,0
DA:82,0
DA:84,0
DA:85,0
DA:87,0
DA:90,0
DA:91,0
DA:92,0
DA:93,0
DA:94,0
DA:95,0
DA:96,0
DA:97,0
DA:98,0
DA:100,0
DA:101,0
DA:103,1
DA:104,2
DA:105,2
DA:108,1
DA:109,1
DA:110,1
DA:111,1
DA:125,1
DA:126,2
DA:128,0
DA:129,0
DA:130,0
DA:131,0
DA:132,0
DA:133,0
DA:134,0
DA:135,0
DA:137,1
DA:138,1
DA:139,1
DA:140,1
DA:141,1
DA:142,1
DA:152,6
DA:153,6
DA:154,6
DA:155,6
DA:156,6
DA:157,6
DA:158,6
DA:159,6
DA:160,6
DA:161,6
DA:162,6
DA:164,4
DA:165,4
DA:166,4
DA:167,4
DA:168,4
DA:169,4
DA:170,4
DA:171,4
DA:176,4
DA:177,4
DA:179,4
DA:180,4
DA:181,4
DA:182,4
DA:185,1
DA:186,1
DA:187,1
DA:189,1
DA:191,1
DA:192,1
DA:193,1
DA:194,1
DA:195,1
DA:196,1
DA:199,1
DA:200,1
DA:201,1
DA:203,1
DA:204,1
DA:205,1
DA:206,1
DA:207,1
DA:208,1
DA:209,1
DA:210,1
DA:212,1
DA:213,1
DA:214,1
DA:216,1
DA:217,1
DA:218,1
DA:222,1
DA:223,1
DA:224,1
DA:225,1
DA:226,1
DA:227,1
DA:228,1
DA:231,1
DA:232,1
DA:233,1
DA:235,1
DA:237,1
DA:238,1
DA:239,1
DA:241,1
DA:242,1
DA:245,1
DA:246,1
DA:247,1
DA:249,1
DA:251,1
DA:252,1
DA:253,1
DA:254,1
DA:257,1
DA:258,1
DA:259,1
DA:260,1
DA:261,1
DA:262,1
DA:263,1
DA:264,1
DA:266,1
DA:267,1
DA:268,1
DA:269,1
DA:272,1
DA:273,1
DA:274,1
DA:275,1
DA:276,1
DA:277,1
DA:280,1
DA:281,1
DA:282,1
DA:283,1
DA:286,1
DA:287,1
DA:288,1
DA:291,1
DA:292,1
DA:293,1
DA:294,1
DA:295,1
DA:298,1
DA:301,1
DA:302,1
DA:303,1
DA:306,1
DA:307,1
DA:308,1
DA:309,1
DA:310,1
DA:311,1
DA:313,1
DA:314,1
DA:315,1
DA:317,1
DA:319,1
DA:320,1
DA:321,0
DA:324,1
DA:325,1
DA:328,1
DA:329,1
DA:330,1
DA:331,1
DA:332,1
DA:333,1
BRF:0
BRH:0
LF:230
LH:185
end_of_record
SF:/Users/mrk/Workspace/Agentic/research/snapfzz-startup-launcher/src-tauri/src/commands/vault.rs
FN:56,_RNCNCNCNvCsc0ewR7g6M9t_7Snapfzz4mains2_0sA_00B7_
FN:44,_RNCNCNCNvCsc0ewR7g6M9t_7Snapfzz4mains2_0sB_00B7_
FN:31,_RNCNCNCNvCsc0ewR7g6M9t_7Snapfzz4mains2_0sC_00B7_
FN:18,_RNCNCNCNvCsc0ewR7g6M9t_7Snapfzz4mains2_0sD_00B7_
FN:67,_RNCNCNCNvCsc0ewR7g6M9t_7Snapfzz4mains2_0sz_00B7_
FN:86,_RNvNtNtNtCsc0ewR7g6M9t_7Snapfzz8commands5vault5tests12make_request
FN:98,_RNvNtNtNtCsc0ewR7g6M9t_7Snapfzz8commands5vault5tests13setup_webview
FN:223,_RNvNtNtNtCsc0ewR7g6M9t_7Snapfzz8commands5vault5testss_42a014_commands_vault_rejects_plugin_callers
FN:185,_RNvNtNtNtCsc0ewR7g6M9t_7Snapfzz8commands5vault5testss_45a014_commands_vault_ipc_rejects_plugin_caller
FN:207,_RNvNtNtNtCsc0ewR7g6M9t_7Snapfzz8commands5vault5testss_51a014_commands_vault_ipc_rejects_uninitialized_vault
FN:124,_RNvNtNtNtCsc0ewR7g6M9t_7Snapfzz8commands5vault5testss_57a014_commands_vault_ipc_crud_round_trip_for_system_caller
FN:229,_RNvNtNtNtCsc0ewR7g6M9t_7Snapfzz8commands5vault5testss_63a014_commands_vault_allows_system_caller_when_plugin_id_missing
FN:247,_RNvNtNtNtCsc0ewR7g6M9t_7Snapfzz8commands5vault5testss_63a014_commands_vault_ensure_initialized_allows_initialized_vault
FN:235,_RNvNtNtNtCsc0ewR7g6M9t_7Snapfzz8commands5vault5testss_66a014_commands_vault_ensure_initialized_rejects_uninitialized_vault
FN:64,_RNCNCNvNtNtCsc0ewR7g6M9t_7Snapfzz8commands5vault10vault_list00B9_
FN:40,_RNCNCNvNtNtCsc0ewR7g6M9t_7Snapfzz8commands5vault10vault_read00B9_
FN:41,_RNCNCNvNtNtCsc0ewR7g6M9t_7Snapfzz8commands5vault10vault_read0s_0B9_
FN:28,_RNCNCNvNtNtCsc0ewR7g6M9t_7Snapfzz8commands5vault11vault_store00B9_
FN:53,_RNCNCNvNtNtCsc0ewR7g6M9t_7Snapfzz8commands5vault12vault_delete00B9_
FN:60,_RNCNvNtNtCsc0ewR7g6M9t_7Snapfzz8commands5vault10vault_list0B7_
FN:36,_RNCNvNtNtCsc0ewR7g6M9t_7Snapfzz8commands5vault10vault_read0B7_
FN:24,_RNCNvNtNtCsc0ewR7g6M9t_7Snapfzz8commands5vault11vault_store0B7_
FN:49,_RNCNvNtNtCsc0ewR7g6M9t_7Snapfzz8commands5vault12vault_delete0B7_
FN:72,_RNCNvNtNtCsc0ewR7g6M9t_7Snapfzz8commands5vault9vault_has0B7_
FN:57,_RNvNtNtCsc0ewR7g6M9t_7Snapfzz8commands5vault10vault_list
FN:32,_RNvNtNtCsc0ewR7g6M9t_7Snapfzz8commands5vault10vault_read
FN:19,_RNvNtNtCsc0ewR7g6M9t_7Snapfzz8commands5vault11vault_store
FN:45,_RNvNtNtCsc0ewR7g6M9t_7Snapfzz8commands5vault12vault_delete
FN:11,_RNvNtNtCsc0ewR7g6M9t_7Snapfzz8commands5vault18ensure_initialized
FN:4,_RNvNtNtCsc0ewR7g6M9t_7Snapfzz8commands5vault26ensure_system_vault_caller
FN:68,_RNvNtNtCsc0ewR7g6M9t_7Snapfzz8commands5vault9vault_has
FN:67,_RNCNCNCNvNtNtNtCsc0ewR7g6M9t_7Snapfzz8commands5vault5tests13setup_webview000Bd_
FN:44,_RNCNCNCNvNtNtNtCsc0ewR7g6M9t_7Snapfzz8commands5vault5tests13setup_webview0s0_00Bd_
FN:31,_RNCNCNCNvNtNtNtCsc0ewR7g6M9t_7Snapfzz8commands5vault5tests13setup_webview0s1_00Bd_
FN:18,_RNCNCNCNvNtNtNtCsc0ewR7g6M9t_7Snapfzz8commands5vault5tests13setup_webview0s2_00Bd_
FN:56,_RNCNCNCNvNtNtNtCsc0ewR7g6M9t_7Snapfzz8commands5vault5tests13setup_webview0s_00Bd_
FNDA:0,_RNCNCNCNvCsc0ewR7g6M9t_7Snapfzz4mains2_0sA_00B7_
FNDA:0,_RNCNCNCNvCsc0ewR7g6M9t_7Snapfzz4mains2_0sB_00B7_
FNDA:0,_RNCNCNCNvCsc0ewR7g6M9t_7Snapfzz4mains2_0sC_00B7_
FNDA:0,_RNCNCNCNvCsc0ewR7g6M9t_7Snapfzz4mains2_0sD_00B7_
FNDA:0,_RNCNCNCNvCsc0ewR7g6M9t_7Snapfzz4mains2_0sz_00B7_
FNDA:7,_RNvNtNtNtCsc0ewR7g6M9t_7Snapfzz8commands5vault5tests12make_request
FNDA:3,_RNvNtNtNtCsc0ewR7g6M9t_7Snapfzz8commands5vault5tests13setup_webview
FNDA:1,_RNvNtNtNtCsc0ewR7g6M9t_7Snapfzz8commands5vault5testss_42a014_commands_vault_rejects_plugin_callers
FNDA:1,_RNvNtNtNtCsc0ewR7g6M9t_7Snapfzz8commands5vault5testss_45a014_commands_vault_ipc_rejects_plugin_caller
FNDA:1,_RNvNtNtNtCsc0ewR7g6M9t_7Snapfzz8commands5vault5testss_51a014_commands_vault_ipc_rejects_uninitialized_vault
FNDA:1,_RNvNtNtNtCsc0ewR7g6M9t_7Snapfzz8commands5vault5testss_57a014_commands_vault_ipc_crud_round_trip_for_system_caller
FNDA:1,_RNvNtNtNtCsc0ewR7g6M9t_7Snapfzz8commands5vault5testss_63a014_commands_vault_allows_system_caller_when_plugin_id_missing
FNDA:1,_RNvNtNtNtCsc0ewR7g6M9t_7Snapfzz8commands5vault5testss_63a014_commands_vault_ensure_initialized_allows_initialized_vault
FNDA:1,_RNvNtNtNtCsc0ewR7g6M9t_7Snapfzz8commands5vault5testss_66a014_commands_vault_ensure_initialized_rejects_uninitialized_vault
FNDA:0,_RNCNCNvNtNtCsc0ewR7g6M9t_7Snapfzz8commands5vault10vault_list00B9_
FNDA:0,_RNCNCNvNtNtCsc0ewR7g6M9t_7Snapfzz8commands5vault10vault_read00B9_
FNDA:0,_RNCNCNvNtNtCsc0ewR7g6M9t_7Snapfzz8commands5vault10vault_read0s_0B9_
FNDA:0,_RNCNCNvNtNtCsc0ewR7g6M9t_7Snapfzz8commands5vault11vault_store00B9_
FNDA:0,_RNCNCNvNtNtCsc0ewR7g6M9t_7Snapfzz8commands5vault12vault_delete00B9_
FNDA:2,_RNCNvNtNtCsc0ewR7g6M9t_7Snapfzz8commands5vault10vault_list0B7_
FNDA:1,_RNCNvNtNtCsc0ewR7g6M9t_7Snapfzz8commands5vault10vault_read0B7_
FNDA:2,_RNCNvNtNtCsc0ewR7g6M9t_7Snapfzz8commands5vault11vault_store0B7_
FNDA:1,_RNCNvNtNtCsc0ewR7g6M9t_7Snapfzz8commands5vault12vault_delete0B7_
FNDA:1,_RNCNvNtNtCsc0ewR7g6M9t_7Snapfzz8commands5vault9vault_has0B7_
FNDA:2,_RNvNtNtCsc0ewR7g6M9t_7Snapfzz8commands5vault10vault_list
FNDA:1,_RNvNtNtCsc0ewR7g6M9t_7Snapfzz8commands5vault10vault_read
FNDA:2,_RNvNtNtCsc0ewR7g6M9t_7Snapfzz8commands5vault11vault_store
FNDA:1,_RNvNtNtCsc0ewR7g6M9t_7Snapfzz8commands5vault12vault_delete
FNDA:8,_RNvNtNtCsc0ewR7g6M9t_7Snapfzz8commands5vault18ensure_initialized
FNDA:9,_RNvNtNtCsc0ewR7g6M9t_7Snapfzz8commands5vault26ensure_system_vault_caller
FNDA:1,_RNvNtNtCsc0ewR7g6M9t_7Snapfzz8commands5vault9vault_has
FNDA:0,_RNCNCNCNvNtNtNtCsc0ewR7g6M9t_7Snapfzz8commands5vault5tests13setup_webview000Bd_
FNDA:0,_RNCNCNCNvNtNtNtCsc0ewR7g6M9t_7Snapfzz8commands5vault5tests13setup_webview0s0_00Bd_
FNDA:0,_RNCNCNCNvNtNtNtCsc0ewR7g6M9t_7Snapfzz8commands5vault5tests13setup_webview0s1_00Bd_
FNDA:0,_RNCNCNCNvNtNtNtCsc0ewR7g6M9t_7Snapfzz8commands5vault5tests13setup_webview0s2_00Bd_
FNDA:0,_RNCNCNCNvNtNtNtCsc0ewR7g6M9t_7Snapfzz8commands5vault5tests13setup_webview0s_00Bd_
FNF:31
FNH:21
DA:4,9
DA:5,9
DA:6,2
DA:7,7
DA:8,7
DA:9,9
DA:11,8
DA:12,8
DA:13,2
DA:14,6
DA:15,6
DA:16,8
DA:18,0
DA:19,2
DA:20,2
DA:21,2
DA:22,2
DA:23,2
DA:24,2
DA:25,2
DA:26,1
DA:27,1
DA:28,1
DA:29,2
DA:31,0
DA:32,1
DA:33,1
DA:34,1
DA:35,1
DA:36,1
DA:37,1
DA:38,1
DA:39,1
DA:40,1
DA:41,1
DA:42,1
DA:44,0
DA:45,1
DA:46,1
DA:47,1
DA:48,1
DA:49,1
DA:50,1
DA:51,1
DA:52,1
DA:53,1
DA:54,1
DA:56,0
DA:57,2
DA:58,2
DA:59,2
DA:60,2
DA:61,2
DA:62,2
DA:63,2
DA:64,1
DA:65,2
DA:67,0
DA:68,1
DA:69,1
DA:70,1
DA:71,1
DA:72,1
DA:73,1
DA:74,1
DA:75,1
DA:76,1
DA:77,1
DA:86,7
DA:87,7
DA:88,7
DA:89,7
DA:90,7
DA:91,7
DA:92,7
DA:93,7
DA:94,7
DA:95,7
DA:96,7
DA:98,3
DA:99,3
DA:100,3
DA:101,3
DA:102,3
DA:103,3
DA:104,3
DA:105,3
DA:106,3
DA:113,3
DA:114,3
DA:116,3
DA:117,3
DA:118,3
DA:120,3
DA:121,3
DA:124,1
DA:125,1
DA:126,1
DA:127,1
DA:128,1
DA:130,1
DA:132,1
DA:133,1
DA:134,1
DA:135,1
DA:136,1
DA:139,1
DA:141,1
DA:142,1
DA:143,1
DA:144,1
DA:145,1
DA:148,1
DA:149,1
DA:150,1
DA:151,1
DA:153,1
DA:154,1
DA:155,1
DA:156,1
DA:157,1
DA:160,1
DA:161,1
DA:162,1
DA:163,1
DA:165,1
DA:166,1
DA:167,1
DA:169,1
DA:170,1
DA:171,1
DA:172,1
DA:174,1
DA:175,1
DA:176,1
DA:177,1
DA:178,1
DA:181,1
DA:182,1
DA:185,1
DA:186,1
DA:187,1
DA:188,1
DA:189,1
DA:191,1
DA:193,1
DA:194,1
DA:195,1
DA:196,1
DA:197,1
DA:200,1
DA:202,1
DA:203,1
DA:204,1
DA:207,1
DA:208,1
DA:209,1
DA:210,1
DA:212,1
DA:213,1
DA:214,1
DA:216,1
DA:218,1
DA:219,1
DA:220,1
DA:223,1
DA:224,1
DA:225,1
DA:226,1
DA:229,1
DA:230,1
DA:231,1
DA:232,1
DA:235,1
DA:236,1
DA:237,1
DA:239,1
DA:240,1
DA:241,1
DA:242,1
DA:243,1
DA:244,1
DA:247,1
DA:248,1
DA:249,1
DA:250,1
DA:252,1
DA:253,1
BRF:0
BRH:0
LF:198
LH:188
end_of_record
SF:/Users/mrk/Workspace/Agentic/research/snapfzz-startup-launcher/src-tauri/src/fonts.rs
FN:79,_RNCNCNCNvCsc0ewR7g6M9t_7Snapfzz4mains2_000B7_
FN:40,_RNCNCNCNvCsc0ewR7g6M9t_7Snapfzz4mains2_0s0_00B7_
FN:10,_RNCNCNCNvCsc0ewR7g6M9t_7Snapfzz4mains2_0s1_00B7_
FN:80,_RNvNtCsc0ewR7g6M9t_7Snapfzz5fonts11remove_font
FN:56,_RNvNtCsc0ewR7g6M9t_7Snapfzz5fonts20list_installed_fonts
FN:11,_RNvNtCsc0ewR7g6M9t_7Snapfzz5fonts21install_font_from_url
FN:41,_RNvNtCsc0ewR7g6M9t_7Snapfzz5fonts22install_font_from_file
FN:6,_RNvNtCsc0ewR7g6M9t_7Snapfzz5fonts9fonts_dir
FN:90,_RNCNCNvNtCsc0ewR7g6M9t_7Snapfzz5fonts11remove_font00B7_
FN:63,_RNCNCNvNtCsc0ewR7g6M9t_7Snapfzz5fonts20list_installed_fonts00B7_
FN:65,_RNCNCNvNtCsc0ewR7g6M9t_7Snapfzz5fonts20list_installed_fonts0s_0B7_
FN:16,_RNCNCNvNtCsc0ewR7g6M9t_7Snapfzz5fonts21install_font_from_url00B7_
FN:21,_RNCNCNvNtCsc0ewR7g6M9t_7Snapfzz5fonts21install_font_from_url0s0_0B7_
FN:24,_RNCNCNvNtCsc0ewR7g6M9t_7Snapfzz5fonts21install_font_from_url0s1_0B7_
FN:36,_RNCNCNvNtCsc0ewR7g6M9t_7Snapfzz5fonts21install_font_from_url0s2_0B7_
FN:19,_RNCNCNvNtCsc0ewR7g6M9t_7Snapfzz5fonts21install_font_from_url0s_0B7_
FN:42,_RNCNCNvNtCsc0ewR7g6M9t_7Snapfzz5fonts22install_font_from_file00B7_
FN:48,_RNCNCNvNtCsc0ewR7g6M9t_7Snapfzz5fonts22install_font_from_file0s0_0B7_
FN:51,_RNCNCNvNtCsc0ewR7g6M9t_7Snapfzz5fonts22install_font_from_file0s_0B7_
FN:80,_RNCNvNtCsc0ewR7g6M9t_7Snapfzz5fonts11remove_font0B5_
FN:56,_RNCNvNtCsc0ewR7g6M9t_7Snapfzz5fonts20list_installed_fonts0B5_
FN:11,_RNCNvNtCsc0ewR7g6M9t_7Snapfzz5fonts21install_font_from_url0B5_
FN:41,_RNCNvNtCsc0ewR7g6M9t_7Snapfzz5fonts22install_font_from_file0B5_
FNDA:0,_RNCNCNCNvCsc0ewR7g6M9t_7Snapfzz4mains2_000B7_
FNDA:0,_RNCNCNCNvCsc0ewR7g6M9t_7Snapfzz4mains2_0s0_00B7_
FNDA:0,_RNCNCNCNvCsc0ewR7g6M9t_7Snapfzz4mains2_0s1_00B7_
FNDA:0,_RNvNtCsc0ewR7g6M9t_7Snapfzz5fonts11remove_font
FNDA:0,_RNvNtCsc0ewR7g6M9t_7Snapfzz5fonts20list_installed_fonts
FNDA:0,_RNvNtCsc0ewR7g6M9t_7Snapfzz5fonts21install_font_from_url
FNDA:0,_RNvNtCsc0ewR7g6M9t_7Snapfzz5fonts22install_font_from_file
FNDA:0,_RNvNtCsc0ewR7g6M9t_7Snapfzz5fonts9fonts_dir
FNDA:0,_RNCNCNvNtCsc0ewR7g6M9t_7Snapfzz5fonts11remove_font00B7_
FNDA:0,_RNCNCNvNtCsc0ewR7g6M9t_7Snapfzz5fonts20list_installed_fonts00B7_
FNDA:0,_RNCNCNvNtCsc0ewR7g6M9t_7Snapfzz5fonts20list_installed_fonts0s_0B7_
FNDA:0,_RNCNCNvNtCsc0ewR7g6M9t_7Snapfzz5fonts21install_font_from_url00B7_
FNDA:0,_RNCNCNvNtCsc0ewR7g6M9t_7Snapfzz5fonts21install_font_from_url0s0_0B7_
FNDA:0,_RNCNCNvNtCsc0ewR7g6M9t_7Snapfzz5fonts21install_font_from_url0s1_0B7_
FNDA:0,_RNCNCNvNtCsc0ewR7g6M9t_7Snapfzz5fonts21install_font_from_url0s2_0B7_
FNDA:0,_RNCNCNvNtCsc0ewR7g6M9t_7Snapfzz5fonts21install_font_from_url0s_0B7_
FNDA:0,_RNCNCNvNtCsc0ewR7g6M9t_7Snapfzz5fonts22install_font_from_file00B7_
FNDA:0,_RNCNCNvNtCsc0ewR7g6M9t_7Snapfzz5fonts22install_font_from_file0s0_0B7_
FNDA:0,_RNCNCNvNtCsc0ewR7g6M9t_7Snapfzz5fonts22install_font_from_file0s_0B7_
FNDA:0,_RNCNvNtCsc0ewR7g6M9t_7Snapfzz5fonts11remove_font0B5_
FNDA:0,_RNCNvNtCsc0ewR7g6M9t_7Snapfzz5fonts20list_installed_fonts0B5_
FNDA:0,_RNCNvNtCsc0ewR7g6M9t_7Snapfzz5fonts21install_font_from_url0B5_
FNDA:0,_RNCNvNtCsc0ewR7g6M9t_7Snapfzz5fonts22install_font_from_file0B5_
FNF:23
FNH:0
DA:6,0
DA:7,0
DA:8,0
DA:10,0
DA:11,0
DA:12,0
DA:13,0
DA:14,0
DA:16,0
DA:17,0
DA:18,0
DA:19,0
DA:20,0
DA:21,0
DA:22,0
DA:23,0
DA:24,0
DA:26,0
DA:27,0
DA:28,0
DA:29,0
DA:30,0
DA:31,0
DA:33,0
DA:35,0
DA:36,0
DA:37,0
DA:38,0
DA:40,0
DA:41,0
DA:42,0
DA:43,0
DA:44,0
DA:46,0
DA:47,0
DA:48,0
DA:49,0
DA:51,0
DA:52,0
DA:53,0
DA:56,0
DA:57,0
DA:58,0
DA:59,0
DA:60,0
DA:62,0
DA:63,0
DA:64,0
DA:65,0
DA:66,0
DA:67,0
DA:68,0
DA:69,0
DA:70,0
DA:71,0
DA:72,0
DA:73,0
DA:76,0
DA:77,0
DA:79,0
DA:80,0
DA:81,0
DA:82,0
DA:83,0
DA:84,0
DA:86,0
DA:87,0
DA:88,0
DA:89,0
DA:90,0
DA:91,0
DA:92,0
DA:95,0
DA:96,0
DA:97,0
DA:99,0
DA:100,0
BRF:0
BRH:0
LF:92
LH:0
end_of_record
SF:/Users/mrk/Workspace/Agentic/research/snapfzz-startup-launcher/src-tauri/src/helpers.rs
FN:113,_RNvNtCsc0ewR7g6M9t_7Snapfzz7helpers16spawn_agentscope
FN:168,_RNCNvNtNtCsc0ewR7g6M9t_7Snapfzz7helpers5tests8cwd_lock0B7_
FN:173,_RNCNvNtNtCsc0ewR7g6M9t_7Snapfzz7helpers5tests8env_lock0B7_
FN:13,_RNvNtCsc0ewR7g6M9t_7Snapfzz7helpers12snapfzz_home
FN:97,_RNvNtCsc0ewR7g6M9t_7Snapfzz7helpers15emit_supervisor
FN:37,_RNvNtCsc0ewR7g6M9t_7Snapfzz7helpers16resolve_data_dir
FN:41,_RNvNtCsc0ewR7g6M9t_7Snapfzz7helpers19agentscope_base_url
FN:66,_RNvNtCsc0ewR7g6M9t_7Snapfzz7helpers20resolve_spawn_config
FN:17,_RNvNtCsc0ewR7g6M9t_7Snapfzz7helpers21resolve_data_dir_from
FN:52,_RNvNtCsc0ewR7g6M9t_7Snapfzz7helpers24resolve_intelligence_dir
FN:90,_RNvNtCsc0ewR7g6M9t_7Snapfzz7helpers6now_ms
FN:145,_RNvXNtCsc0ewR7g6M9t_7Snapfzz7helpersNtB2_10BootLoggerNtNtNtCsiI9bqR6k5px_14snapfzz_kernel4boot5hooks16OnPreflightReady18on_preflight_ready
FN:166,_RNvNtNtCsc0ewR7g6M9t_7Snapfzz7helpers5tests8cwd_lock
FN:171,_RNvNtNtCsc0ewR7g6M9t_7Snapfzz7helpers5tests8env_lock
FN:351,_RNvNtNtCsc0ewR7g6M9t_7Snapfzz7helpers5testss_40a014_helpers_spawn_failure_wraps_message
FN:357,_RNvNtNtCsc0ewR7g6M9t_7Snapfzz7helpers5testss_46a014_helpers_boot_logger_reports_ready_context
FN:346,_RNvNtNtCsc0ewR7g6M9t_7Snapfzz7helpers5testss_46a014_helpers_now_ms_returns_positive_timestamp
FN:327,_RNvNtNtCsc0ewR7g6M9t_7Snapfzz7helpers5testss_53a014_helpers_snapfzz_home_uses_current_home_directory
FN:244,_RNvNtNtCsc0ewR7g6M9t_7Snapfzz7helpers5testss_64a014_helpers_agentscope_base_url_honors_configured_host_and_port
FN:211,_RNvNtNtCsc0ewR7g6M9t_7Snapfzz7helpers5testss_68a004_persistence_resolve_data_dir_falls_back_when_pointer_is_corrupt
FN:289,_RNvNtNtCsc0ewR7g6M9t_7Snapfzz7helpers5testss_68a014_helpers_resolve_data_dir_uses_snapfzz_home_pointer_when_present
FN:184,_RNvNtNtCsc0ewR7g6M9t_7Snapfzz7helpers5testss_69a004_persistence_resolve_data_dir_reads_custom_path_from_pointer_json
FN:198,_RNvNtNtCsc0ewR7g6M9t_7Snapfzz7helpers5testss_70a004_persistence_resolve_data_dir_falls_back_when_pointer_path_missing
FN:272,_RNvNtNtCsc0ewR7g6M9t_7Snapfzz7helpers5testss_70a014_helpers_resolve_spawn_config_errors_when_intelligence_dir_missing
FN:177,_RNvNtNtCsc0ewR7g6M9t_7Snapfzz7helpers5testss_72a004_persistence_resolve_data_dir_returns_default_when_no_pointer_exists
FN:232,_RNvNtNtCsc0ewR7g6M9t_7Snapfzz7helpers5testss_72a014_helpers_agentscope_base_url_uses_defaults_when_host_or_port_invalid
FN:256,_RNvNtNtCsc0ewR7g6M9t_7Snapfzz7helpers5testss_77a014_helpers_resolve_spawn_config_reads_settings_and_detects_repo_root_layout
FN:219,_RNvNtNtCsc0ewR7g6M9t_7Snapfzz7helpers5testss_78a004_persistence_resolve_data_dir_falls_back_when_pointer_json_has_no_data_dir
FN:317,_RNvNtNtCsc0ewR7g6M9t_7Snapfzz7helpers5testss_80a014_helpers_resolve_data_dir_from_falls_back_when_pointer_content_is_unreadable
FN:109,_RINvNtCsc0ewR7g6M9t_7Snapfzz7helpers13spawn_failureNtNtCs5bkkNO3hTYU_5alloc6string6StringEB4_
FN:109,_RINvNtCsc0ewR7g6M9t_7Snapfzz7helpers13spawn_failureNtNtCsiI9bqR6k5px_14snapfzz_kernel7process12ProcessErrorEB4_
FN:109,_RINvNtCsc0ewR7g6M9t_7Snapfzz7helpers13spawn_failureReEB4_
FN:118,_RNCNvNtCsc0ewR7g6M9t_7Snapfzz7helpers16spawn_agentscope0B5_
FN:25,_RNCNvNtCsc0ewR7g6M9t_7Snapfzz7helpers21resolve_data_dir_from0B5_
FN:53,_RNCNvNtCsc0ewR7g6M9t_7Snapfzz7helpers24resolve_intelligence_dir0B5_
FNDA:0,_RNvNtCsc0ewR7g6M9t_7Snapfzz7helpers16spawn_agentscope
FNDA:1,_RNCNvNtNtCsc0ewR7g6M9t_7Snapfzz7helpers5tests8cwd_lock0B7_
FNDA:1,_RNCNvNtNtCsc0ewR7g6M9t_7Snapfzz7helpers5tests8env_lock0B7_
FNDA:3,_RNvNtCsc0ewR7g6M9t_7Snapfzz7helpers12snapfzz_home
FNDA:0,_RNvNtCsc0ewR7g6M9t_7Snapfzz7helpers15emit_supervisor
FNDA:2,_RNvNtCsc0ewR7g6M9t_7Snapfzz7helpers16resolve_data_dir
FNDA:5,_RNvNtCsc0ewR7g6M9t_7Snapfzz7helpers19agentscope_base_url
FNDA:2,_RNvNtCsc0ewR7g6M9t_7Snapfzz7helpers20resolve_spawn_config
FNDA:8,_RNvNtCsc0ewR7g6M9t_7Snapfzz7helpers21resolve_data_dir_from
FNDA:2,_RNvNtCsc0ewR7g6M9t_7Snapfzz7helpers24resolve_intelligence_dir
FNDA:1,_RNvNtCsc0ewR7g6M9t_7Snapfzz7helpers6now_ms
FNDA:1,_RNvXNtCsc0ewR7g6M9t_7Snapfzz7helpersNtB2_10BootLoggerNtNtNtCsiI9bqR6k5px_14snapfzz_kernel4boot5hooks16OnPreflightReady18on_preflight_ready
FNDA:2,_RNvNtNtCsc0ewR7g6M9t_7Snapfzz7helpers5tests8cwd_lock
FNDA:2,_RNvNtNtCsc0ewR7g6M9t_7Snapfzz7helpers5tests8env_lock
FNDA:1,_RNvNtNtCsc0ewR7g6M9t_7Snapfzz7helpers5testss_40a014_helpers_spawn_failure_wraps_message
FNDA:1,_RNvNtNtCsc0ewR7g6M9t_7Snapfzz7helpers5testss_46a014_helpers_boot_logger_reports_ready_context
FNDA:1,_RNvNtNtCsc0ewR7g6M9t_7Snapfzz7helpers5testss_46a014_helpers_now_ms_returns_positive_timestamp
FNDA:1,_RNvNtNtCsc0ewR7g6M9t_7Snapfzz7helpers5testss_53a014_helpers_snapfzz_home_uses_current_home_directory
FNDA:1,_RNvNtNtCsc0ewR7g6M9t_7Snapfzz7helpers5testss_64a014_helpers_agentscope_base_url_honors_configured_host_and_port
FNDA:1,_RNvNtNtCsc0ewR7g6M9t_7Snapfzz7helpers5testss_68a004_persistence_resolve_data_dir_falls_back_when_pointer_is_corrupt
FNDA:1,_RNvNtNtCsc0ewR7g6M9t_7Snapfzz7helpers5testss_68a014_helpers_resolve_data_dir_uses_snapfzz_home_pointer_when_present
FNDA:1,_RNvNtNtCsc0ewR7g6M9t_7Snapfzz7helpers5testss_69a004_persistence_resolve_data_dir_reads_custom_path_from_pointer_json
FNDA:1,_RNvNtNtCsc0ewR7g6M9t_7Snapfzz7helpers5testss_70a004_persistence_resolve_data_dir_falls_back_when_pointer_path_missing
FNDA:1,_RNvNtNtCsc0ewR7g6M9t_7Snapfzz7helpers5testss_70a014_helpers_resolve_spawn_config_errors_when_intelligence_dir_missing
FNDA:1,_RNvNtNtCsc0ewR7g6M9t_7Snapfzz7helpers5testss_72a004_persistence_resolve_data_dir_returns_default_when_no_pointer_exists
FNDA:1,_RNvNtNtCsc0ewR7g6M9t_7Snapfzz7helpers5testss_72a014_helpers_agentscope_base_url_uses_defaults_when_host_or_port_invalid
FNDA:1,_RNvNtNtCsc0ewR7g6M9t_7Snapfzz7helpers5testss_77a014_helpers_resolve_spawn_config_reads_settings_and_detects_repo_root_layout
FNDA:1,_RNvNtNtCsc0ewR7g6M9t_7Snapfzz7helpers5testss_78a004_persistence_resolve_data_dir_falls_back_when_pointer_json_has_no_data_dir
FNDA:1,_RNvNtNtCsc0ewR7g6M9t_7Snapfzz7helpers5testss_80a014_helpers_resolve_data_dir_from_falls_back_when_pointer_content_is_unreadable
FNDA:0,_RINvNtCsc0ewR7g6M9t_7Snapfzz7helpers13spawn_failureNtNtCs5bkkNO3hTYU_5alloc6string6StringEB4_
FNDA:0,_RINvNtCsc0ewR7g6M9t_7Snapfzz7helpers13spawn_failureNtNtCsiI9bqR6k5px_14snapfzz_kernel7process12ProcessErrorEB4_
FNDA:1,_RINvNtCsc0ewR7g6M9t_7Snapfzz7helpers13spawn_failureReEB4_
FNDA:0,_RNCNvNtCsc0ewR7g6M9t_7Snapfzz7helpers16spawn_agentscope0B5_
FNDA:3,_RNCNvNtCsc0ewR7g6M9t_7Snapfzz7helpers21resolve_data_dir_from0B5_
FNDA:0,_RNCNvNtCsc0ewR7g6M9t_7Snapfzz7helpers24resolve_intelligence_dir0B5_
FNF:33
FNH:29
DA:13,3
DA:14,3
DA:15,3
DA:17,8
DA:18,8
DA:19,8
DA:20,2
DA:21,6
DA:23,6
DA:24,5
DA:25,4
DA:26,3
DA:27,3
DA:28,2
DA:29,1
DA:30,1
DA:31,1
DA:32,1
DA:34,4
DA:35,8
DA:37,2
DA:38,2
DA:39,2
DA:41,5
DA:42,5
DA:43,5
DA:44,1
DA:46,4
DA:48,5
DA:49,5
DA:50,5
DA:52,2
DA:53,2
DA:54,5
DA:55,2
DA:56,2
DA:57,2
DA:58,2
DA:59,5
DA:60,1
DA:61,4
DA:63,1
DA:64,2
DA:66,2
DA:67,2
DA:68,2
DA:69,0
DA:71,2
DA:75,2
DA:76,2
DA:77,2
DA:79,2
DA:90,1
DA:91,1
DA:92,1
DA:93,1
DA:94,1
DA:95,1
DA:97,0
DA:98,0
DA:99,0
DA:100,0
DA:101,0
DA:102,0
DA:103,0
DA:104,0
DA:105,0
DA:106,0
DA:107,0
DA:109,1
DA:110,1
DA:111,1
DA:113,0
DA:114,0
DA:115,0
DA:116,0
DA:117,0
DA:118,0
DA:119,0
DA:120,0
DA:121,0
DA:122,0
DA:123,0
DA:124,0
DA:125,0
DA:126,0
DA:127,0
DA:128,0
DA:129,0
DA:130,0
DA:131,0
DA:132,0
DA:133,0
DA:135,0
DA:136,0
DA:137,0
DA:138,0
DA:140,0
DA:145,1
DA:146,1
DA:147,1
DA:149,1
DA:150,1
DA:152,1
DA:153,1
DA:166,2
DA:168,2
DA:169,2
DA:171,2
DA:173,2
DA:174,2
DA:177,1
DA:178,1
DA:179,1
DA:180,1
DA:181,1
DA:184,1
DA:185,1
DA:186,1
DA:187,1
DA:188,1
DA:189,1
DA:190,1
DA:191,1
DA:193,1
DA:194,1
DA:195,1
DA:198,1
DA:199,1
DA:200,1
DA:201,1
DA:202,1
DA:203,1
DA:204,1
DA:206,1
DA:207,1
DA:208,1
DA:211,1
DA:212,1
DA:213,1
DA:214,1
DA:215,1
DA:216,1
DA:219,1
DA:220,1
DA:221,1
DA:222,1
DA:223,1
DA:224,1
DA:226,1
DA:228,1
DA:229,1
DA:232,1
DA:233,1
DA:234,1
DA:235,1
DA:236,1
DA:237,1
DA:238,1
DA:240,1
DA:241,1
DA:244,1
DA:245,1
DA:246,1
DA:247,1
DA:248,1
DA:249,1
DA:250,1
DA:252,1
DA:253,1
DA:256,1
DA:257,1
DA:258,1
DA:259,1
DA:260,1
DA:261,1
DA:262,1
DA:263,1
DA:265,1
DA:266,1
DA:267,1
DA:268,1
DA:269,1
DA:272,1
DA:273,1
DA:274,1
DA:275,1
DA:276,1
DA:278,1
DA:279,1
DA:281,1
DA:282,1
DA:283,1
DA:285,1
DA:286,1
DA:289,1
DA:290,1
DA:291,1
DA:292,1
DA:293,1
DA:294,1
DA:295,1
DA:297,1
DA:298,1
DA:299,1
DA:300,1
DA:302,1
DA:303,1
DA:304,1
DA:306,1
DA:308,1
DA:310,1
DA:311,1
DA:312,0
DA:314,1
DA:317,1
DA:318,1
DA:319,1
DA:320,1
DA:321,1
DA:323,1
DA:324,1
DA:327,1
DA:328,1
DA:329,1
DA:330,1
DA:331,1
DA:332,1
DA:333,1
DA:335,1
DA:337,1
DA:338,1
DA:339,0
DA:342,1
DA:343,1
DA:346,1
DA:347,1
DA:348,1
DA:351,1
DA:352,1
DA:353,1
DA:354,1
DA:357,1
DA:358,1
DA:359,1
DA:360,1
DA:361,1
DA:363,1
DA:364,1
DA:365,1
DA:366,1
BRF:0
BRH:0
LF:256
LH:214
end_of_record
SF:/Users/mrk/Workspace/Agentic/research/snapfzz-startup-launcher/src-tauri/src/main.rs
FN:84,_RNCINvNvCsc0ewR7g6M9t_7Snapfzz4main5innerppE0B6_
FN:89,_RNCNCNvCsc0ewR7g6M9t_7Snapfzz4mains1_00B5_
FN:39,_RNCNvCsc0ewR7g6M9t_7Snapfzz4main0B3_
FN:78,_RNCNvCsc0ewR7g6M9t_7Snapfzz4mains0_0B3_
FN:86,_RNCNvCsc0ewR7g6M9t_7Snapfzz4mains1_0B3_
FN:50,_RNCNvCsc0ewR7g6M9t_7Snapfzz4mains_0B3_
FN:23,_RNCNvXCsc0ewR7g6M9t_7SnapfzzNtB4_16VaultInitializerNtNtNtCsiI9bqR6k5px_14snapfzz_kernel4boot5hooks15OnPreflightInit17on_preflight_init0B4_
FN:25,_RNCNvXCsc0ewR7g6M9t_7SnapfzzNtB4_16VaultInitializerNtNtNtCsiI9bqR6k5px_14snapfzz_kernel4boot5hooks15OnPreflightInit17on_preflight_inits_0B4_
FN:31,_RNvCsc0ewR7g6M9t_7Snapfzz4main
FN:21,_RNvXCsc0ewR7g6M9t_7SnapfzzNtB2_16VaultInitializerNtNtNtCsiI9bqR6k5px_14snapfzz_kernel4boot5hooks15OnPreflightInit17on_preflight_init
FNDA:0,_RNCINvNvCsc0ewR7g6M9t_7Snapfzz4main5innerppE0B6_
FNDA:0,_RNCNCNvCsc0ewR7g6M9t_7Snapfzz4mains1_00B5_
FNDA:0,_RNCNvCsc0ewR7g6M9t_7Snapfzz4main0B3_
FNDA:0,_RNCNvCsc0ewR7g6M9t_7Snapfzz4mains0_0B3_
FNDA:0,_RNCNvCsc0ewR7g6M9t_7Snapfzz4mains1_0B3_
FNDA:0,_RNCNvCsc0ewR7g6M9t_7Snapfzz4mains_0B3_
FNDA:0,_RNCNvXCsc0ewR7g6M9t_7SnapfzzNtB4_16VaultInitializerNtNtNtCsiI9bqR6k5px_14snapfzz_kernel4boot5hooks15OnPreflightInit17on_preflight_init0B4_
FNDA:0,_RNCNvXCsc0ewR7g6M9t_7SnapfzzNtB4_16VaultInitializerNtNtNtCsiI9bqR6k5px_14snapfzz_kernel4boot5hooks15OnPreflightInit17on_preflight_inits_0B4_
FNDA:0,_RNvCsc0ewR7g6M9t_7Snapfzz4main
FNDA:0,_RNvXCsc0ewR7g6M9t_7SnapfzzNtB2_16VaultInitializerNtNtNtCsiI9bqR6k5px_14snapfzz_kernel4boot5hooks15OnPreflightInit17on_preflight_init
FNF:10
FNH:0
DA:21,0
DA:22,0
DA:23,0
DA:24,0
DA:25,0
DA:26,0
DA:27,0
DA:28,0
DA:31,0
DA:32,0
DA:33,0
DA:34,0
DA:35,0
DA:36,0
DA:38,0
DA:39,0
DA:40,0
DA:41,0
DA:42,0
DA:43,0
DA:45,0
DA:46,0
DA:47,0
DA:48,0
DA:49,0
DA:50,0
DA:53,0
DA:54,0
DA:56,0
DA:57,0
DA:58,0
DA:59,0
DA:60,0
DA:61,0
DA:62,0
DA:63,0
DA:78,0
DA:79,0
DA:80,0
DA:81,0
DA:82,0
DA:83,0
DA:84,0
DA:85,0
DA:86,0
DA:87,0
DA:88,0
DA:89,0
DA:90,0
DA:91,0
DA:92,0
DA:93,0
DA:94,0
BRF:0
BRH:0
LF:61
LH:0
end_of_record
SF:/Users/mrk/Workspace/Agentic/research/snapfzz-startup-launcher/src-tauri/src/menus.rs
FN:54,_RNCNCNvNtCsc0ewR7g6M9t_7Snapfzz5menus11setup_menus00B7_
FN:51,_RNCNvNtCsc0ewR7g6M9t_7Snapfzz5menus11setup_menus0B5_
FN:4,_RNvNtCsc0ewR7g6M9t_7Snapfzz5menus11setup_menus
FNDA:0,_RNCNCNvNtCsc0ewR7g6M9t_7Snapfzz5menus11setup_menus00B7_
FNDA:0,_RNCNvNtCsc0ewR7g6M9t_7Snapfzz5menus11setup_menus0B5_
FNDA:0,_RNvNtCsc0ewR7g6M9t_7Snapfzz5menus11setup_menus
FNF:3
FNH:0
DA:4,0
DA:8,0
DA:9,0
DA:10,0
DA:11,0
DA:13,0
DA:14,0
DA:15,0
DA:16,0
DA:17,0
DA:18,0
DA:19,0
DA:20,0
DA:21,0
DA:22,0
DA:23,0
DA:25,0
DA:26,0
DA:27,0
DA:28,0
DA:29,0
DA:30,0
DA:31,0
DA:32,0
DA:33,0
DA:35,0
DA:36,0
DA:37,0
DA:38,0
DA:39,0
DA:41,0
DA:42,0
DA:43,0
DA:44,0
DA:45,0
DA:46,0
DA:47,0
DA:48,0
DA:50,0
DA:51,0
DA:52,0
DA:53,0
DA:54,0
DA:55,0
DA:56,0
DA:58,0
DA:59,0
DA:60,0
DA:61,0
DA:62,0
DA:63,0
DA:64,0
DA:65,0
DA:67,0
DA:69,0
DA:70,0
DA:71,0
DA:72,0
DA:73,0
DA:74,0
DA:75,0
DA:76,0
DA:78,0
DA:79,0
DA:81,0
DA:82,0
BRF:0
BRH:0
LF:68
LH:0
end_of_record
SF:/Users/mrk/Workspace/Agentic/research/snapfzz-startup-launcher/src-tauri/src/metrics.rs
FN:9,_RNvNtCsc0ewR7g6M9t_7Snapfzz7metrics16run_metrics_loop
FN:16,_RNCNCNvNtCsc0ewR7g6M9t_7Snapfzz7metrics16run_metrics_loop00B7_
FN:33,_RNCNCNvNtCsc0ewR7g6M9t_7Snapfzz7metrics16run_metrics_loop0s_0B7_
FN:9,_RNCNvNtCsc0ewR7g6M9t_7Snapfzz7metrics16run_metrics_loop0B5_
FNDA:0,_RNvNtCsc0ewR7g6M9t_7Snapfzz7metrics16run_metrics_loop
FNDA:0,_RNCNCNvNtCsc0ewR7g6M9t_7Snapfzz7metrics16run_metrics_loop00B7_
FNDA:0,_RNCNCNvNtCsc0ewR7g6M9t_7Snapfzz7metrics16run_metrics_loop0s_0B7_
FNDA:0,_RNCNvNtCsc0ewR7g6M9t_7Snapfzz7metrics16run_metrics_loop0B5_
FNF:4
FNH:0
DA:9,0
DA:11,0
DA:12,0
DA:13,0
DA:14,0
DA:15,0
DA:16,0
DA:17,0
DA:19,0
DA:20,0
DA:21,0
DA:22,0
DA:23,0
DA:24,0
DA:25,0
DA:26,0
DA:27,0
DA:28,0
DA:29,0
DA:30,0
DA:31,0
DA:32,0
DA:33,0
DA:34,0
DA:35,0
DA:36,0
DA:37,0
DA:38,0
DA:39,0
DA:40,0
DA:42,0
DA:45,0
DA:46,0
DA:47,0
BRF:0
BRH:0
LF:37
LH:0
end_of_record