{"/Users/mrk/Workspace/Agentic/research/snapfzz-startup-launcher/plugins/settings-plugins/src/PluginsSettings.tsx": {"path":"/Users/mrk/Workspace/Agentic/research/snapfzz-startup-launcher/plugins/settings-plugins/src/PluginsSettings.tsx","all":false,"statementMap":{"0":{"start":{"line":1,"column":0},"end":{"line":1,"column":51}},"1":{"start":{"line":2,"column":0},"end":{"line":2,"column":60}},"2":{"start":{"line":3,"column":0},"end":{"line":3,"column":49}},"4":{"start":{"line":5,"column":0},"end":{"line":5,"column":28}},"26":{"start":{"line":27,"column":0},"end":{"line":27,"column":85}},"27":{"start":{"line":28,"column":0},"end":{"line":28,"column":57}},"28":{"start":{"line":29,"column":0},"end":{"line":29,"column":40}},"31":{"start":{"line":32,"column":0},"end":{"line":32,"column":59}},"32":{"start":{"line":33,"column":0},"end":{"line":33,"column":33}},"33":{"start":{"line":34,"column":0},"end":{"line":34,"column":1}},"35":{"start":{"line":36,"column":0},"end":{"line":36,"column":72}},"36":{"start":{"line":37,"column":0},"end":{"line":37,"column":38}},"37":{"start":{"line":38,"column":0},"end":{"line":38,"column":36}},"38":{"start":{"line":39,"column":0},"end":{"line":39,"column":17}},"39":{"start":{"line":40,"column":0},"end":{"line":40,"column":1}},"41":{"start":{"line":42,"column":0},"end":{"line":42,"column":63}},"42":{"start":{"line":43,"column":0},"end":{"line":43,"column":60}},"43":{"start":{"line":44,"column":0},"end":{"line":44,"column":47}},"45":{"start":{"line":46,"column":0},"end":{"line":46,"column":19}},"46":{"start":{"line":47,"column":0},"end":{"line":47,"column":34}},"47":{"start":{"line":48,"column":0},"end":{"line":48,"column":22}},"48":{"start":{"line":49,"column":0},"end":{"line":49,"column":47}},"49":{"start":{"line":50,"column":0},"end":{"line":50,"column":77}},"50":{"start":{"line":51,"column":0},"end":{"line":51,"column":19}},"51":{"start":{"line":52,"column":0},"end":{"line":52,"column":31}},"52":{"start":{"line":53,"column":0},"end":{"line":53,"column":36}},"53":{"start":{"line":54,"column":0},"end":{"line":54,"column":34}},"54":{"start":{"line":55,"column":0},"end":{"line":55,"column":34}},"55":{"start":{"line":56,"column":0},"end":{"line":56,"column":37}},"56":{"start":{"line":57,"column":0},"end":{"line":57,"column":12}},"57":{"start":{"line":58,"column":0},"end":{"line":58,"column":28}},"58":{"start":{"line":59,"column":0},"end":{"line":59,"column":8}},"59":{"start":{"line":60,"column":0},"end":{"line":60,"column":20}},"60":{"start":{"line":61,"column":0},"end":{"line":61,"column":23}},"61":{"start":{"line":62,"column":0},"end":{"line":62,"column":8}},"62":{"start":{"line":63,"column":0},"end":{"line":63,"column":40}},"63":{"start":{"line":64,"column":0},"end":{"line":64,"column":9}},"65":{"start":{"line":66,"column":0},"end":{"line":66,"column":61}},"66":{"start":{"line":67,"column":0},"end":{"line":67,"column":24}},"67":{"start":{"line":68,"column":0},"end":{"line":68,"column":61}},"68":{"start":{"line":69,"column":0},"end":{"line":69,"column":6}},"69":{"start":{"line":70,"column":0},"end":{"line":70,"column":68}},"70":{"start":{"line":71,"column":0},"end":{"line":71,"column":26}},"71":{"start":{"line":72,"column":0},"end":{"line":72,"column":73}},"72":{"start":{"line":73,"column":0},"end":{"line":73,"column":8}},"73":{"start":{"line":74,"column":0},"end":{"line":74,"column":7}},"74":{"start":{"line":75,"column":0},"end":{"line":75,"column":3}},"76":{"start":{"line":77,"column":0},"end":{"line":77,"column":10}},"77":{"start":{"line":78,"column":0},"end":{"line":78,"column":9}},"78":{"start":{"line":79,"column":0},"end":{"line":79,"column":40}},"79":{"start":{"line":80,"column":0},"end":{"line":80,"column":59}},"80":{"start":{"line":81,"column":0},"end":{"line":81,"column":24}},"81":{"start":{"line":82,"column":0},"end":{"line":82,"column":25}},"82":{"start":{"line":83,"column":0},"end":{"line":83,"column":28}},"83":{"start":{"line":84,"column":0},"end":{"line":84,"column":55}},"84":{"start":{"line":85,"column":0},"end":{"line":85,"column":33}},"85":{"start":{"line":86,"column":0},"end":{"line":86,"column":20}},"86":{"start":{"line":87,"column":0},"end":{"line":87,"column":27}},"87":{"start":{"line":88,"column":0},"end":{"line":88,"column":22}},"88":{"start":{"line":89,"column":0},"end":{"line":89,"column":21}},"89":{"start":{"line":90,"column":0},"end":{"line":90,"column":28}},"90":{"start":{"line":91,"column":0},"end":{"line":91,"column":40}},"91":{"start":{"line":92,"column":0},"end":{"line":92,"column":72}},"92":{"start":{"line":93,"column":0},"end":{"line":93,"column":52}},"93":{"start":{"line":94,"column":0},"end":{"line":94,"column":17}},"94":{"start":{"line":95,"column":0},"end":{"line":95,"column":14}},"96":{"start":{"line":97,"column":0},"end":{"line":97,"column":27}},"97":{"start":{"line":98,"column":0},"end":{"line":98,"column":21}},"98":{"start":{"line":99,"column":0},"end":{"line":99,"column":32}},"99":{"start":{"line":100,"column":0},"end":{"line":100,"column":51}},"100":{"start":{"line":101,"column":0},"end":{"line":101,"column":45}},"101":{"start":{"line":102,"column":0},"end":{"line":102,"column":55}},"102":{"start":{"line":103,"column":0},"end":{"line":103,"column":59}},"103":{"start":{"line":104,"column":0},"end":{"line":104,"column":76}},"104":{"start":{"line":105,"column":0},"end":{"line":105,"column":24}},"105":{"start":{"line":106,"column":0},"end":{"line":106,"column":24}},"107":{"start":{"line":108,"column":0},"end":{"line":108,"column":94}},"108":{"start":{"line":109,"column":0},"end":{"line":109,"column":14}},"109":{"start":{"line":110,"column":0},"end":{"line":110,"column":22}},"111":{"start":{"line":112,"column":0},"end":{"line":112,"column":8}},"112":{"start":{"line":113,"column":0},"end":{"line":113,"column":12}},"113":{"start":{"line":114,"column":0},"end":{"line":114,"column":10}},"115":{"start":{"line":116,"column":0},"end":{"line":116,"column":1}}},"s":{"0":1,"1":1,"2":1,"4":1,"26":19,"27":19,"28":19,"31":19,"32":19,"33":19,"35":19,"36":19,"37":3,"38":0,"39":0,"41":36,"42":36,"43":36,"45":36,"46":16,"47":16,"48":15,"49":15,"50":15,"51":15,"52":15,"53":15,"54":15,"55":15,"56":15,"57":15,"58":16,"59":16,"60":1,"61":16,"62":16,"63":36,"65":36,"66":3,"67":3,"68":3,"69":3,"70":1,"71":1,"72":1,"73":3,"74":3,"76":36,"77":36,"78":36,"79":36,"80":36,"81":36,"82":36,"83":36,"84":36,"85":19,"86":19,"87":19,"88":19,"89":19,"90":19,"91":19,"92":19,"93":19,"94":19,"96":19,"97":19,"98":19,"99":19,"100":19,"101":19,"102":19,"103":19,"104":19,"105":19,"107":19,"108":19,"109":19,"111":36,"112":36,"113":36,"115":36},"branchMap":{"0":{"type":"branch","line":27,"loc":{"start":{"line":27,"column":0},"end":{"line":34,"column":1}},"locations":[{"start":{"line":27,"column":0},"end":{"line":34,"column":1}}]},"1":{"type":"branch","line":32,"loc":{"start":{"line":32,"column":14},"end":{"line":32,"column":59}},"locations":[{"start":{"line":32,"column":14},"end":{"line":32,"column":59}}]},"2":{"type":"branch","line":36,"loc":{"start":{"line":36,"column":0},"end":{"line":40,"column":1}},"locations":[{"start":{"line":36,"column":0},"end":{"line":40,"column":1}}]},"3":{"type":"branch","line":37,"loc":{"start":{"line":37,"column":21},"end":{"line":37,"column":38}},"locations":[{"start":{"line":37,"column":21},"end":{"line":37,"column":38}}]},"4":{"type":"branch","line":37,"loc":{"start":{"line":37,"column":28},"end":{"line":38,"column":36}},"locations":[{"start":{"line":37,"column":28},"end":{"line":38,"column":36}}]},"5":{"type":"branch","line":38,"loc":{"start":{"line":38,"column":26},"end":{"line":40,"column":1}},"locations":[{"start":{"line":38,"column":26},"end":{"line":40,"column":1}}]},"6":{"type":"branch","line":42,"loc":{"start":{"line":42,"column":0},"end":{"line":116,"column":1}},"locations":[{"start":{"line":42,"column":0},"end":{"line":116,"column":1}}]},"7":{"type":"branch","line":46,"loc":{"start":{"line":46,"column":12},"end":{"line":64,"column":5}},"locations":[{"start":{"line":46,"column":12},"end":{"line":64,"column":5}}]},"8":{"type":"branch","line":48,"loc":{"start":{"line":48,"column":12},"end":{"line":59,"column":7}},"locations":[{"start":{"line":48,"column":12},"end":{"line":59,"column":7}}]},"9":{"type":"branch","line":50,"loc":{"start":{"line":50,"column":49},"end":{"line":50,"column":64}},"locations":[{"start":{"line":50,"column":49},"end":{"line":50,"column":64}}]},"10":{"type":"branch","line":50,"loc":{"start":{"line":50,"column":68},"end":{"line":57,"column":10}},"locations":[{"start":{"line":50,"column":68},"end":{"line":57,"column":10}}]},"11":{"type":"branch","line":52,"loc":{"start":{"line":52,"column":18},"end":{"line":52,"column":31}},"locations":[{"start":{"line":52,"column":18},"end":{"line":52,"column":31}}]},"12":{"type":"branch","line":53,"loc":{"start":{"line":53,"column":21},"end":{"line":53,"column":36}},"locations":[{"start":{"line":53,"column":21},"end":{"line":53,"column":36}}]},"13":{"type":"branch","line":54,"loc":{"start":{"line":54,"column":18},"end":{"line":54,"column":34}},"locations":[{"start":{"line":54,"column":18},"end":{"line":54,"column":34}}]},"14":{"type":"branch","line":55,"loc":{"start":{"line":55,"column":21},"end":{"line":55,"column":34}},"locations":[{"start":{"line":55,"column":21},"end":{"line":55,"column":34}}]},"15":{"type":"branch","line":56,"loc":{"start":{"line":56,"column":21},"end":{"line":56,"column":37}},"locations":[{"start":{"line":56,"column":21},"end":{"line":56,"column":37}}]},"16":{"type":"branch","line":60,"loc":{"start":{"line":60,"column":13},"end":{"line":62,"column":7}},"locations":[{"start":{"line":60,"column":13},"end":{"line":62,"column":7}}]},"17":{"type":"branch","line":63,"loc":{"start":{"line":63,"column":15},"end":{"line":63,"column":38}},"locations":[{"start":{"line":63,"column":15},"end":{"line":63,"column":38}}]},"18":{"type":"branch","line":66,"loc":{"start":{"line":66,"column":2},"end":{"line":75,"column":3}},"locations":[{"start":{"line":66,"column":2},"end":{"line":75,"column":3}}]},"19":{"type":"branch","line":67,"loc":{"start":{"line":67,"column":15},"end":{"line":68,"column":61}},"locations":[{"start":{"line":67,"column":15},"end":{"line":68,"column":61}}]},"20":{"type":"branch","line":68,"loc":{"start":{"line":68,"column":15},"end":{"line":68,"column":59}},"locations":[{"start":{"line":68,"column":15},"end":{"line":68,"column":59}}]},"21":{"type":"branch","line":68,"loc":{"start":{"line":68,"column":53},"end":{"line":68,"column":59}},"locations":[{"start":{"line":68,"column":53},"end":{"line":68,"column":59}}]},"22":{"type":"branch","line":70,"loc":{"start":{"line":70,"column":61},"end":{"line":74,"column":5}},"locations":[{"start":{"line":70,"column":61},"end":{"line":74,"column":5}}]},"23":{"type":"branch","line":71,"loc":{"start":{"line":71,"column":17},"end":{"line":72,"column":73}},"locations":[{"start":{"line":71,"column":17},"end":{"line":72,"column":73}}]},"24":{"type":"branch","line":72,"loc":{"start":{"line":72,"column":17},"end":{"line":72,"column":71}},"locations":[{"start":{"line":72,"column":17},"end":{"line":72,"column":71}}]},"25":{"type":"branch","line":72,"loc":{"start":{"line":72,"column":65},"end":{"line":72,"column":71}},"locations":[{"start":{"line":72,"column":65},"end":{"line":72,"column":71}}]},"26":{"type":"branch","line":85,"loc":{"start":{"line":85,"column":20},"end":{"line":110,"column":22}},"locations":[{"start":{"line":85,"column":20},"end":{"line":110,"column":22}}]},"27":{"type":"branch","line":104,"loc":{"start":{"line":104,"column":63},"end":{"line":104,"column":73}},"locations":[{"start":{"line":104,"column":63},"end":{"line":104,"column":73}}]},"28":{"type":"branch","line":104,"loc":{"start":{"line":104,"column":67},"end":{"line":104,"column":76}},"locations":[{"start":{"line":104,"column":67},"end":{"line":104,"column":76}}]},"29":{"type":"branch","line":92,"loc":{"start":{"line":92,"column":26},"end":{"line":92,"column":72}},"locations":[{"start":{"line":92,"column":26},"end":{"line":92,"column":72}}]}},"b":{"0":[19],"1":[0],"2":[19],"3":[16],"4":[3],"5":[0],"6":[36],"7":[16],"8":[15],"9":[0],"10":[15],"11":[1],"12":[0],"13":[0],"14":[0],"15":[0],"16":[1],"17":[16],"18":[3],"19":[3],"20":[3],"21":[0],"22":[1],"23":[1],"24":[1],"25":[0],"26":[19],"27":[17],"28":[2],"29":[3]},"fnMap":{"0":{"name":"tauriInvoke","decl":{"start":{"line":27,"column":0},"end":{"line":34,"column":1}},"loc":{"start":{"line":27,"column":0},"end":{"line":34,"column":1}},"line":27},"1":{"name":"strikeColor","decl":{"start":{"line":36,"column":0},"end":{"line":40,"column":1}},"loc":{"start":{"line":36,"column":0},"end":{"line":40,"column":1}},"line":36},"2":{"name":"PluginsSettings","decl":{"start":{"line":42,"column":0},"end":{"line":116,"column":1}},"loc":{"start":{"line":42,"column":0},"end":{"line":116,"column":1}},"line":42},"3":{"name":"handleToggle","decl":{"start":{"line":66,"column":2},"end":{"line":75,"column":3}},"loc":{"start":{"line":66,"column":2},"end":{"line":75,"column":3}},"line":66},"4":{"name":"renderItem","decl":{"start":{"line":85,"column":20},"end":{"line":110,"column":22}},"loc":{"start":{"line":85,"column":20},"end":{"line":110,"column":22}},"line":85},"5":{"name":"onChange","decl":{"start":{"line":92,"column":26},"end":{"line":92,"column":72}},"loc":{"start":{"line":92,"column":26},"end":{"line":92,"column":72}},"line":92}},"f":{"0":19,"1":19,"2":36,"3":3,"4":19,"5":3}}
,"/Users/mrk/Workspace/Agentic/research/snapfzz-startup-launcher/plugins/settings-plugins/src/index.ts": {"path":"/Users/mrk/Workspace/Agentic/research/snapfzz-startup-launcher/plugins/settings-plugins/src/index.ts","all":false,"statementMap":{"0":{"start":{"line":1,"column":0},"end":{"line":1,"column":51}},"5":{"start":{"line":6,"column":0},"end":{"line":6,"column":29}},"6":{"start":{"line":7,"column":0},"end":{"line":7,"column":33}},"7":{"start":{"line":8,"column":0},"end":{"line":8,"column":27}},"8":{"start":{"line":9,"column":0},"end":{"line":9,"column":19}},"9":{"start":{"line":10,"column":0},"end":{"line":10,"column":83}},"10":{"start":{"line":11,"column":0},"end":{"line":11,"column":27}},"11":{"start":{"line":12,"column":0},"end":{"line":12,"column":42}},"13":{"start":{"line":14,"column":0},"end":{"line":14,"column":11}},"14":{"start":{"line":15,"column":0},"end":{"line":15,"column":18}},"15":{"start":{"line":16,"column":0},"end":{"line":16,"column":49}},"16":{"start":{"line":17,"column":0},"end":{"line":17,"column":41}},"17":{"start":{"line":18,"column":0},"end":{"line":18,"column":19}},"18":{"start":{"line":19,"column":0},"end":{"line":19,"column":20}},"19":{"start":{"line":20,"column":0},"end":{"line":20,"column":22}},"20":{"start":{"line":21,"column":0},"end":{"line":21,"column":23}},"21":{"start":{"line":22,"column":0},"end":{"line":22,"column":15}},"22":{"start":{"line":23,"column":0},"end":{"line":23,"column":6}},"23":{"start":{"line":24,"column":0},"end":{"line":24,"column":4}},"25":{"start":{"line":26,"column":0},"end":{"line":26,"column":16}},"26":{"start":{"line":27,"column":0},"end":{"line":27,"column":23}},"27":{"start":{"line":28,"column":0},"end":{"line":28,"column":7}},"28":{"start":{"line":29,"column":0},"end":{"line":29,"column":22}},"29":{"start":{"line":30,"column":0},"end":{"line":30,"column":25}},"30":{"start":{"line":31,"column":0},"end":{"line":31,"column":33}},"31":{"start":{"line":32,"column":0},"end":{"line":32,"column":17}},"32":{"start":{"line":33,"column":0},"end":{"line":33,"column":53}},"33":{"start":{"line":34,"column":0},"end":{"line":34,"column":8}},"34":{"start":{"line":35,"column":0},"end":{"line":35,"column":6}},"35":{"start":{"line":36,"column":0},"end":{"line":36,"column":4}},"37":{"start":{"line":38,"column":0},"end":{"line":38,"column":62}},"38":{"start":{"line":39,"column":0},"end":{"line":39,"column":14}},"39":{"start":{"line":40,"column":0},"end":{"line":40,"column":4}},"40":{"start":{"line":41,"column":0},"end":{"line":41,"column":3}}},"s":{"0":1,"5":1,"6":1,"7":1,"8":1,"9":1,"10":1,"11":1,"13":1,"14":1,"15":1,"16":1,"17":1,"18":1,"19":1,"20":1,"21":1,"22":1,"23":1,"25":1,"26":1,"27":1,"28":1,"29":1,"30":1,"31":1,"32":1,"33":1,"34":1,"35":1,"37":1,"38":2,"39":2,"40":1},"branchMap":{"0":{"type":"branch","line":38,"loc":{"start":{"line":38,"column":2},"end":{"line":40,"column":4}},"locations":[{"start":{"line":38,"column":2},"end":{"line":40,"column":4}}]}},"b":{"0":[2]},"fnMap":{"0":{"name":"component","decl":{"start":{"line":33,"column":19},"end":{"line":33,"column":53}},"loc":{"start":{"line":33,"column":19},"end":{"line":33,"column":53}},"line":33},"1":{"name":"activate","decl":{"start":{"line":38,"column":2},"end":{"line":40,"column":4}},"loc":{"start":{"line":38,"column":2},"end":{"line":40,"column":4}},"line":38}},"f":{"0":0,"1":2}}
}
