{"/Users/mrk/Workspace/Agentic/research/snapfzz-startup-launcher/plugins/settings-runtime/src/RuntimeSettings.tsx": {"path":"/Users/mrk/Workspace/Agentic/research/snapfzz-startup-launcher/plugins/settings-runtime/src/RuntimeSettings.tsx","all":false,"statementMap":{"2":{"start":{"line":3,"column":0},"end":{"line":3,"column":64}},"3":{"start":{"line":4,"column":0},"end":{"line":4,"column":67}},"4":{"start":{"line":5,"column":0},"end":{"line":5,"column":83}},"6":{"start":{"line":7,"column":0},"end":{"line":7,"column":28}},"10":{"start":{"line":11,"column":0},"end":{"line":11,"column":85}},"11":{"start":{"line":12,"column":0},"end":{"line":12,"column":57}},"12":{"start":{"line":13,"column":0},"end":{"line":13,"column":40}},"15":{"start":{"line":16,"column":0},"end":{"line":16,"column":15}},"16":{"start":{"line":17,"column":0},"end":{"line":17,"column":74}},"17":{"start":{"line":18,"column":0},"end":{"line":18,"column":60}},"18":{"start":{"line":19,"column":0},"end":{"line":19,"column":3}},"19":{"start":{"line":20,"column":0},"end":{"line":20,"column":55}},"20":{"start":{"line":21,"column":0},"end":{"line":21,"column":51}},"21":{"start":{"line":22,"column":0},"end":{"line":22,"column":59}},"22":{"start":{"line":23,"column":0},"end":{"line":23,"column":18}},"23":{"start":{"line":24,"column":0},"end":{"line":24,"column":21}},"24":{"start":{"line":25,"column":0},"end":{"line":25,"column":57}},"25":{"start":{"line":26,"column":0},"end":{"line":26,"column":14}},"26":{"start":{"line":27,"column":0},"end":{"line":27,"column":5}},"27":{"start":{"line":28,"column":0},"end":{"line":28,"column":1}},"40":{"start":{"line":41,"column":0},"end":{"line":41,"column":23}},"41":{"start":{"line":42,"column":0},"end":{"line":42,"column":39}},"42":{"start":{"line":43,"column":0},"end":{"line":43,"column":49}},"43":{"start":{"line":44,"column":0},"end":{"line":44,"column":49}},"44":{"start":{"line":45,"column":0},"end":{"line":45,"column":53}},"45":{"start":{"line":46,"column":0},"end":{"line":46,"column":2}},"48":{"start":{"line":49,"column":0},"end":{"line":49,"column":43}},"49":{"start":{"line":50,"column":0},"end":{"line":50,"column":45}},"50":{"start":{"line":51,"column":0},"end":{"line":51,"column":80}},"51":{"start":{"line":52,"column":0},"end":{"line":52,"column":46}},"52":{"start":{"line":53,"column":0},"end":{"line":53,"column":66}},"53":{"start":{"line":54,"column":0},"end":{"line":54,"column":56}},"54":{"start":{"line":55,"column":0},"end":{"line":55,"column":48}},"56":{"start":{"line":57,"column":0},"end":{"line":57,"column":41}},"58":{"start":{"line":59,"column":0},"end":{"line":59,"column":48}},"59":{"start":{"line":60,"column":0},"end":{"line":60,"column":30}},"60":{"start":{"line":61,"column":0},"end":{"line":61,"column":9}},"61":{"start":{"line":62,"column":0},"end":{"line":62,"column":72}},"62":{"start":{"line":63,"column":0},"end":{"line":63,"column":27}},"63":{"start":{"line":64,"column":0},"end":{"line":64,"column":38}},"64":{"start":{"line":65,"column":0},"end":{"line":65,"column":42}},"65":{"start":{"line":66,"column":0},"end":{"line":66,"column":63}},"66":{"start":{"line":67,"column":0},"end":{"line":67,"column":9}},"67":{"start":{"line":68,"column":0},"end":{"line":68,"column":13}},"69":{"start":{"line":70,"column":0},"end":{"line":70,"column":5}},"70":{"start":{"line":71,"column":0},"end":{"line":71,"column":59}},"71":{"start":{"line":72,"column":0},"end":{"line":72,"column":13}},"73":{"start":{"line":74,"column":0},"end":{"line":74,"column":46}},"74":{"start":{"line":75,"column":0},"end":{"line":75,"column":9}},"75":{"start":{"line":76,"column":0},"end":{"line":76,"column":72}},"76":{"start":{"line":77,"column":0},"end":{"line":77,"column":85}},"77":{"start":{"line":78,"column":0},"end":{"line":78,"column":13}},"78":{"start":{"line":79,"column":0},"end":{"line":79,"column":44}},"79":{"start":{"line":80,"column":0},"end":{"line":80,"column":5}},"80":{"start":{"line":81,"column":0},"end":{"line":81,"column":9}},"82":{"start":{"line":83,"column":0},"end":{"line":83,"column":19}},"83":{"start":{"line":84,"column":0},"end":{"line":84,"column":19}},"84":{"start":{"line":85,"column":0},"end":{"line":85,"column":17}},"85":{"start":{"line":86,"column":0},"end":{"line":86,"column":51}},"86":{"start":{"line":87,"column":0},"end":{"line":87,"column":41}},"87":{"start":{"line":88,"column":0},"end":{"line":88,"column":33}},"89":{"start":{"line":90,"column":0},"end":{"line":90,"column":46}},"90":{"start":{"line":91,"column":0},"end":{"line":91,"column":57}},"91":{"start":{"line":92,"column":0},"end":{"line":92,"column":23}},"92":{"start":{"line":93,"column":0},"end":{"line":93,"column":26}},"93":{"start":{"line":94,"column":0},"end":{"line":94,"column":28}},"94":{"start":{"line":95,"column":0},"end":{"line":95,"column":9}},"95":{"start":{"line":96,"column":0},"end":{"line":96,"column":43}},"96":{"start":{"line":97,"column":0},"end":{"line":97,"column":59}},"97":{"start":{"line":98,"column":0},"end":{"line":98,"column":29}},"98":{"start":{"line":99,"column":0},"end":{"line":99,"column":76}},"99":{"start":{"line":100,"column":0},"end":{"line":100,"column":13}},"100":{"start":{"line":101,"column":0},"end":{"line":101,"column":5}},"101":{"start":{"line":102,"column":0},"end":{"line":102,"column":20}},"102":{"start":{"line":103,"column":0},"end":{"line":103,"column":9}},"103":{"start":{"line":104,"column":0},"end":{"line":104,"column":83}},"104":{"start":{"line":105,"column":0},"end":{"line":105,"column":22}},"105":{"start":{"line":106,"column":0},"end":{"line":106,"column":19}},"106":{"start":{"line":107,"column":0},"end":{"line":107,"column":30}},"107":{"start":{"line":108,"column":0},"end":{"line":108,"column":28}},"108":{"start":{"line":109,"column":0},"end":{"line":109,"column":30}},"109":{"start":{"line":110,"column":0},"end":{"line":110,"column":8}},"110":{"start":{"line":111,"column":0},"end":{"line":111,"column":63}},"111":{"start":{"line":112,"column":0},"end":{"line":112,"column":24}},"112":{"start":{"line":113,"column":0},"end":{"line":113,"column":27}},"113":{"start":{"line":114,"column":0},"end":{"line":114,"column":52}},"114":{"start":{"line":115,"column":0},"end":{"line":115,"column":19}},"115":{"start":{"line":116,"column":0},"end":{"line":116,"column":32}},"116":{"start":{"line":117,"column":0},"end":{"line":117,"column":15}},"117":{"start":{"line":118,"column":0},"end":{"line":118,"column":23}},"118":{"start":{"line":119,"column":0},"end":{"line":119,"column":5}},"119":{"start":{"line":120,"column":0},"end":{"line":120,"column":13}},"121":{"start":{"line":122,"column":0},"end":{"line":122,"column":49}},"123":{"start":{"line":124,"column":0},"end":{"line":124,"column":10}},"124":{"start":{"line":125,"column":0},"end":{"line":125,"column":50}},"125":{"start":{"line":126,"column":0},"end":{"line":126,"column":21}},"126":{"start":{"line":127,"column":0},"end":{"line":127,"column":23}},"127":{"start":{"line":128,"column":0},"end":{"line":128,"column":25}},"128":{"start":{"line":129,"column":0},"end":{"line":129,"column":23}},"129":{"start":{"line":130,"column":0},"end":{"line":130,"column":33}},"130":{"start":{"line":131,"column":0},"end":{"line":131,"column":29}},"131":{"start":{"line":132,"column":0},"end":{"line":132,"column":27}},"132":{"start":{"line":133,"column":0},"end":{"line":133,"column":64}},"133":{"start":{"line":134,"column":0},"end":{"line":134,"column":8}},"135":{"start":{"line":136,"column":0},"end":{"line":136,"column":59}},"136":{"start":{"line":137,"column":0},"end":{"line":137,"column":10}},"137":{"start":{"line":138,"column":0},"end":{"line":138,"column":16}},"138":{"start":{"line":139,"column":0},"end":{"line":139,"column":26}},"139":{"start":{"line":140,"column":0},"end":{"line":140,"column":31}},"140":{"start":{"line":141,"column":0},"end":{"line":141,"column":18}},"141":{"start":{"line":142,"column":0},"end":{"line":142,"column":27}},"142":{"start":{"line":143,"column":0},"end":{"line":143,"column":31}},"143":{"start":{"line":144,"column":0},"end":{"line":144,"column":41}},"144":{"start":{"line":145,"column":0},"end":{"line":145,"column":26}},"145":{"start":{"line":146,"column":0},"end":{"line":146,"column":52}},"146":{"start":{"line":147,"column":0},"end":{"line":147,"column":10}},"148":{"start":{"line":149,"column":0},"end":{"line":149,"column":84}},"149":{"start":{"line":150,"column":0},"end":{"line":150,"column":12}},"150":{"start":{"line":151,"column":0},"end":{"line":151,"column":50}},"151":{"start":{"line":152,"column":0},"end":{"line":152,"column":18}},"152":{"start":{"line":153,"column":0},"end":{"line":153,"column":29}},"153":{"start":{"line":154,"column":0},"end":{"line":154,"column":28}},"154":{"start":{"line":155,"column":0},"end":{"line":155,"column":81}},"155":{"start":{"line":156,"column":0},"end":{"line":156,"column":84}},"156":{"start":{"line":157,"column":0},"end":{"line":157,"column":75}},"157":{"start":{"line":158,"column":0},"end":{"line":158,"column":12}},"159":{"start":{"line":160,"column":0},"end":{"line":160,"column":52}},"160":{"start":{"line":161,"column":0},"end":{"line":161,"column":14}},"161":{"start":{"line":162,"column":0},"end":{"line":162,"column":12}},"163":{"start":{"line":164,"column":0},"end":{"line":164,"column":11}},"164":{"start":{"line":165,"column":0},"end":{"line":165,"column":19}},"165":{"start":{"line":166,"column":0},"end":{"line":166,"column":25}},"166":{"start":{"line":167,"column":0},"end":{"line":167,"column":28}},"167":{"start":{"line":168,"column":0},"end":{"line":168,"column":80}},"168":{"start":{"line":169,"column":0},"end":{"line":169,"column":77}},"170":{"start":{"line":171,"column":0},"end":{"line":171,"column":13}},"171":{"start":{"line":172,"column":0},"end":{"line":172,"column":18}},"172":{"start":{"line":173,"column":0},"end":{"line":173,"column":29}},"173":{"start":{"line":174,"column":0},"end":{"line":174,"column":43}},"174":{"start":{"line":175,"column":0},"end":{"line":175,"column":28}},"175":{"start":{"line":176,"column":0},"end":{"line":176,"column":25}},"176":{"start":{"line":177,"column":0},"end":{"line":177,"column":36}},"177":{"start":{"line":178,"column":0},"end":{"line":178,"column":39}},"178":{"start":{"line":179,"column":0},"end":{"line":179,"column":29}},"179":{"start":{"line":180,"column":0},"end":{"line":180,"column":12}},"180":{"start":{"line":181,"column":0},"end":{"line":181,"column":9}},"182":{"start":{"line":183,"column":0},"end":{"line":183,"column":15}},"184":{"start":{"line":185,"column":0},"end":{"line":185,"column":92}},"185":{"start":{"line":186,"column":0},"end":{"line":186,"column":20}},"186":{"start":{"line":187,"column":0},"end":{"line":187,"column":23}},"187":{"start":{"line":188,"column":0},"end":{"line":188,"column":80}},"188":{"start":{"line":189,"column":0},"end":{"line":189,"column":48}},"190":{"start":{"line":191,"column":0},"end":{"line":191,"column":18}},"191":{"start":{"line":192,"column":0},"end":{"line":192,"column":37}},"192":{"start":{"line":193,"column":0},"end":{"line":193,"column":22}},"193":{"start":{"line":194,"column":0},"end":{"line":194,"column":22}},"194":{"start":{"line":195,"column":0},"end":{"line":195,"column":46}},"195":{"start":{"line":196,"column":0},"end":{"line":196,"column":53}},"196":{"start":{"line":197,"column":0},"end":{"line":197,"column":43}},"197":{"start":{"line":198,"column":0},"end":{"line":198,"column":16}},"198":{"start":{"line":199,"column":0},"end":{"line":199,"column":14}},"199":{"start":{"line":200,"column":0},"end":{"line":200,"column":22}},"200":{"start":{"line":201,"column":0},"end":{"line":201,"column":20}},"201":{"start":{"line":202,"column":0},"end":{"line":202,"column":23}},"202":{"start":{"line":203,"column":0},"end":{"line":203,"column":80}},"203":{"start":{"line":204,"column":0},"end":{"line":204,"column":51}},"205":{"start":{"line":206,"column":0},"end":{"line":206,"column":18}},"206":{"start":{"line":207,"column":0},"end":{"line":207,"column":32}},"207":{"start":{"line":208,"column":0},"end":{"line":208,"column":22}},"208":{"start":{"line":209,"column":0},"end":{"line":209,"column":22}},"209":{"start":{"line":210,"column":0},"end":{"line":210,"column":46}},"210":{"start":{"line":211,"column":0},"end":{"line":211,"column":53}},"211":{"start":{"line":212,"column":0},"end":{"line":212,"column":43}},"212":{"start":{"line":213,"column":0},"end":{"line":213,"column":16}},"213":{"start":{"line":214,"column":0},"end":{"line":214,"column":14}},"214":{"start":{"line":215,"column":0},"end":{"line":215,"column":22}},"215":{"start":{"line":216,"column":0},"end":{"line":216,"column":16}},"217":{"start":{"line":218,"column":0},"end":{"line":218,"column":13}},"218":{"start":{"line":219,"column":0},"end":{"line":219,"column":18}},"219":{"start":{"line":220,"column":0},"end":{"line":220,"column":29}},"220":{"start":{"line":221,"column":0},"end":{"line":221,"column":43}},"221":{"start":{"line":222,"column":0},"end":{"line":222,"column":28}},"222":{"start":{"line":223,"column":0},"end":{"line":223,"column":25}},"223":{"start":{"line":224,"column":0},"end":{"line":224,"column":36}},"224":{"start":{"line":225,"column":0},"end":{"line":225,"column":39}},"225":{"start":{"line":226,"column":0},"end":{"line":226,"column":29}},"226":{"start":{"line":227,"column":0},"end":{"line":227,"column":25}},"227":{"start":{"line":228,"column":0},"end":{"line":228,"column":12}},"228":{"start":{"line":229,"column":0},"end":{"line":229,"column":9}},"230":{"start":{"line":231,"column":0},"end":{"line":231,"column":15}},"232":{"start":{"line":233,"column":0},"end":{"line":233,"column":18}},"233":{"start":{"line":234,"column":0},"end":{"line":234,"column":23}},"234":{"start":{"line":235,"column":0},"end":{"line":235,"column":81}},"235":{"start":{"line":236,"column":0},"end":{"line":236,"column":70}},"238":{"start":{"line":239,"column":0},"end":{"line":239,"column":25}},"239":{"start":{"line":240,"column":0},"end":{"line":240,"column":32}},"240":{"start":{"line":241,"column":0},"end":{"line":241,"column":20}},"241":{"start":{"line":242,"column":0},"end":{"line":242,"column":44}},"242":{"start":{"line":243,"column":0},"end":{"line":243,"column":51}},"243":{"start":{"line":244,"column":0},"end":{"line":244,"column":43}},"244":{"start":{"line":245,"column":0},"end":{"line":245,"column":14}},"245":{"start":{"line":246,"column":0},"end":{"line":246,"column":12}},"246":{"start":{"line":247,"column":0},"end":{"line":247,"column":20}},"248":{"start":{"line":249,"column":0},"end":{"line":249,"column":18}},"249":{"start":{"line":250,"column":0},"end":{"line":250,"column":22}},"250":{"start":{"line":251,"column":0},"end":{"line":251,"column":79}},"252":{"start":{"line":253,"column":0},"end":{"line":253,"column":17}},"253":{"start":{"line":254,"column":0},"end":{"line":254,"column":35}},"254":{"start":{"line":255,"column":0},"end":{"line":255,"column":53}},"255":{"start":{"line":256,"column":0},"end":{"line":256,"column":76}},"256":{"start":{"line":257,"column":0},"end":{"line":257,"column":12}},"257":{"start":{"line":258,"column":0},"end":{"line":258,"column":20}},"259":{"start":{"line":260,"column":0},"end":{"line":260,"column":18}},"260":{"start":{"line":261,"column":0},"end":{"line":261,"column":23}},"261":{"start":{"line":262,"column":0},"end":{"line":262,"column":81}},"263":{"start":{"line":264,"column":0},"end":{"line":264,"column":16}},"264":{"start":{"line":265,"column":0},"end":{"line":265,"column":51}},"265":{"start":{"line":266,"column":0},"end":{"line":266,"column":20}},"266":{"start":{"line":267,"column":0},"end":{"line":267,"column":44}},"267":{"start":{"line":268,"column":0},"end":{"line":268,"column":51}},"268":{"start":{"line":269,"column":0},"end":{"line":269,"column":43}},"269":{"start":{"line":270,"column":0},"end":{"line":270,"column":14}},"270":{"start":{"line":271,"column":0},"end":{"line":271,"column":12}},"271":{"start":{"line":272,"column":0},"end":{"line":272,"column":20}},"273":{"start":{"line":274,"column":0},"end":{"line":274,"column":13}},"274":{"start":{"line":275,"column":0},"end":{"line":275,"column":12}},"275":{"start":{"line":276,"column":0},"end":{"line":276,"column":10}},"277":{"start":{"line":278,"column":0},"end":{"line":278,"column":1}}},"s":{"2":1,"3":1,"4":1,"6":1,"10":47,"11":47,"12":47,"15":47,"16":2,"17":2,"18":2,"19":45,"20":45,"21":44,"22":44,"23":45,"24":1,"25":1,"26":45,"27":45,"40":1,"41":1,"42":1,"43":1,"44":1,"45":1,"48":47,"49":47,"50":47,"51":47,"52":47,"53":47,"54":47,"56":47,"58":47,"59":23,"60":23,"61":23,"62":22,"63":23,"64":23,"65":23,"66":23,"67":23,"69":1,"70":23,"71":47,"73":47,"74":24,"75":24,"76":24,"77":24,"78":2,"79":2,"80":47,"82":47,"83":23,"84":23,"85":23,"86":23,"87":47,"89":47,"90":0,"91":0,"92":0,"93":0,"94":0,"95":0,"96":0,"97":0,"98":0,"99":0,"100":0,"101":0,"102":0,"103":0,"104":0,"105":0,"106":0,"107":0,"108":0,"109":0,"110":0,"111":0,"112":0,"113":0,"114":0,"115":0,"116":0,"117":0,"118":0,"119":47,"121":47,"123":47,"124":47,"125":47,"126":47,"127":47,"128":47,"129":47,"130":47,"131":47,"132":47,"133":47,"135":47,"136":47,"137":47,"138":47,"139":47,"140":47,"141":47,"142":47,"143":47,"144":47,"145":47,"146":47,"148":47,"149":47,"150":47,"151":47,"152":47,"153":47,"154":47,"155":47,"156":47,"157":47,"159":47,"160":47,"161":47,"163":47,"164":47,"165":47,"166":47,"167":47,"168":47,"170":47,"171":47,"172":47,"173":47,"174":47,"175":47,"176":47,"177":47,"178":47,"179":47,"180":47,"182":47,"184":47,"185":47,"186":47,"187":47,"188":47,"190":47,"191":47,"192":47,"193":47,"194":47,"195":47,"196":47,"197":47,"198":47,"199":47,"200":47,"201":47,"202":47,"203":47,"205":47,"206":47,"207":47,"208":47,"209":47,"210":47,"211":47,"212":47,"213":47,"214":47,"215":47,"217":47,"218":47,"219":47,"220":47,"221":47,"222":47,"223":47,"224":47,"225":47,"226":47,"227":47,"228":47,"230":47,"232":47,"233":47,"234":47,"235":47,"238":47,"239":47,"240":47,"241":47,"242":47,"243":47,"244":47,"245":47,"246":47,"248":47,"249":47,"250":47,"252":47,"253":47,"254":47,"255":47,"256":47,"257":47,"259":47,"260":47,"261":47,"263":47,"264":47,"265":47,"266":47,"267":47,"268":47,"269":47,"270":47,"271":47,"273":47,"274":47,"275":47,"277":47},"branchMap":{"0":{"type":"branch","line":11,"loc":{"start":{"line":11,"column":0},"end":{"line":28,"column":1}},"locations":[{"start":{"line":11,"column":0},"end":{"line":28,"column":1}}]},"1":{"type":"branch","line":16,"loc":{"start":{"line":16,"column":14},"end":{"line":19,"column":3}},"locations":[{"start":{"line":16,"column":14},"end":{"line":19,"column":3}}]},"2":{"type":"branch","line":19,"loc":{"start":{"line":19,"column":2},"end":{"line":28,"column":1}},"locations":[{"start":{"line":19,"column":2},"end":{"line":28,"column":1}}]},"3":{"type":"branch","line":21,"loc":{"start":{"line":21,"column":38},"end":{"line":24,"column":3}},"locations":[{"start":{"line":21,"column":38},"end":{"line":24,"column":3}}]},"4":{"type":"branch","line":24,"loc":{"start":{"line":24,"column":11},"end":{"line":27,"column":3}},"locations":[{"start":{"line":24,"column":11},"end":{"line":27,"column":3}}]},"5":{"type":"branch","line":49,"loc":{"start":{"line":49,"column":0},"end":{"line":278,"column":1}},"locations":[{"start":{"line":49,"column":0},"end":{"line":278,"column":1}}]},"6":{"type":"branch","line":151,"loc":{"start":{"line":151,"column":17},"end":{"line":151,"column":40}},"locations":[{"start":{"line":151,"column":17},"end":{"line":151,"column":40}}]},"7":{"type":"branch","line":151,"loc":{"start":{"line":151,"column":28},"end":{"line":151,"column":50}},"locations":[{"start":{"line":151,"column":28},"end":{"line":151,"column":50}}]},"8":{"type":"branch","line":155,"loc":{"start":{"line":155,"column":24},"end":{"line":155,"column":60}},"locations":[{"start":{"line":155,"column":24},"end":{"line":155,"column":60}}]},"9":{"type":"branch","line":155,"loc":{"start":{"line":155,"column":35},"end":{"line":155,"column":81}},"locations":[{"start":{"line":155,"column":35},"end":{"line":155,"column":81}}]},"10":{"type":"branch","line":156,"loc":{"start":{"line":156,"column":25},"end":{"line":156,"column":61}},"locations":[{"start":{"line":156,"column":25},"end":{"line":156,"column":61}}]},"11":{"type":"branch","line":156,"loc":{"start":{"line":156,"column":36},"end":{"line":156,"column":84}},"locations":[{"start":{"line":156,"column":36},"end":{"line":156,"column":84}}]},"12":{"type":"branch","line":157,"loc":{"start":{"line":157,"column":19},"end":{"line":157,"column":55}},"locations":[{"start":{"line":157,"column":19},"end":{"line":157,"column":55}}]},"13":{"type":"branch","line":157,"loc":{"start":{"line":157,"column":30},"end":{"line":157,"column":75}},"locations":[{"start":{"line":157,"column":30},"end":{"line":157,"column":75}}]},"14":{"type":"branch","line":160,"loc":{"start":{"line":160,"column":11},"end":{"line":160,"column":35}},"locations":[{"start":{"line":160,"column":11},"end":{"line":160,"column":35}}]},"15":{"type":"branch","line":160,"loc":{"start":{"line":160,"column":22},"end":{"line":160,"column":52}},"locations":[{"start":{"line":160,"column":22},"end":{"line":160,"column":52}}]},"16":{"type":"branch","line":59,"loc":{"start":{"line":59,"column":35},"end":{"line":72,"column":5}},"locations":[{"start":{"line":59,"column":35},"end":{"line":72,"column":5}}]},"17":{"type":"branch","line":62,"loc":{"start":{"line":62,"column":55},"end":{"line":64,"column":35}},"locations":[{"start":{"line":62,"column":55},"end":{"line":64,"column":35}}]},"18":{"type":"branch","line":64,"loc":{"start":{"line":64,"column":25},"end":{"line":64,"column":38}},"locations":[{"start":{"line":64,"column":25},"end":{"line":64,"column":38}}]},"19":{"type":"branch","line":65,"loc":{"start":{"line":65,"column":24},"end":{"line":65,"column":42}},"locations":[{"start":{"line":65,"column":24},"end":{"line":65,"column":42}}]},"20":{"type":"branch","line":66,"loc":{"start":{"line":66,"column":25},"end":{"line":66,"column":63}},"locations":[{"start":{"line":66,"column":25},"end":{"line":66,"column":63}}]},"21":{"type":"branch","line":68,"loc":{"start":{"line":68,"column":4},"end":{"line":70,"column":5}},"locations":[{"start":{"line":68,"column":4},"end":{"line":70,"column":5}}]},"22":{"type":"branch","line":71,"loc":{"start":{"line":71,"column":15},"end":{"line":71,"column":54}},"locations":[{"start":{"line":71,"column":15},"end":{"line":71,"column":54}}]},"23":{"type":"branch","line":74,"loc":{"start":{"line":74,"column":33},"end":{"line":81,"column":5}},"locations":[{"start":{"line":74,"column":33},"end":{"line":81,"column":5}}]},"24":{"type":"branch","line":76,"loc":{"start":{"line":76,"column":48},"end":{"line":77,"column":53}},"locations":[{"start":{"line":76,"column":48},"end":{"line":77,"column":53}}]},"25":{"type":"branch","line":77,"loc":{"start":{"line":77,"column":39},"end":{"line":77,"column":67}},"locations":[{"start":{"line":77,"column":39},"end":{"line":77,"column":67}}]},"26":{"type":"branch","line":77,"loc":{"start":{"line":77,"column":53},"end":{"line":77,"column":82}},"locations":[{"start":{"line":77,"column":53},"end":{"line":77,"column":82}}]},"27":{"type":"branch","line":78,"loc":{"start":{"line":78,"column":4},"end":{"line":80,"column":5}},"locations":[{"start":{"line":78,"column":4},"end":{"line":80,"column":5}}]},"28":{"type":"branch","line":83,"loc":{"start":{"line":83,"column":12},"end":{"line":88,"column":5}},"locations":[{"start":{"line":83,"column":12},"end":{"line":88,"column":5}}]},"29":{"type":"branch","line":87,"loc":{"start":{"line":87,"column":11},"end":{"line":87,"column":41}},"locations":[{"start":{"line":87,"column":11},"end":{"line":87,"column":41}}]},"30":{"type":"branch","line":169,"loc":{"start":{"line":169,"column":24},"end":{"line":169,"column":77}},"locations":[{"start":{"line":169,"column":24},"end":{"line":169,"column":77}}]},"31":{"type":"branch","line":169,"loc":{"start":{"line":169,"column":57},"end":{"line":169,"column":75}},"locations":[{"start":{"line":169,"column":57},"end":{"line":169,"column":75}}]}},"b":{"0":[47],"1":[2],"2":[45],"3":[44],"4":[1],"5":[47],"6":[21],"7":[26],"8":[21],"9":[26],"10":[21],"11":[26],"12":[21],"13":[26],"14":[21],"15":[26],"16":[23],"17":[22],"18":[0],"19":[0],"20":[0],"21":[1],"22":[21],"23":[24],"24":[22],"25":[21],"26":[1],"27":[2],"28":[23],"29":[23],"30":[10],"31":[0]},"fnMap":{"0":{"name":"tauriInvoke","decl":{"start":{"line":11,"column":0},"end":{"line":28,"column":1}},"loc":{"start":{"line":11,"column":0},"end":{"line":28,"column":1}},"line":11},"1":{"name":"RuntimeSettings","decl":{"start":{"line":49,"column":0},"end":{"line":278,"column":1}},"loc":{"start":{"line":49,"column":0},"end":{"line":278,"column":1}},"line":49},"2":{"name":"onDiscard","decl":{"start":{"line":133,"column":19},"end":{"line":133,"column":64}},"loc":{"start":{"line":133,"column":19},"end":{"line":133,"column":64}},"line":133},"3":{"name":"onValuesChange","decl":{"start":{"line":169,"column":24},"end":{"line":169,"column":77}},"loc":{"start":{"line":169,"column":24},"end":{"line":169,"column":77}},"line":169}},"f":{"0":47,"1":47,"2":0,"3":10}}
,"/Users/mrk/Workspace/Agentic/research/snapfzz-startup-launcher/plugins/settings-runtime/src/index.ts": {"path":"/Users/mrk/Workspace/Agentic/research/snapfzz-startup-launcher/plugins/settings-runtime/src/index.ts","all":false,"statementMap":{"2":{"start":{"line":3,"column":0},"end":{"line":3,"column":51}},"5":{"start":{"line":6,"column":0},"end":{"line":6,"column":29}},"6":{"start":{"line":7,"column":0},"end":{"line":7,"column":33}},"7":{"start":{"line":8,"column":0},"end":{"line":8,"column":27}},"8":{"start":{"line":9,"column":0},"end":{"line":9,"column":19}},"9":{"start":{"line":10,"column":0},"end":{"line":10,"column":67}},"10":{"start":{"line":11,"column":0},"end":{"line":11,"column":27}},"11":{"start":{"line":12,"column":0},"end":{"line":12,"column":42}},"14":{"start":{"line":15,"column":0},"end":{"line":15,"column":11}},"15":{"start":{"line":16,"column":0},"end":{"line":16,"column":18}},"16":{"start":{"line":17,"column":0},"end":{"line":17,"column":49}},"17":{"start":{"line":18,"column":0},"end":{"line":18,"column":41}},"18":{"start":{"line":19,"column":0},"end":{"line":19,"column":79}},"19":{"start":{"line":20,"column":0},"end":{"line":20,"column":4}},"21":{"start":{"line":22,"column":0},"end":{"line":22,"column":16}},"23":{"start":{"line":24,"column":0},"end":{"line":24,"column":23}},"24":{"start":{"line":25,"column":0},"end":{"line":25,"column":7}},"25":{"start":{"line":26,"column":0},"end":{"line":26,"column":22}},"26":{"start":{"line":27,"column":0},"end":{"line":27,"column":25}},"27":{"start":{"line":28,"column":0},"end":{"line":28,"column":36}},"28":{"start":{"line":29,"column":0},"end":{"line":29,"column":17}},"29":{"start":{"line":30,"column":0},"end":{"line":30,"column":53}},"30":{"start":{"line":31,"column":0},"end":{"line":31,"column":8}},"31":{"start":{"line":32,"column":0},"end":{"line":32,"column":6}},"32":{"start":{"line":33,"column":0},"end":{"line":33,"column":4}},"34":{"start":{"line":35,"column":0},"end":{"line":35,"column":62}},"35":{"start":{"line":36,"column":0},"end":{"line":36,"column":12}},"36":{"start":{"line":37,"column":0},"end":{"line":37,"column":28}},"37":{"start":{"line":38,"column":0},"end":{"line":38,"column":6}},"38":{"start":{"line":39,"column":0},"end":{"line":39,"column":4}},"39":{"start":{"line":40,"column":0},"end":{"line":40,"column":3}}},"s":{"2":1,"5":1,"6":1,"7":1,"8":1,"9":1,"10":1,"11":1,"14":1,"15":1,"16":1,"17":1,"18":1,"19":1,"21":1,"23":1,"24":1,"25":1,"26":1,"27":1,"28":1,"29":1,"30":1,"31":1,"32":1,"34":1,"35":3,"36":3,"37":3,"38":3,"39":1},"branchMap":{"0":{"type":"branch","line":35,"loc":{"start":{"line":35,"column":2},"end":{"line":39,"column":4}},"locations":[{"start":{"line":35,"column":2},"end":{"line":39,"column":4}}]},"1":{"type":"branch","line":37,"loc":{"start":{"line":37,"column":6},"end":{"line":37,"column":28}},"locations":[{"start":{"line":37,"column":6},"end":{"line":37,"column":28}}]}},"b":{"0":[3],"1":[1]},"fnMap":{"0":{"name":"component","decl":{"start":{"line":30,"column":19},"end":{"line":30,"column":53}},"loc":{"start":{"line":30,"column":19},"end":{"line":30,"column":53}},"line":30},"1":{"name":"activate","decl":{"start":{"line":35,"column":2},"end":{"line":39,"column":4}},"loc":{"start":{"line":35,"column":2},"end":{"line":39,"column":4}},"line":35},"2":{"name":"deactivate","decl":{"start":{"line":37,"column":6},"end":{"line":37,"column":28}},"loc":{"start":{"line":37,"column":6},"end":{"line":37,"column":28}},"line":37}},"f":{"0":0,"1":3,"2":1}}
}
