<?xml version="1.0" encoding="UTF-8"?>
<coverage generated="1775463000047" clover="3.2.0">
  <project timestamp="1775463000047" name="All files">
    <metrics statements="240" coveredstatements="229" conditionals="62" coveredconditionals="55" methods="14" coveredmethods="11" elements="316" coveredelements="295" complexity="0" loc="240" ncloc="240" packages="1" files="2" classes="2"/>
    <file name="PerformanceSettings.tsx" path="/Users/mrk/Workspace/Agentic/research/snapfzz-startup-launcher/plugins/settings-performance/src/PerformanceSettings.tsx">
      <metrics statements="209" coveredstatements="198" conditionals="60" coveredconditionals="53" methods="11" coveredmethods="9"/>
      <line num="3" count="1" type="stmt"/>
      <line num="4" count="1" type="stmt"/>
      <line num="5" count="1" type="stmt"/>
      <line num="7" count="1" type="stmt"/>
      <line num="27" count="1" type="stmt"/>
      <line num="30" count="184" type="cond" truecount="1" falsecount="0"/>
      <line num="31" count="184" type="cond" truecount="0" falsecount="1"/>
      <line num="32" count="184" type="cond" truecount="0" falsecount="1"/>
      <line num="33" count="184" type="stmt"/>
      <line num="34" count="184" type="stmt"/>
      <line num="36" count="92" type="cond" truecount="1" falsecount="0"/>
      <line num="37" count="92" type="cond" truecount="0" falsecount="1"/>
      <line num="38" count="92" type="stmt"/>
      <line num="39" count="92" type="stmt"/>
      <line num="41" count="1" type="stmt"/>
      <line num="43" count="24" type="cond" truecount="1" falsecount="0"/>
      <line num="44" count="24" type="stmt"/>
      <line num="45" count="24" type="stmt"/>
      <line num="49" count="1" type="stmt"/>
      <line num="50" count="1" type="stmt"/>
      <line num="51" count="1" type="stmt"/>
      <line num="52" count="1" type="stmt"/>
      <line num="53" count="1" type="stmt"/>
      <line num="55" count="46" type="cond" truecount="1" falsecount="0"/>
      <line num="56" count="46" type="stmt"/>
      <line num="57" count="46" type="stmt"/>
      <line num="58" count="46" type="stmt"/>
      <line num="59" count="46" type="stmt"/>
      <line num="60" count="46" type="stmt"/>
      <line num="62" count="46" type="stmt"/>
      <line num="64" count="46" type="cond" truecount="1" falsecount="0"/>
      <line num="65" count="24" type="stmt"/>
      <line num="66" count="24" type="cond" truecount="1" falsecount="0"/>
      <line num="67" count="22" type="stmt"/>
      <line num="68" count="22" type="stmt"/>
      <line num="69" count="22" type="stmt"/>
      <line num="70" count="22" type="stmt"/>
      <line num="71" count="22" type="stmt"/>
      <line num="72" count="22" type="stmt"/>
      <line num="73" count="24" type="cond" truecount="1" falsecount="0"/>
      <line num="75" count="1" type="stmt"/>
      <line num="76" count="46" type="stmt"/>
      <line num="78" count="46" type="cond" truecount="1" falsecount="0"/>
      <line num="79" count="23" type="stmt"/>
      <line num="80" count="23" type="cond" truecount="1" falsecount="0"/>
      <line num="81" count="23" type="cond" truecount="1" falsecount="0"/>
      <line num="82" count="46" type="stmt"/>
      <line num="86" count="46" type="cond" truecount="2" falsecount="0"/>
      <line num="87" count="46" type="cond" truecount="2" falsecount="1"/>
      <line num="88" count="46" type="cond" truecount="2" falsecount="0"/>
      <line num="89" count="46" type="cond" truecount="2" falsecount="0"/>
      <line num="91" count="46" type="stmt"/>
      <line num="92" count="46" type="stmt"/>
      <line num="93" count="46" type="stmt"/>
      <line num="94" count="46" type="stmt"/>
      <line num="95" count="46" type="stmt"/>
      <line num="96" count="46" type="stmt"/>
      <line num="97" count="46" type="stmt"/>
      <line num="98" count="46" type="stmt"/>
      <line num="99" count="0" type="stmt"/>
      <line num="100" count="0" type="stmt"/>
      <line num="101" count="0" type="stmt"/>
      <line num="102" count="0" type="stmt"/>
      <line num="103" count="0" type="stmt"/>
      <line num="104" count="0" type="stmt"/>
      <line num="105" count="0" type="stmt"/>
      <line num="106" count="0" type="stmt"/>
      <line num="107" count="0" type="stmt"/>
      <line num="108" count="0" type="stmt"/>
      <line num="109" count="46" type="stmt"/>
      <line num="111" count="46" type="stmt"/>
      <line num="112" count="46" type="stmt"/>
      <line num="113" count="46" type="stmt"/>
      <line num="114" count="46" type="stmt"/>
      <line num="115" count="46" type="stmt"/>
      <line num="116" count="46" type="stmt"/>
      <line num="117" count="46" type="cond" truecount="2" falsecount="0"/>
      <line num="118" count="46" type="stmt"/>
      <line num="119" count="46" type="stmt"/>
      <line num="120" count="46" type="cond" truecount="2" falsecount="0"/>
      <line num="121" count="46" type="stmt"/>
      <line num="122" count="46" type="stmt"/>
      <line num="123" count="46" type="stmt"/>
      <line num="124" count="46" type="stmt"/>
      <line num="125" count="46" type="stmt"/>
      <line num="126" count="46" type="cond" truecount="2" falsecount="0"/>
      <line num="127" count="46" type="cond" truecount="2" falsecount="0"/>
      <line num="128" count="46" type="stmt"/>
      <line num="129" count="46" type="cond" truecount="2" falsecount="0"/>
      <line num="130" count="46" type="stmt"/>
      <line num="131" count="46" type="stmt"/>
      <line num="132" count="46" type="stmt"/>
      <line num="133" count="46" type="stmt"/>
      <line num="134" count="46" type="stmt"/>
      <line num="135" count="46" type="stmt"/>
      <line num="136" count="46" type="stmt"/>
      <line num="138" count="46" type="stmt"/>
      <line num="139" count="46" type="stmt"/>
      <line num="140" count="46" type="stmt"/>
      <line num="141" count="46" type="cond" truecount="1" falsecount="0"/>
      <line num="143" count="46" type="stmt"/>
      <line num="144" count="46" type="cond" truecount="1" falsecount="0"/>
      <line num="145" count="138" type="stmt"/>
      <line num="146" count="138" type="stmt"/>
      <line num="147" count="138" type="stmt"/>
      <line num="148" count="46" type="stmt"/>
      <line num="149" count="46" type="stmt"/>
      <line num="150" count="46" type="stmt"/>
      <line num="151" count="46" type="stmt"/>
      <line num="152" count="46" type="stmt"/>
      <line num="153" count="46" type="stmt"/>
      <line num="154" count="46" type="cond" truecount="1" falsecount="0"/>
      <line num="155" count="23" type="stmt"/>
      <line num="156" count="23" type="stmt"/>
      <line num="157" count="23" type="stmt"/>
      <line num="159" count="46" type="stmt"/>
      <line num="160" count="46" type="stmt"/>
      <line num="163" count="46" type="stmt"/>
      <line num="164" count="46" type="cond" truecount="1" falsecount="0"/>
      <line num="165" count="46" type="stmt"/>
      <line num="167" count="46" type="stmt"/>
      <line num="168" count="46" type="stmt"/>
      <line num="169" count="46" type="stmt"/>
      <line num="170" count="46" type="stmt"/>
      <line num="171" count="46" type="cond" truecount="2" falsecount="1"/>
      <line num="172" count="46" type="stmt"/>
      <line num="173" count="46" type="stmt"/>
      <line num="174" count="46" type="stmt"/>
      <line num="175" count="46" type="stmt"/>
      <line num="176" count="46" type="stmt"/>
      <line num="177" count="46" type="cond" truecount="2" falsecount="0"/>
      <line num="178" count="46" type="stmt"/>
      <line num="179" count="46" type="stmt"/>
      <line num="180" count="46" type="stmt"/>
      <line num="181" count="46" type="stmt"/>
      <line num="184" count="46" type="stmt"/>
      <line num="185" count="46" type="stmt"/>
      <line num="186" count="46" type="stmt"/>
      <line num="188" count="46" type="stmt"/>
      <line num="189" count="46" type="stmt"/>
      <line num="190" count="46" type="stmt"/>
      <line num="191" count="46" type="stmt"/>
      <line num="192" count="46" type="cond" truecount="3" falsecount="0"/>
      <line num="193" count="46" type="stmt"/>
      <line num="194" count="46" type="stmt"/>
      <line num="195" count="46" type="stmt"/>
      <line num="198" count="46" type="stmt"/>
      <line num="199" count="46" type="stmt"/>
      <line num="200" count="46" type="stmt"/>
      <line num="202" count="46" type="stmt"/>
      <line num="203" count="46" type="stmt"/>
      <line num="204" count="46" type="stmt"/>
      <line num="205" count="46" type="stmt"/>
      <line num="206" count="46" type="cond" truecount="1" falsecount="0"/>
      <line num="207" count="23" type="cond" truecount="1" falsecount="1"/>
      <line num="208" count="23" type="stmt"/>
      <line num="209" count="46" type="stmt"/>
      <line num="210" count="46" type="stmt"/>
      <line num="211" count="46" type="stmt"/>
      <line num="212" count="46" type="stmt"/>
      <line num="213" count="46" type="stmt"/>
      <line num="214" count="46" type="stmt"/>
      <line num="215" count="46" type="stmt"/>
      <line num="216" count="46" type="cond" truecount="1" falsecount="0"/>
      <line num="217" count="45" type="cond" truecount="1" falsecount="0"/>
      <line num="218" count="22" type="stmt"/>
      <line num="219" count="22" type="cond" truecount="0" falsecount="1"/>
      <line num="220" count="0" type="cond" truecount="1" falsecount="0"/>
      <line num="221" count="23" type="stmt"/>
      <line num="223" count="46" type="stmt"/>
      <line num="224" count="46" type="stmt"/>
      <line num="225" count="46" type="stmt"/>
      <line num="228" count="46" type="stmt"/>
      <line num="229" count="46" type="stmt"/>
      <line num="230" count="46" type="stmt"/>
      <line num="232" count="46" type="stmt"/>
      <line num="233" count="46" type="stmt"/>
      <line num="234" count="46" type="stmt"/>
      <line num="235" count="46" type="stmt"/>
      <line num="236" count="46" type="cond" truecount="3" falsecount="0"/>
      <line num="237" count="46" type="stmt"/>
      <line num="238" count="46" type="stmt"/>
      <line num="239" count="46" type="stmt"/>
      <line num="242" count="46" type="stmt"/>
      <line num="243" count="46" type="stmt"/>
      <line num="244" count="46" type="stmt"/>
      <line num="246" count="46" type="stmt"/>
      <line num="247" count="46" type="stmt"/>
      <line num="248" count="46" type="stmt"/>
      <line num="249" count="46" type="stmt"/>
      <line num="250" count="46" type="cond" truecount="3" falsecount="0"/>
      <line num="251" count="46" type="stmt"/>
      <line num="252" count="46" type="stmt"/>
      <line num="253" count="46" type="stmt"/>
      <line num="255" count="46" type="cond" truecount="2" falsecount="0"/>
      <line num="256" count="1" type="stmt"/>
      <line num="257" count="1" type="stmt"/>
      <line num="258" count="1" type="stmt"/>
      <line num="260" count="1" type="stmt"/>
      <line num="261" count="1" type="cond" truecount="1" falsecount="0"/>
      <line num="262" count="1" type="stmt"/>
      <line num="263" count="1" type="stmt"/>
      <line num="264" count="1" type="stmt"/>
      <line num="265" count="1" type="stmt"/>
      <line num="266" count="1" type="stmt"/>
      <line num="267" count="1" type="stmt"/>
      <line num="269" count="46" type="stmt"/>
      <line num="270" count="46" type="stmt"/>
      <line num="272" count="46" type="stmt"/>
    </file>
    <file name="index.ts" path="/Users/mrk/Workspace/Agentic/research/snapfzz-startup-launcher/plugins/settings-performance/src/index.ts">
      <metrics statements="31" coveredstatements="31" conditionals="2" coveredconditionals="2" methods="3" coveredmethods="2"/>
      <line num="3" count="1" type="stmt"/>
      <line num="6" count="1" type="stmt"/>
      <line num="7" count="1" type="stmt"/>
      <line num="8" count="1" type="stmt"/>
      <line num="9" count="1" type="stmt"/>
      <line num="10" count="1" type="stmt"/>
      <line num="11" count="1" type="stmt"/>
      <line num="12" count="1" type="stmt"/>
      <line num="15" count="1" type="stmt"/>
      <line num="16" count="1" type="stmt"/>
      <line num="17" count="1" type="stmt"/>
      <line num="18" count="1" type="stmt"/>
      <line num="19" count="1" type="stmt"/>
      <line num="20" count="1" type="stmt"/>
      <line num="22" count="1" type="stmt"/>
      <line num="24" count="1" type="stmt"/>
      <line num="25" count="1" type="stmt"/>
      <line num="26" count="1" type="stmt"/>
      <line num="27" count="1" type="stmt"/>
      <line num="28" count="1" type="stmt"/>
      <line num="29" count="1" type="stmt"/>
      <line num="30" count="1" type="stmt"/>
      <line num="31" count="1" type="stmt"/>
      <line num="32" count="1" type="stmt"/>
      <line num="33" count="1" type="stmt"/>
      <line num="35" count="1" type="cond" truecount="1" falsecount="0"/>
      <line num="36" count="3" type="stmt"/>
      <line num="37" count="3" type="cond" truecount="1" falsecount="0"/>
      <line num="38" count="3" type="stmt"/>
      <line num="39" count="3" type="stmt"/>
      <line num="40" count="1" type="stmt"/>
    </file>
  </project>
</coverage>
