{"/Users/mrk/Workspace/Agentic/research/snapfzz-startup-launcher/plugins/settings-performance/src/PerformanceSettings.tsx": {"path":"/Users/mrk/Workspace/Agentic/research/snapfzz-startup-launcher/plugins/settings-performance/src/PerformanceSettings.tsx","all":false,"statementMap":{"2":{"start":{"line":3,"column":0},"end":{"line":3,"column":57}},"3":{"start":{"line":4,"column":0},"end":{"line":4,"column":64}},"4":{"start":{"line":5,"column":0},"end":{"line":5,"column":68}},"6":{"start":{"line":7,"column":0},"end":{"line":7,"column":28}},"26":{"start":{"line":27,"column":0},"end":{"line":27,"column":33}},"29":{"start":{"line":30,"column":0},"end":{"line":30,"column":43}},"30":{"start":{"line":31,"column":0},"end":{"line":31,"column":54}},"31":{"start":{"line":32,"column":0},"end":{"line":32,"column":56}},"32":{"start":{"line":33,"column":0},"end":{"line":33,"column":41}},"33":{"start":{"line":34,"column":0},"end":{"line":34,"column":1}},"35":{"start":{"line":36,"column":0},"end":{"line":36,"column":51}},"36":{"start":{"line":37,"column":0},"end":{"line":37,"column":28}},"37":{"start":{"line":38,"column":0},"end":{"line":38,"column":57}},"38":{"start":{"line":39,"column":0},"end":{"line":39,"column":1}},"40":{"start":{"line":41,"column":0},"end":{"line":41,"column":35}},"42":{"start":{"line":43,"column":0},"end":{"line":43,"column":92}},"43":{"start":{"line":44,"column":0},"end":{"line":44,"column":41}},"44":{"start":{"line":45,"column":0},"end":{"line":45,"column":1}},"48":{"start":{"line":49,"column":0},"end":{"line":49,"column":47}},"49":{"start":{"line":50,"column":0},"end":{"line":50,"column":29}},"50":{"start":{"line":51,"column":0},"end":{"line":51,"column":23}},"51":{"start":{"line":52,"column":0},"end":{"line":52,"column":21}},"52":{"start":{"line":53,"column":0},"end":{"line":53,"column":2}},"54":{"start":{"line":55,"column":0},"end":{"line":55,"column":47}},"55":{"start":{"line":56,"column":0},"end":{"line":56,"column":69}},"56":{"start":{"line":57,"column":0},"end":{"line":57,"column":59}},"57":{"start":{"line":58,"column":0},"end":{"line":58,"column":75}},"58":{"start":{"line":59,"column":0},"end":{"line":59,"column":46}},"59":{"start":{"line":60,"column":0},"end":{"line":60,"column":56}},"61":{"start":{"line":62,"column":0},"end":{"line":62,"column":44}},"63":{"start":{"line":64,"column":0},"end":{"line":64,"column":48}},"64":{"start":{"line":65,"column":0},"end":{"line":65,"column":9}},"65":{"start":{"line":66,"column":0},"end":{"line":66,"column":71}},"66":{"start":{"line":67,"column":0},"end":{"line":67,"column":23}},"67":{"start":{"line":68,"column":0},"end":{"line":68,"column":59}},"68":{"start":{"line":69,"column":0},"end":{"line":69,"column":34}},"69":{"start":{"line":70,"column":0},"end":{"line":70,"column":24}},"70":{"start":{"line":71,"column":0},"end":{"line":71,"column":32}},"71":{"start":{"line":72,"column":0},"end":{"line":72,"column":7}},"72":{"start":{"line":73,"column":0},"end":{"line":73,"column":13}},"74":{"start":{"line":75,"column":0},"end":{"line":75,"column":5}},"75":{"start":{"line":76,"column":0},"end":{"line":76,"column":9}},"77":{"start":{"line":78,"column":0},"end":{"line":78,"column":19}},"78":{"start":{"line":79,"column":0},"end":{"line":79,"column":24}},"79":{"start":{"line":80,"column":0},"end":{"line":80,"column":80}},"80":{"start":{"line":81,"column":0},"end":{"line":81,"column":35}},"81":{"start":{"line":82,"column":0},"end":{"line":82,"column":21}},"85":{"start":{"line":86,"column":0},"end":{"line":86,"column":70}},"86":{"start":{"line":87,"column":0},"end":{"line":87,"column":90}},"87":{"start":{"line":88,"column":0},"end":{"line":88,"column":79}},"88":{"start":{"line":89,"column":0},"end":{"line":89,"column":84}},"90":{"start":{"line":91,"column":0},"end":{"line":91,"column":10}},"91":{"start":{"line":92,"column":0},"end":{"line":92,"column":40}},"92":{"start":{"line":93,"column":0},"end":{"line":93,"column":21}},"93":{"start":{"line":94,"column":0},"end":{"line":94,"column":27}},"94":{"start":{"line":95,"column":0},"end":{"line":95,"column":25}},"95":{"start":{"line":96,"column":0},"end":{"line":96,"column":23}},"96":{"start":{"line":97,"column":0},"end":{"line":97,"column":33}},"97":{"start":{"line":98,"column":0},"end":{"line":98,"column":29}},"98":{"start":{"line":99,"column":0},"end":{"line":99,"column":26}},"99":{"start":{"line":100,"column":0},"end":{"line":100,"column":15}},"100":{"start":{"line":101,"column":0},"end":{"line":101,"column":87}},"101":{"start":{"line":102,"column":0},"end":{"line":102,"column":85}},"102":{"start":{"line":103,"column":0},"end":{"line":103,"column":38}},"103":{"start":{"line":104,"column":0},"end":{"line":104,"column":33}},"104":{"start":{"line":105,"column":0},"end":{"line":105,"column":58}},"105":{"start":{"line":106,"column":0},"end":{"line":106,"column":29}},"106":{"start":{"line":107,"column":0},"end":{"line":107,"column":27}},"107":{"start":{"line":108,"column":0},"end":{"line":108,"column":10}},"108":{"start":{"line":109,"column":0},"end":{"line":109,"column":51}},"110":{"start":{"line":111,"column":0},"end":{"line":111,"column":22}},"111":{"start":{"line":112,"column":0},"end":{"line":112,"column":33}},"112":{"start":{"line":113,"column":0},"end":{"line":113,"column":31}},"113":{"start":{"line":114,"column":0},"end":{"line":114,"column":17}},"114":{"start":{"line":115,"column":0},"end":{"line":115,"column":29}},"115":{"start":{"line":116,"column":0},"end":{"line":116,"column":27}},"116":{"start":{"line":117,"column":0},"end":{"line":117,"column":78}},"117":{"start":{"line":118,"column":0},"end":{"line":118,"column":23}},"118":{"start":{"line":119,"column":0},"end":{"line":119,"column":26}},"119":{"start":{"line":120,"column":0},"end":{"line":120,"column":73}},"120":{"start":{"line":121,"column":0},"end":{"line":121,"column":11}},"121":{"start":{"line":122,"column":0},"end":{"line":122,"column":24}},"122":{"start":{"line":123,"column":0},"end":{"line":123,"column":21}},"123":{"start":{"line":124,"column":0},"end":{"line":124,"column":22}},"124":{"start":{"line":125,"column":0},"end":{"line":125,"column":32}},"125":{"start":{"line":126,"column":0},"end":{"line":126,"column":80}},"126":{"start":{"line":127,"column":0},"end":{"line":127,"column":74}},"127":{"start":{"line":128,"column":0},"end":{"line":128,"column":15}},"128":{"start":{"line":129,"column":0},"end":{"line":129,"column":40}},"129":{"start":{"line":130,"column":0},"end":{"line":130,"column":15}},"130":{"start":{"line":131,"column":0},"end":{"line":131,"column":23}},"131":{"start":{"line":132,"column":0},"end":{"line":132,"column":92}},"132":{"start":{"line":133,"column":0},"end":{"line":133,"column":59}},"133":{"start":{"line":134,"column":0},"end":{"line":134,"column":11}},"134":{"start":{"line":135,"column":0},"end":{"line":135,"column":76}},"135":{"start":{"line":136,"column":0},"end":{"line":136,"column":107}},"137":{"start":{"line":138,"column":0},"end":{"line":138,"column":46}},"138":{"start":{"line":139,"column":0},"end":{"line":139,"column":22}},"139":{"start":{"line":140,"column":0},"end":{"line":140,"column":26}},"140":{"start":{"line":141,"column":0},"end":{"line":141,"column":65}},"142":{"start":{"line":143,"column":0},"end":{"line":143,"column":19}},"143":{"start":{"line":144,"column":0},"end":{"line":144,"column":68}},"144":{"start":{"line":145,"column":0},"end":{"line":145,"column":82}},"145":{"start":{"line":146,"column":0},"end":{"line":146,"column":36}},"146":{"start":{"line":147,"column":0},"end":{"line":147,"column":24}},"147":{"start":{"line":148,"column":0},"end":{"line":148,"column":17}},"148":{"start":{"line":149,"column":0},"end":{"line":149,"column":98}},"149":{"start":{"line":150,"column":0},"end":{"line":150,"column":102}},"150":{"start":{"line":151,"column":0},"end":{"line":151,"column":22}},"151":{"start":{"line":152,"column":0},"end":{"line":152,"column":20}},"152":{"start":{"line":153,"column":0},"end":{"line":153,"column":24}},"153":{"start":{"line":154,"column":0},"end":{"line":154,"column":23}},"154":{"start":{"line":155,"column":0},"end":{"line":155,"column":71}},"155":{"start":{"line":156,"column":0},"end":{"line":156,"column":154}},"156":{"start":{"line":157,"column":0},"end":{"line":157,"column":19}},"158":{"start":{"line":159,"column":0},"end":{"line":159,"column":16}},"159":{"start":{"line":160,"column":0},"end":{"line":160,"column":13}},"162":{"start":{"line":163,"column":0},"end":{"line":163,"column":11}},"163":{"start":{"line":164,"column":0},"end":{"line":164,"column":307}},"164":{"start":{"line":165,"column":0},"end":{"line":165,"column":107}},"166":{"start":{"line":167,"column":0},"end":{"line":167,"column":71}},"167":{"start":{"line":168,"column":0},"end":{"line":168,"column":76}},"168":{"start":{"line":169,"column":0},"end":{"line":169,"column":88}},"169":{"start":{"line":170,"column":0},"end":{"line":170,"column":73}},"170":{"start":{"line":171,"column":0},"end":{"line":171,"column":113}},"171":{"start":{"line":172,"column":0},"end":{"line":172,"column":19}},"172":{"start":{"line":173,"column":0},"end":{"line":173,"column":16}},"173":{"start":{"line":174,"column":0},"end":{"line":174,"column":76}},"174":{"start":{"line":175,"column":0},"end":{"line":175,"column":92}},"175":{"start":{"line":176,"column":0},"end":{"line":176,"column":73}},"176":{"start":{"line":177,"column":0},"end":{"line":177,"column":58}},"177":{"start":{"line":178,"column":0},"end":{"line":178,"column":19}},"178":{"start":{"line":179,"column":0},"end":{"line":179,"column":16}},"179":{"start":{"line":180,"column":0},"end":{"line":180,"column":16}},"180":{"start":{"line":181,"column":0},"end":{"line":181,"column":13}},"183":{"start":{"line":184,"column":0},"end":{"line":184,"column":11}},"184":{"start":{"line":185,"column":0},"end":{"line":185,"column":80}},"185":{"start":{"line":186,"column":0},"end":{"line":186,"column":107}},"187":{"start":{"line":188,"column":0},"end":{"line":188,"column":17}},"188":{"start":{"line":189,"column":0},"end":{"line":189,"column":26}},"189":{"start":{"line":190,"column":0},"end":{"line":190,"column":43}},"190":{"start":{"line":191,"column":0},"end":{"line":191,"column":39}},"191":{"start":{"line":192,"column":0},"end":{"line":192,"column":96}},"192":{"start":{"line":193,"column":0},"end":{"line":193,"column":22}},"193":{"start":{"line":194,"column":0},"end":{"line":194,"column":10}},"194":{"start":{"line":195,"column":0},"end":{"line":195,"column":13}},"197":{"start":{"line":198,"column":0},"end":{"line":198,"column":11}},"198":{"start":{"line":199,"column":0},"end":{"line":199,"column":83}},"199":{"start":{"line":200,"column":0},"end":{"line":200,"column":107}},"201":{"start":{"line":202,"column":0},"end":{"line":202,"column":71}},"202":{"start":{"line":203,"column":0},"end":{"line":203,"column":76}},"203":{"start":{"line":204,"column":0},"end":{"line":204,"column":92}},"204":{"start":{"line":205,"column":0},"end":{"line":205,"column":73}},"205":{"start":{"line":206,"column":0},"end":{"line":206,"column":22}},"206":{"start":{"line":207,"column":0},"end":{"line":207,"column":129}},"207":{"start":{"line":208,"column":0},"end":{"line":208,"column":22}},"208":{"start":{"line":209,"column":0},"end":{"line":209,"column":19}},"209":{"start":{"line":210,"column":0},"end":{"line":210,"column":16}},"210":{"start":{"line":211,"column":0},"end":{"line":211,"column":19}},"211":{"start":{"line":212,"column":0},"end":{"line":212,"column":28}},"212":{"start":{"line":213,"column":0},"end":{"line":213,"column":45}},"213":{"start":{"line":214,"column":0},"end":{"line":214,"column":41}},"214":{"start":{"line":215,"column":0},"end":{"line":215,"column":24}},"215":{"start":{"line":216,"column":0},"end":{"line":216,"column":25}},"216":{"start":{"line":217,"column":0},"end":{"line":217,"column":21}},"217":{"start":{"line":218,"column":0},"end":{"line":218,"column":55}},"218":{"start":{"line":219,"column":0},"end":{"line":219,"column":28}},"219":{"start":{"line":220,"column":0},"end":{"line":220,"column":44}},"220":{"start":{"line":221,"column":0},"end":{"line":221,"column":21}},"222":{"start":{"line":223,"column":0},"end":{"line":223,"column":12}},"223":{"start":{"line":224,"column":0},"end":{"line":224,"column":16}},"224":{"start":{"line":225,"column":0},"end":{"line":225,"column":13}},"227":{"start":{"line":228,"column":0},"end":{"line":228,"column":11}},"228":{"start":{"line":229,"column":0},"end":{"line":229,"column":84}},"229":{"start":{"line":230,"column":0},"end":{"line":230,"column":107}},"231":{"start":{"line":232,"column":0},"end":{"line":232,"column":17}},"232":{"start":{"line":233,"column":0},"end":{"line":233,"column":29}},"233":{"start":{"line":234,"column":0},"end":{"line":234,"column":46}},"234":{"start":{"line":235,"column":0},"end":{"line":235,"column":39}},"235":{"start":{"line":236,"column":0},"end":{"line":236,"column":106}},"236":{"start":{"line":237,"column":0},"end":{"line":237,"column":22}},"237":{"start":{"line":238,"column":0},"end":{"line":238,"column":10}},"238":{"start":{"line":239,"column":0},"end":{"line":239,"column":13}},"241":{"start":{"line":242,"column":0},"end":{"line":242,"column":11}},"242":{"start":{"line":243,"column":0},"end":{"line":243,"column":84}},"243":{"start":{"line":244,"column":0},"end":{"line":244,"column":107}},"245":{"start":{"line":246,"column":0},"end":{"line":246,"column":17}},"246":{"start":{"line":247,"column":0},"end":{"line":247,"column":30}},"247":{"start":{"line":248,"column":0},"end":{"line":248,"column":47}},"248":{"start":{"line":249,"column":0},"end":{"line":249,"column":39}},"249":{"start":{"line":250,"column":0},"end":{"line":250,"column":99}},"250":{"start":{"line":251,"column":0},"end":{"line":251,"column":22}},"251":{"start":{"line":252,"column":0},"end":{"line":252,"column":10}},"252":{"start":{"line":253,"column":0},"end":{"line":253,"column":13}},"254":{"start":{"line":255,"column":0},"end":{"line":255,"column":57}},"255":{"start":{"line":256,"column":0},"end":{"line":256,"column":13}},"256":{"start":{"line":257,"column":0},"end":{"line":257,"column":96}},"257":{"start":{"line":258,"column":0},"end":{"line":258,"column":97}},"259":{"start":{"line":260,"column":0},"end":{"line":260,"column":47}},"260":{"start":{"line":261,"column":0},"end":{"line":261,"column":51}},"261":{"start":{"line":262,"column":0},"end":{"line":262,"column":87}},"262":{"start":{"line":263,"column":0},"end":{"line":263,"column":21}},"263":{"start":{"line":264,"column":0},"end":{"line":264,"column":21}},"264":{"start":{"line":265,"column":0},"end":{"line":265,"column":15}},"265":{"start":{"line":266,"column":0},"end":{"line":266,"column":18}},"266":{"start":{"line":267,"column":0},"end":{"line":267,"column":15}},"268":{"start":{"line":269,"column":0},"end":{"line":269,"column":12}},"269":{"start":{"line":270,"column":0},"end":{"line":270,"column":10}},"271":{"start":{"line":272,"column":0},"end":{"line":272,"column":1}}},"s":{"2":1,"3":1,"4":1,"6":1,"26":1,"29":184,"30":184,"31":184,"32":184,"33":184,"35":92,"36":92,"37":92,"38":92,"40":1,"42":24,"43":24,"44":24,"48":1,"49":1,"50":1,"51":1,"52":1,"54":46,"55":46,"56":46,"57":46,"58":46,"59":46,"61":46,"63":46,"64":24,"65":24,"66":22,"67":22,"68":22,"69":22,"70":22,"71":22,"72":24,"74":1,"75":46,"77":46,"78":23,"79":23,"80":23,"81":46,"85":46,"86":46,"87":46,"88":46,"90":46,"91":46,"92":46,"93":46,"94":46,"95":46,"96":46,"97":46,"98":0,"99":0,"100":0,"101":0,"102":0,"103":0,"104":0,"105":0,"106":0,"107":0,"108":46,"110":46,"111":46,"112":46,"113":46,"114":46,"115":46,"116":46,"117":46,"118":46,"119":46,"120":46,"121":46,"122":46,"123":46,"124":46,"125":46,"126":46,"127":46,"128":46,"129":46,"130":46,"131":46,"132":46,"133":46,"134":46,"135":46,"137":46,"138":46,"139":46,"140":46,"142":46,"143":46,"144":138,"145":138,"146":138,"147":46,"148":46,"149":46,"150":46,"151":46,"152":46,"153":46,"154":23,"155":23,"156":23,"158":46,"159":46,"162":46,"163":46,"164":46,"166":46,"167":46,"168":46,"169":46,"170":46,"171":46,"172":46,"173":46,"174":46,"175":46,"176":46,"177":46,"178":46,"179":46,"180":46,"183":46,"184":46,"185":46,"187":46,"188":46,"189":46,"190":46,"191":46,"192":46,"193":46,"194":46,"197":46,"198":46,"199":46,"201":46,"202":46,"203":46,"204":46,"205":46,"206":23,"207":23,"208":46,"209":46,"210":46,"211":46,"212":46,"213":46,"214":46,"215":46,"216":45,"217":22,"218":22,"219":0,"220":23,"222":46,"223":46,"224":46,"227":46,"228":46,"229":46,"231":46,"232":46,"233":46,"234":46,"235":46,"236":46,"237":46,"238":46,"241":46,"242":46,"243":46,"245":46,"246":46,"247":46,"248":46,"249":46,"250":46,"251":46,"252":46,"254":46,"255":1,"256":1,"257":1,"259":1,"260":1,"261":1,"262":1,"263":1,"264":1,"265":1,"266":1,"268":46,"269":46,"271":46},"branchMap":{"0":{"type":"branch","line":30,"loc":{"start":{"line":30,"column":0},"end":{"line":34,"column":1}},"locations":[{"start":{"line":30,"column":0},"end":{"line":34,"column":1}}]},"1":{"type":"branch","line":31,"loc":{"start":{"line":31,"column":17},"end":{"line":31,"column":54}},"locations":[{"start":{"line":31,"column":17},"end":{"line":31,"column":54}}]},"2":{"type":"branch","line":32,"loc":{"start":{"line":32,"column":17},"end":{"line":32,"column":56}},"locations":[{"start":{"line":32,"column":17},"end":{"line":32,"column":56}}]},"3":{"type":"branch","line":36,"loc":{"start":{"line":36,"column":0},"end":{"line":39,"column":1}},"locations":[{"start":{"line":36,"column":0},"end":{"line":39,"column":1}}]},"4":{"type":"branch","line":37,"loc":{"start":{"line":37,"column":19},"end":{"line":37,"column":28}},"locations":[{"start":{"line":37,"column":19},"end":{"line":37,"column":28}}]},"5":{"type":"branch","line":43,"loc":{"start":{"line":43,"column":0},"end":{"line":45,"column":1}},"locations":[{"start":{"line":43,"column":0},"end":{"line":45,"column":1}}]},"6":{"type":"branch","line":55,"loc":{"start":{"line":55,"column":0},"end":{"line":272,"column":1}},"locations":[{"start":{"line":55,"column":0},"end":{"line":272,"column":1}}]},"7":{"type":"branch","line":86,"loc":{"start":{"line":86,"column":17},"end":{"line":86,"column":68}},"locations":[{"start":{"line":86,"column":17},"end":{"line":86,"column":68}}]},"8":{"type":"branch","line":86,"loc":{"start":{"line":86,"column":64},"end":{"line":86,"column":70}},"locations":[{"start":{"line":86,"column":64},"end":{"line":86,"column":70}}]},"9":{"type":"branch","line":87,"loc":{"start":{"line":87,"column":17},"end":{"line":87,"column":88}},"locations":[{"start":{"line":87,"column":17},"end":{"line":87,"column":88}}]},"10":{"type":"branch","line":87,"loc":{"start":{"line":87,"column":39},"end":{"line":87,"column":61}},"locations":[{"start":{"line":87,"column":39},"end":{"line":87,"column":61}}]},"11":{"type":"branch","line":87,"loc":{"start":{"line":87,"column":84},"end":{"line":87,"column":90}},"locations":[{"start":{"line":87,"column":84},"end":{"line":87,"column":90}}]},"12":{"type":"branch","line":88,"loc":{"start":{"line":88,"column":20},"end":{"line":88,"column":77}},"locations":[{"start":{"line":88,"column":20},"end":{"line":88,"column":77}}]},"13":{"type":"branch","line":88,"loc":{"start":{"line":88,"column":73},"end":{"line":88,"column":79}},"locations":[{"start":{"line":88,"column":73},"end":{"line":88,"column":79}}]},"14":{"type":"branch","line":89,"loc":{"start":{"line":89,"column":21},"end":{"line":89,"column":82}},"locations":[{"start":{"line":89,"column":21},"end":{"line":89,"column":82}}]},"15":{"type":"branch","line":89,"loc":{"start":{"line":89,"column":78},"end":{"line":89,"column":84}},"locations":[{"start":{"line":89,"column":78},"end":{"line":89,"column":84}}]},"16":{"type":"branch","line":117,"loc":{"start":{"line":117,"column":22},"end":{"line":117,"column":56}},"locations":[{"start":{"line":117,"column":22},"end":{"line":117,"column":56}}]},"17":{"type":"branch","line":117,"loc":{"start":{"line":117,"column":32},"end":{"line":117,"column":78}},"locations":[{"start":{"line":117,"column":32},"end":{"line":117,"column":78}}]},"18":{"type":"branch","line":120,"loc":{"start":{"line":120,"column":17},"end":{"line":120,"column":52}},"locations":[{"start":{"line":120,"column":17},"end":{"line":120,"column":52}}]},"19":{"type":"branch","line":120,"loc":{"start":{"line":120,"column":27},"end":{"line":120,"column":73}},"locations":[{"start":{"line":120,"column":27},"end":{"line":120,"column":73}}]},"20":{"type":"branch","line":126,"loc":{"start":{"line":126,"column":24},"end":{"line":126,"column":59}},"locations":[{"start":{"line":126,"column":24},"end":{"line":126,"column":59}}]},"21":{"type":"branch","line":126,"loc":{"start":{"line":126,"column":34},"end":{"line":126,"column":80}},"locations":[{"start":{"line":126,"column":34},"end":{"line":126,"column":80}}]},"22":{"type":"branch","line":127,"loc":{"start":{"line":127,"column":23},"end":{"line":127,"column":67}},"locations":[{"start":{"line":127,"column":23},"end":{"line":127,"column":67}}]},"23":{"type":"branch","line":127,"loc":{"start":{"line":127,"column":33},"end":{"line":127,"column":74}},"locations":[{"start":{"line":127,"column":33},"end":{"line":127,"column":74}}]},"24":{"type":"branch","line":129,"loc":{"start":{"line":129,"column":11},"end":{"line":129,"column":30}},"locations":[{"start":{"line":129,"column":11},"end":{"line":129,"column":30}}]},"25":{"type":"branch","line":129,"loc":{"start":{"line":129,"column":21},"end":{"line":129,"column":40}},"locations":[{"start":{"line":129,"column":21},"end":{"line":129,"column":40}}]},"26":{"type":"branch","line":154,"loc":{"start":{"line":154,"column":11},"end":{"line":157,"column":19}},"locations":[{"start":{"line":154,"column":11},"end":{"line":157,"column":19}}]},"27":{"type":"branch","line":164,"loc":{"start":{"line":164,"column":146},"end":{"line":164,"column":299}},"locations":[{"start":{"line":164,"column":146},"end":{"line":164,"column":299}}]},"28":{"type":"branch","line":171,"loc":{"start":{"line":171,"column":15},"end":{"line":171,"column":109}},"locations":[{"start":{"line":171,"column":15},"end":{"line":171,"column":109}}]},"29":{"type":"branch","line":171,"loc":{"start":{"line":171,"column":86},"end":{"line":171,"column":103}},"locations":[{"start":{"line":171,"column":86},"end":{"line":171,"column":103}}]},"30":{"type":"branch","line":171,"loc":{"start":{"line":171,"column":103},"end":{"line":171,"column":113}},"locations":[{"start":{"line":171,"column":103},"end":{"line":171,"column":113}}]},"31":{"type":"branch","line":177,"loc":{"start":{"line":177,"column":15},"end":{"line":177,"column":54}},"locations":[{"start":{"line":177,"column":15},"end":{"line":177,"column":54}}]},"32":{"type":"branch","line":177,"loc":{"start":{"line":177,"column":47},"end":{"line":177,"column":58}},"locations":[{"start":{"line":177,"column":47},"end":{"line":177,"column":58}}]},"33":{"type":"branch","line":206,"loc":{"start":{"line":206,"column":15},"end":{"line":207,"column":129}},"locations":[{"start":{"line":206,"column":15},"end":{"line":207,"column":129}}]},"34":{"type":"branch","line":207,"loc":{"start":{"line":207,"column":90},"end":{"line":207,"column":97}},"locations":[{"start":{"line":207,"column":90},"end":{"line":207,"column":97}}]},"35":{"type":"branch","line":207,"loc":{"start":{"line":207,"column":124},"end":{"line":208,"column":22}},"locations":[{"start":{"line":207,"column":124},"end":{"line":208,"column":22}}]},"36":{"type":"branch","line":255,"loc":{"start":{"line":255,"column":7},"end":{"line":255,"column":57}},"locations":[{"start":{"line":255,"column":7},"end":{"line":255,"column":57}}]},"37":{"type":"branch","line":255,"loc":{"start":{"line":255,"column":51},"end":{"line":267,"column":15}},"locations":[{"start":{"line":255,"column":51},"end":{"line":267,"column":15}}]},"38":{"type":"branch","line":64,"loc":{"start":{"line":64,"column":35},"end":{"line":76,"column":5}},"locations":[{"start":{"line":64,"column":35},"end":{"line":76,"column":5}}]},"39":{"type":"branch","line":66,"loc":{"start":{"line":66,"column":69},"end":{"line":72,"column":7}},"locations":[{"start":{"line":66,"column":69},"end":{"line":72,"column":7}}]},"40":{"type":"branch","line":73,"loc":{"start":{"line":73,"column":4},"end":{"line":75,"column":5}},"locations":[{"start":{"line":73,"column":4},"end":{"line":75,"column":5}}]},"41":{"type":"branch","line":78,"loc":{"start":{"line":78,"column":12},"end":{"line":82,"column":5}},"locations":[{"start":{"line":78,"column":12},"end":{"line":82,"column":5}}]},"42":{"type":"branch","line":80,"loc":{"start":{"line":80,"column":27},"end":{"line":80,"column":59}},"locations":[{"start":{"line":80,"column":27},"end":{"line":80,"column":59}}]},"43":{"type":"branch","line":81,"loc":{"start":{"line":81,"column":11},"end":{"line":81,"column":35}},"locations":[{"start":{"line":81,"column":11},"end":{"line":81,"column":35}}]},"44":{"type":"branch","line":141,"loc":{"start":{"line":141,"column":22},"end":{"line":141,"column":65}},"locations":[{"start":{"line":141,"column":22},"end":{"line":141,"column":65}}]},"45":{"type":"branch","line":144,"loc":{"start":{"line":144,"column":60},"end":{"line":147,"column":24}},"locations":[{"start":{"line":144,"column":60},"end":{"line":147,"column":24}}]},"46":{"type":"branch","line":192,"loc":{"start":{"line":192,"column":18},"end":{"line":192,"column":96}},"locations":[{"start":{"line":192,"column":18},"end":{"line":192,"column":96}}]},"47":{"type":"branch","line":192,"loc":{"start":{"line":192,"column":24},"end":{"line":192,"column":92}},"locations":[{"start":{"line":192,"column":24},"end":{"line":192,"column":92}}]},"48":{"type":"branch","line":192,"loc":{"start":{"line":192,"column":72},"end":{"line":192,"column":96}},"locations":[{"start":{"line":192,"column":72},"end":{"line":192,"column":96}}]},"49":{"type":"branch","line":216,"loc":{"start":{"line":216,"column":20},"end":{"line":221,"column":21}},"locations":[{"start":{"line":216,"column":20},"end":{"line":221,"column":21}}]},"50":{"type":"branch","line":217,"loc":{"start":{"line":217,"column":14},"end":{"line":220,"column":44}},"locations":[{"start":{"line":217,"column":14},"end":{"line":220,"column":44}}]},"51":{"type":"branch","line":219,"loc":{"start":{"line":219,"column":20},"end":{"line":220,"column":44}},"locations":[{"start":{"line":219,"column":20},"end":{"line":220,"column":44}}]},"52":{"type":"branch","line":220,"loc":{"start":{"line":220,"column":28},"end":{"line":221,"column":21}},"locations":[{"start":{"line":220,"column":28},"end":{"line":221,"column":21}}]},"53":{"type":"branch","line":236,"loc":{"start":{"line":236,"column":18},"end":{"line":236,"column":106}},"locations":[{"start":{"line":236,"column":18},"end":{"line":236,"column":106}}]},"54":{"type":"branch","line":236,"loc":{"start":{"line":236,"column":24},"end":{"line":236,"column":102}},"locations":[{"start":{"line":236,"column":24},"end":{"line":236,"column":102}}]},"55":{"type":"branch","line":236,"loc":{"start":{"line":236,"column":78},"end":{"line":236,"column":106}},"locations":[{"start":{"line":236,"column":78},"end":{"line":236,"column":106}}]},"56":{"type":"branch","line":250,"loc":{"start":{"line":250,"column":18},"end":{"line":250,"column":99}},"locations":[{"start":{"line":250,"column":18},"end":{"line":250,"column":99}}]},"57":{"type":"branch","line":250,"loc":{"start":{"line":250,"column":24},"end":{"line":250,"column":95}},"locations":[{"start":{"line":250,"column":24},"end":{"line":250,"column":95}}]},"58":{"type":"branch","line":250,"loc":{"start":{"line":250,"column":82},"end":{"line":250,"column":99}},"locations":[{"start":{"line":250,"column":82},"end":{"line":250,"column":99}}]},"59":{"type":"branch","line":261,"loc":{"start":{"line":261,"column":41},"end":{"line":264,"column":21}},"locations":[{"start":{"line":261,"column":41},"end":{"line":264,"column":21}}]}},"b":{"0":[184],"1":[0],"2":[0],"3":[92],"4":[0],"5":[24],"6":[46],"7":[23],"8":[23],"9":[23],"10":[0],"11":[23],"12":[23],"13":[23],"14":[23],"15":[23],"16":[23],"17":[23],"18":[23],"19":[23],"20":[23],"21":[23],"22":[23],"23":[23],"24":[23],"25":[23],"26":[23],"27":[23],"28":[23],"29":[0],"30":[23],"31":[23],"32":[23],"33":[23],"34":[0],"35":[23],"36":[23],"37":[1],"38":[24],"39":[22],"40":[1],"41":[23],"42":[1],"43":[23],"44":[1],"45":[138],"46":[45],"47":[22],"48":[23],"49":[45],"50":[22],"51":[0],"52":[23],"53":[45],"54":[22],"55":[23],"56":[45],"57":[22],"58":[23],"59":[1]},"fnMap":{"0":{"name":"healthColor","decl":{"start":{"line":30,"column":0},"end":{"line":34,"column":1}},"loc":{"start":{"line":30,"column":0},"end":{"line":34,"column":1}},"line":30},"1":{"name":"pct","decl":{"start":{"line":36,"column":0},"end":{"line":39,"column":1}},"loc":{"start":{"line":36,"column":0},"end":{"line":39,"column":1}},"line":36},"2":{"name":"tauriInvoke","decl":{"start":{"line":43,"column":0},"end":{"line":45,"column":1}},"loc":{"start":{"line":43,"column":0},"end":{"line":45,"column":1}},"line":43},"3":{"name":"PerformanceSettings","decl":{"start":{"line":55,"column":0},"end":{"line":272,"column":1}},"loc":{"start":{"line":55,"column":0},"end":{"line":272,"column":1}},"line":55},"4":{"name":"onSave","decl":{"start":{"line":98,"column":16},"end":{"line":108,"column":10}},"loc":{"start":{"line":98,"column":16},"end":{"line":108,"column":10}},"line":98},"5":{"name":"onDiscard","decl":{"start":{"line":109,"column":19},"end":{"line":109,"column":51}},"loc":{"start":{"line":109,"column":19},"end":{"line":109,"column":51}},"line":109},"6":{"name":"onChange","decl":{"start":{"line":141,"column":22},"end":{"line":141,"column":65}},"loc":{"start":{"line":141,"column":22},"end":{"line":141,"column":65}},"line":141},"7":{"name":"format","decl":{"start":{"line":192,"column":18},"end":{"line":192,"column":96}},"loc":{"start":{"line":192,"column":18},"end":{"line":192,"column":96}},"line":192},"8":{"name":"format","decl":{"start":{"line":216,"column":20},"end":{"line":221,"column":21}},"loc":{"start":{"line":216,"column":20},"end":{"line":221,"column":21}},"line":216},"9":{"name":"format","decl":{"start":{"line":236,"column":18},"end":{"line":236,"column":106}},"loc":{"start":{"line":236,"column":18},"end":{"line":236,"column":106}},"line":236},"10":{"name":"format","decl":{"start":{"line":250,"column":18},"end":{"line":250,"column":99}},"loc":{"start":{"line":250,"column":18},"end":{"line":250,"column":99}},"line":250}},"f":{"0":184,"1":92,"2":24,"3":46,"4":0,"5":0,"6":1,"7":45,"8":45,"9":45,"10":45}}
,"/Users/mrk/Workspace/Agentic/research/snapfzz-startup-launcher/plugins/settings-performance/src/index.ts": {"path":"/Users/mrk/Workspace/Agentic/research/snapfzz-startup-launcher/plugins/settings-performance/src/index.ts","all":false,"statementMap":{"2":{"start":{"line":3,"column":0},"end":{"line":3,"column":51}},"5":{"start":{"line":6,"column":0},"end":{"line":6,"column":29}},"6":{"start":{"line":7,"column":0},"end":{"line":7,"column":37}},"7":{"start":{"line":8,"column":0},"end":{"line":8,"column":31}},"8":{"start":{"line":9,"column":0},"end":{"line":9,"column":19}},"9":{"start":{"line":10,"column":0},"end":{"line":10,"column":81}},"10":{"start":{"line":11,"column":0},"end":{"line":11,"column":27}},"11":{"start":{"line":12,"column":0},"end":{"line":12,"column":42}},"14":{"start":{"line":15,"column":0},"end":{"line":15,"column":11}},"15":{"start":{"line":16,"column":0},"end":{"line":16,"column":18}},"16":{"start":{"line":17,"column":0},"end":{"line":17,"column":49}},"17":{"start":{"line":18,"column":0},"end":{"line":18,"column":41}},"18":{"start":{"line":19,"column":0},"end":{"line":19,"column":61}},"19":{"start":{"line":20,"column":0},"end":{"line":20,"column":4}},"21":{"start":{"line":22,"column":0},"end":{"line":22,"column":16}},"23":{"start":{"line":24,"column":0},"end":{"line":24,"column":23}},"24":{"start":{"line":25,"column":0},"end":{"line":25,"column":7}},"25":{"start":{"line":26,"column":0},"end":{"line":26,"column":26}},"26":{"start":{"line":27,"column":0},"end":{"line":27,"column":29}},"27":{"start":{"line":28,"column":0},"end":{"line":28,"column":34}},"28":{"start":{"line":29,"column":0},"end":{"line":29,"column":17}},"29":{"start":{"line":30,"column":0},"end":{"line":30,"column":57}},"30":{"start":{"line":31,"column":0},"end":{"line":31,"column":8}},"31":{"start":{"line":32,"column":0},"end":{"line":32,"column":6}},"32":{"start":{"line":33,"column":0},"end":{"line":33,"column":4}},"34":{"start":{"line":35,"column":0},"end":{"line":35,"column":62}},"35":{"start":{"line":36,"column":0},"end":{"line":36,"column":12}},"36":{"start":{"line":37,"column":0},"end":{"line":37,"column":28}},"37":{"start":{"line":38,"column":0},"end":{"line":38,"column":6}},"38":{"start":{"line":39,"column":0},"end":{"line":39,"column":4}},"39":{"start":{"line":40,"column":0},"end":{"line":40,"column":3}}},"s":{"2":1,"5":1,"6":1,"7":1,"8":1,"9":1,"10":1,"11":1,"14":1,"15":1,"16":1,"17":1,"18":1,"19":1,"21":1,"23":1,"24":1,"25":1,"26":1,"27":1,"28":1,"29":1,"30":1,"31":1,"32":1,"34":1,"35":3,"36":3,"37":3,"38":3,"39":1},"branchMap":{"0":{"type":"branch","line":35,"loc":{"start":{"line":35,"column":2},"end":{"line":39,"column":4}},"locations":[{"start":{"line":35,"column":2},"end":{"line":39,"column":4}}]},"1":{"type":"branch","line":37,"loc":{"start":{"line":37,"column":6},"end":{"line":37,"column":28}},"locations":[{"start":{"line":37,"column":6},"end":{"line":37,"column":28}}]}},"b":{"0":[3],"1":[1]},"fnMap":{"0":{"name":"component","decl":{"start":{"line":30,"column":19},"end":{"line":30,"column":57}},"loc":{"start":{"line":30,"column":19},"end":{"line":30,"column":57}},"line":30},"1":{"name":"activate","decl":{"start":{"line":35,"column":2},"end":{"line":39,"column":4}},"loc":{"start":{"line":35,"column":2},"end":{"line":39,"column":4}},"line":35},"2":{"name":"deactivate","decl":{"start":{"line":37,"column":6},"end":{"line":37,"column":28}},"loc":{"start":{"line":37,"column":6},"end":{"line":37,"column":28}},"line":37}},"f":{"0":0,"1":3,"2":1}}
}
