{"total": {"lines":{"total":444,"covered":437,"skipped":0,"pct":98.42},"statements":{"total":464,"covered":457,"skipped":0,"pct":98.49},"functions":{"total":133,"covered":130,"skipped":0,"pct":97.74},"branches":{"total":152,"covered":133,"skipped":0,"pct":87.5},"branchesTrue":{"total":0,"covered":0,"skipped":0,"pct":"Unknown"}}
,"/Users/mrk/Workspace/Agentic/research/snapfzz-startup-launcher/frontend/packages/plugin-host/src/contribution-store.ts": {"lines":{"total":45,"covered":45,"skipped":0,"pct":100},"functions":{"total":37,"covered":36,"skipped":0,"pct":97.29},"statements":{"total":57,"covered":57,"skipped":0,"pct":100},"branches":{"total":4,"covered":4,"skipped":0,"pct":100}}
,"/Users/mrk/Workspace/Agentic/research/snapfzz-startup-launcher/frontend/packages/plugin-host/src/plugin-context-factory.ts": {"lines":{"total":108,"covered":106,"skipped":0,"pct":98.14},"functions":{"total":34,"covered":33,"skipped":0,"pct":97.05},"statements":{"total":108,"covered":106,"skipped":0,"pct":98.14},"branches":{"total":30,"covered":27,"skipped":0,"pct":90}}
,"/Users/mrk/Workspace/Agentic/research/snapfzz-startup-launcher/frontend/packages/plugin-host/src/plugin-discovery.ts": {"lines":{"total":20,"covered":20,"skipped":0,"pct":100},"functions":{"total":9,"covered":9,"skipped":0,"pct":100},"statements":{"total":21,"covered":21,"skipped":0,"pct":100},"branches":{"total":4,"covered":4,"skipped":0,"pct":100}}
,"/Users/mrk/Workspace/Agentic/research/snapfzz-startup-launcher/frontend/packages/plugin-host/src/plugin-error-boundary.tsx": {"lines":{"total":16,"covered":16,"skipped":0,"pct":100},"functions":{"total":5,"covered":5,"skipped":0,"pct":100},"statements":{"total":16,"covered":16,"skipped":0,"pct":100},"branches":{"total":8,"covered":8,"skipped":0,"pct":100}}
,"/Users/mrk/Workspace/Agentic/research/snapfzz-startup-launcher/frontend/packages/plugin-host/src/plugin-host.ts": {"lines":{"total":243,"covered":238,"skipped":0,"pct":97.94},"functions":{"total":43,"covered":42,"skipped":0,"pct":97.67},"statements":{"total":250,"covered":245,"skipped":0,"pct":98},"branches":{"total":104,"covered":88,"skipped":0,"pct":84.61}}
,"/Users/mrk/Workspace/Agentic/research/snapfzz-startup-launcher/frontend/packages/plugin-host/src/use-contribution-store.ts": {"lines":{"total":6,"covered":6,"skipped":0,"pct":100},"functions":{"total":3,"covered":3,"skipped":0,"pct":100},"statements":{"total":6,"covered":6,"skipped":0,"pct":100},"branches":{"total":0,"covered":0,"skipped":0,"pct":100}}
,"/Users/mrk/Workspace/Agentic/research/snapfzz-startup-launcher/frontend/packages/plugin-host/src/use-plugin-host.ts": {"lines":{"total":6,"covered":6,"skipped":0,"pct":100},"functions":{"total":2,"covered":2,"skipped":0,"pct":100},"statements":{"total":6,"covered":6,"skipped":0,"pct":100},"branches":{"total":2,"covered":2,"skipped":0,"pct":100}}
}
