{"/Users/mrk/Workspace/Agentic/research/snapfzz-startup-launcher/frontend/packages/plugin-host/src/contribution-store.ts": {"path":"/Users/mrk/Workspace/Agentic/research/snapfzz-startup-launcher/frontend/packages/plugin-host/src/contribution-store.ts","statementMap":{"0":{"start":{"line":27,"column":45},"end":{"line":27,"column":null}},"1":{"start":{"line":28,"column":45},"end":{"line":28,"column":null}},"2":{"start":{"line":29,"column":46},"end":{"line":29,"column":null}},"3":{"start":{"line":30,"column":50},"end":{"line":30,"column":null}},"4":{"start":{"line":31,"column":44},"end":{"line":31,"column":null}},"5":{"start":{"line":32,"column":46},"end":{"line":32,"column":null}},"6":{"start":{"line":33,"column":45},"end":{"line":33,"column":null}},"7":{"start":{"line":34,"column":55},"end":{"line":34,"column":null}},"8":{"start":{"line":36,"column":60},"end":{"line":36,"column":null}},"9":{"start":{"line":37,"column":39},"end":{"line":37,"column":null}},"10":{"start":{"line":39,"column":43},"end":{"line":39,"column":null}},"11":{"start":{"line":42,"column":4},"end":{"line":42,"column":null}},"12":{"start":{"line":42,"column":74},"end":{"line":42,"column":92}},"13":{"start":{"line":46,"column":4},"end":{"line":46,"column":null}},"14":{"start":{"line":46,"column":74},"end":{"line":46,"column":92}},"15":{"start":{"line":50,"column":4},"end":{"line":50,"column":null}},"16":{"start":{"line":50,"column":75},"end":{"line":50,"column":95}},"17":{"start":{"line":54,"column":4},"end":{"line":54,"column":null}},"18":{"start":{"line":54,"column":74},"end":{"line":54,"column":94}},"19":{"start":{"line":58,"column":4},"end":{"line":58,"column":null}},"20":{"start":{"line":58,"column":74},"end":{"line":58,"column":97}},"21":{"start":{"line":62,"column":4},"end":{"line":62,"column":null}},"22":{"start":{"line":62,"column":76},"end":{"line":62,"column":140}},"23":{"start":{"line":66,"column":4},"end":{"line":66,"column":null}},"24":{"start":{"line":66,"column":74},"end":{"line":66,"column":97}},"25":{"start":{"line":70,"column":4},"end":{"line":70,"column":null}},"26":{"start":{"line":70,"column":85},"end":{"line":70,"column":110}},"27":{"start":{"line":74,"column":4},"end":{"line":74,"column":null}},"28":{"start":{"line":74,"column":82},"end":{"line":74,"column":105}},"29":{"start":{"line":78,"column":4},"end":{"line":78,"column":null}},"30":{"start":{"line":82,"column":4},"end":{"line":82,"column":null}},"31":{"start":{"line":86,"column":4},"end":{"line":86,"column":null}},"32":{"start":{"line":90,"column":4},"end":{"line":90,"column":null}},"33":{"start":{"line":94,"column":4},"end":{"line":94,"column":null}},"34":{"start":{"line":98,"column":4},"end":{"line":98,"column":null}},"35":{"start":{"line":102,"column":4},"end":{"line":102,"column":null}},"36":{"start":{"line":106,"column":4},"end":{"line":106,"column":null}},"37":{"start":{"line":110,"column":4},"end":{"line":110,"column":null}},"38":{"start":{"line":114,"column":4},"end":{"line":114,"column":null}},"39":{"start":{"line":119,"column":4},"end":{"line":129,"column":null}},"40":{"start":{"line":133,"column":4},"end":{"line":133,"column":null}},"41":{"start":{"line":134,"column":4},"end":{"line":136,"column":null}},"42":{"start":{"line":135,"column":6},"end":{"line":135,"column":null}},"43":{"start":{"line":140,"column":4},"end":{"line":140,"column":null}},"44":{"start":{"line":141,"column":4},"end":{"line":141,"column":null}},"45":{"start":{"line":141,"column":17},"end":{"line":141,"column":null}},"46":{"start":{"line":149,"column":24},"end":{"line":149,"column":null}},"47":{"start":{"line":151,"column":26},"end":{"line":151,"column":null}},"48":{"start":{"line":151,"column":58},"end":{"line":151,"column":112}},"49":{"start":{"line":152,"column":4},"end":{"line":154,"column":null}},"50":{"start":{"line":153,"column":6},"end":{"line":153,"column":null}},"51":{"start":{"line":156,"column":4},"end":{"line":156,"column":null}},"52":{"start":{"line":157,"column":4},"end":{"line":157,"column":null}},"53":{"start":{"line":159,"column":4},"end":{"line":162,"column":null}},"54":{"start":{"line":160,"column":6},"end":{"line":160,"column":null}},"55":{"start":{"line":160,"column":59},"end":{"line":160,"column":114}},"56":{"start":{"line":161,"column":6},"end":{"line":161,"column":null}}},"fnMap":{"0":{"name":"(anonymous_0)","decl":{"start":{"line":41,"column":2},"end":{"line":41,"column":23}},"loc":{"start":{"line":41,"column":45},"end":{"line":43,"column":null}},"line":41},"1":{"name":"(anonymous_1)","decl":{"start":{"line":42,"column":64},"end":{"line":42,"column":65}},"loc":{"start":{"line":42,"column":74},"end":{"line":42,"column":92}},"line":42},"2":{"name":"(anonymous_2)","decl":{"start":{"line":45,"column":2},"end":{"line":45,"column":23}},"loc":{"start":{"line":45,"column":45},"end":{"line":47,"column":null}},"line":45},"3":{"name":"(anonymous_3)","decl":{"start":{"line":46,"column":64},"end":{"line":46,"column":65}},"loc":{"start":{"line":46,"column":74},"end":{"line":46,"column":92}},"line":46},"4":{"name":"(anonymous_4)","decl":{"start":{"line":49,"column":2},"end":{"line":49,"column":22}},"loc":{"start":{"line":49,"column":48},"end":{"line":51,"column":null}},"line":49},"5":{"name":"(anonymous_5)","decl":{"start":{"line":50,"column":65},"end":{"line":50,"column":66}},"loc":{"start":{"line":50,"column":75},"end":{"line":50,"column":95}},"line":50},"6":{"name":"(anonymous_6)","decl":{"start":{"line":53,"column":2},"end":{"line":53,"column":21}},"loc":{"start":{"line":53,"column":51},"end":{"line":55,"column":null}},"line":53},"7":{"name":"(anonymous_7)","decl":{"start":{"line":54,"column":63},"end":{"line":54,"column":64}},"loc":{"start":{"line":54,"column":74},"end":{"line":54,"column":94}},"line":54},"8":{"name":"(anonymous_8)","decl":{"start":{"line":57,"column":2},"end":{"line":57,"column":18}},"loc":{"start":{"line":57,"column":48},"end":{"line":59,"column":null}},"line":57},"9":{"name":"(anonymous_9)","decl":{"start":{"line":58,"column":63},"end":{"line":58,"column":64}},"loc":{"start":{"line":58,"column":74},"end":{"line":58,"column":97}},"line":58},"10":{"name":"(anonymous_10)","decl":{"start":{"line":61,"column":2},"end":{"line":61,"column":19}},"loc":{"start":{"line":61,"column":51},"end":{"line":63,"column":null}},"line":61},"11":{"name":"(anonymous_11)","decl":{"start":{"line":62,"column":65},"end":{"line":62,"column":66}},"loc":{"start":{"line":62,"column":76},"end":{"line":62,"column":140}},"line":62},"12":{"name":"(anonymous_12)","decl":{"start":{"line":65,"column":2},"end":{"line":65,"column":18}},"loc":{"start":{"line":65,"column":49},"end":{"line":67,"column":null}},"line":65},"13":{"name":"(anonymous_13)","decl":{"start":{"line":66,"column":63},"end":{"line":66,"column":64}},"loc":{"start":{"line":66,"column":74},"end":{"line":66,"column":97}},"line":66},"14":{"name":"(anonymous_14)","decl":{"start":{"line":69,"column":2},"end":{"line":69,"column":27}},"loc":{"start":{"line":69,"column":61},"end":{"line":71,"column":null}},"line":69},"15":{"name":"(anonymous_15)","decl":{"start":{"line":70,"column":74},"end":{"line":70,"column":75}},"loc":{"start":{"line":70,"column":85},"end":{"line":70,"column":110}},"line":70},"16":{"name":"(anonymous_16)","decl":{"start":{"line":73,"column":2},"end":{"line":73,"column":26}},"loc":{"start":{"line":73,"column":64},"end":{"line":75,"column":null}},"line":73},"17":{"name":"(anonymous_17)","decl":{"start":{"line":74,"column":71},"end":{"line":74,"column":72}},"loc":{"start":{"line":74,"column":82},"end":{"line":74,"column":105}},"line":74},"18":{"name":"(anonymous_18)","decl":{"start":{"line":77,"column":2},"end":{"line":77,"column":21}},"loc":{"start":{"line":77,"column":21},"end":{"line":79,"column":null}},"line":77},"19":{"name":"(anonymous_19)","decl":{"start":{"line":81,"column":2},"end":{"line":81,"column":21}},"loc":{"start":{"line":81,"column":21},"end":{"line":83,"column":null}},"line":81},"20":{"name":"(anonymous_20)","decl":{"start":{"line":85,"column":2},"end":{"line":85,"column":20}},"loc":{"start":{"line":85,"column":20},"end":{"line":87,"column":null}},"line":85},"21":{"name":"(anonymous_21)","decl":{"start":{"line":89,"column":2},"end":{"line":89,"column":19}},"loc":{"start":{"line":89,"column":19},"end":{"line":91,"column":null}},"line":89},"22":{"name":"(anonymous_22)","decl":{"start":{"line":93,"column":2},"end":{"line":93,"column":16}},"loc":{"start":{"line":93,"column":16},"end":{"line":95,"column":null}},"line":93},"23":{"name":"(anonymous_23)","decl":{"start":{"line":97,"column":2},"end":{"line":97,"column":17}},"loc":{"start":{"line":97,"column":17},"end":{"line":99,"column":null}},"line":97},"24":{"name":"(anonymous_24)","decl":{"start":{"line":101,"column":2},"end":{"line":101,"column":16}},"loc":{"start":{"line":101,"column":16},"end":{"line":103,"column":null}},"line":101},"25":{"name":"(anonymous_25)","decl":{"start":{"line":105,"column":2},"end":{"line":105,"column":25}},"loc":{"start":{"line":105,"column":25},"end":{"line":107,"column":null}},"line":105},"26":{"name":"(anonymous_26)","decl":{"start":{"line":109,"column":2},"end":{"line":109,"column":24}},"loc":{"start":{"line":109,"column":24},"end":{"line":111,"column":null}},"line":109},"27":{"name":"(anonymous_27)","decl":{"start":{"line":113,"column":2},"end":{"line":113,"column":38}},"loc":{"start":{"line":113,"column":38},"end":{"line":115,"column":null}},"line":113},"28":{"name":"(anonymous_28)","decl":{"start":{"line":117,"column":10},"end":{"line":117,"column":49}},"loc":{"start":{"line":117,"column":49},"end":{"line":130,"column":null}},"line":117},"29":{"name":"(anonymous_29)","decl":{"start":{"line":132,"column":10},"end":{"line":132,"column":19}},"loc":{"start":{"line":132,"column":19},"end":{"line":137,"column":null}},"line":132},"30":{"name":"(anonymous_30)","decl":{"start":{"line":139,"column":2},"end":{"line":139,"column":12}},"loc":{"start":{"line":139,"column":34},"end":{"line":142,"column":null}},"line":139},"31":{"name":"(anonymous_31)","decl":{"start":{"line":141,"column":11},"end":{"line":141,"column":17}},"loc":{"start":{"line":141,"column":17},"end":{"line":141,"column":null}},"line":141},"32":{"name":"(anonymous_32)","decl":{"start":{"line":144,"column":10},"end":{"line":144,"column":null}},"loc":{"start":{"line":148,"column":4},"end":{"line":163,"column":null}},"line":148},"33":{"name":"(anonymous_33)","decl":{"start":{"line":151,"column":48},"end":{"line":151,"column":49}},"loc":{"start":{"line":151,"column":58},"end":{"line":151,"column":112}},"line":151},"34":{"name":"(anonymous_34)","decl":{"start":{"line":153,"column":13},"end":{"line":153,"column":19}},"loc":{"start":{"line":153,"column":19},"end":{"line":153,"column":null}},"line":153},"35":{"name":"(anonymous_35)","decl":{"start":{"line":159,"column":11},"end":{"line":159,"column":17}},"loc":{"start":{"line":159,"column":17},"end":{"line":162,"column":null}},"line":159},"36":{"name":"(anonymous_36)","decl":{"start":{"line":160,"column":49},"end":{"line":160,"column":50}},"loc":{"start":{"line":160,"column":59},"end":{"line":160,"column":114}},"line":160}},"branchMap":{"0":{"loc":{"start":{"line":62,"column":76},"end":{"line":62,"column":140}},"type":"binary-expr","locations":[{"start":{"line":62,"column":76},"end":{"line":62,"column":114}},{"start":{"line":62,"column":114},"end":{"line":62,"column":140}}],"line":62},"1":{"loc":{"start":{"line":152,"column":4},"end":{"line":154,"column":null}},"type":"if","locations":[{"start":{"line":152,"column":4},"end":{"line":154,"column":null}},{"start":{},"end":{}}],"line":152}},"s":{"0":91,"1":91,"2":91,"3":91,"4":91,"5":91,"6":91,"7":91,"8":91,"9":91,"10":91,"11":11,"12":4,"13":6,"14":1,"15":3,"16":1,"17":3,"18":1,"19":4,"20":1,"21":4,"22":1,"23":3,"24":1,"25":4,"26":3,"27":9,"28":3,"29":7,"30":4,"31":4,"32":4,"33":3,"34":3,"35":1,"36":5,"37":6,"38":12,"39":142,"40":51,"41":51,"42":5,"43":7,"44":7,"45":4,"46":47,"47":47,"48":7,"49":47,"50":5,"51":42,"52":42,"53":42,"54":9,"55":9,"56":9},"f":{"0":11,"1":4,"2":6,"3":1,"4":3,"5":1,"6":3,"7":1,"8":4,"9":1,"10":4,"11":1,"12":3,"13":1,"14":4,"15":3,"16":9,"17":3,"18":7,"19":4,"20":4,"21":4,"22":3,"23":3,"24":1,"25":5,"26":6,"27":12,"28":142,"29":51,"30":7,"31":4,"32":47,"33":7,"34":0,"35":9,"36":9},"b":{"0":[1,1],"1":[5,42]},"meta":{"lastBranch":2,"lastFunction":37,"lastStatement":57,"seen":{"s:27:45:27:Infinity":0,"s:28:45:28:Infinity":1,"s:29:46:29:Infinity":2,"s:30:50:30:Infinity":3,"s:31:44:31:Infinity":4,"s:32:46:32:Infinity":5,"s:33:45:33:Infinity":6,"s:34:55:34:Infinity":7,"s:36:60:36:Infinity":8,"s:37:39:37:Infinity":9,"s:39:43:39:Infinity":10,"f:41:2:41:23":0,"s:42:4:42:Infinity":11,"f:42:64:42:65":1,"s:42:74:42:92":12,"f:45:2:45:23":2,"s:46:4:46:Infinity":13,"f:46:64:46:65":3,"s:46:74:46:92":14,"f:49:2:49:22":4,"s:50:4:50:Infinity":15,"f:50:65:50:66":5,"s:50:75:50:95":16,"f:53:2:53:21":6,"s:54:4:54:Infinity":17,"f:54:63:54:64":7,"s:54:74:54:94":18,"f:57:2:57:18":8,"s:58:4:58:Infinity":19,"f:58:63:58:64":9,"s:58:74:58:97":20,"f:61:2:61:19":10,"s:62:4:62:Infinity":21,"f:62:65:62:66":11,"s:62:76:62:140":22,"b:62:76:62:114:62:114:62:140":0,"f:65:2:65:18":12,"s:66:4:66:Infinity":23,"f:66:63:66:64":13,"s:66:74:66:97":24,"f:69:2:69:27":14,"s:70:4:70:Infinity":25,"f:70:74:70:75":15,"s:70:85:70:110":26,"f:73:2:73:26":16,"s:74:4:74:Infinity":27,"f:74:71:74:72":17,"s:74:82:74:105":28,"f:77:2:77:21":18,"s:78:4:78:Infinity":29,"f:81:2:81:21":19,"s:82:4:82:Infinity":30,"f:85:2:85:20":20,"s:86:4:86:Infinity":31,"f:89:2:89:19":21,"s:90:4:90:Infinity":32,"f:93:2:93:16":22,"s:94:4:94:Infinity":33,"f:97:2:97:17":23,"s:98:4:98:Infinity":34,"f:101:2:101:16":24,"s:102:4:102:Infinity":35,"f:105:2:105:25":25,"s:106:4:106:Infinity":36,"f:109:2:109:24":26,"s:110:4:110:Infinity":37,"f:113:2:113:38":27,"s:114:4:114:Infinity":38,"f:117:10:117:49":28,"s:119:4:129:Infinity":39,"f:132:10:132:19":29,"s:133:4:133:Infinity":40,"s:134:4:136:Infinity":41,"s:135:6:135:Infinity":42,"f:139:2:139:12":30,"s:140:4:140:Infinity":43,"s:141:4:141:Infinity":44,"f:141:11:141:17":31,"s:141:17:141:Infinity":45,"f:144:10:144:Infinity":32,"s:149:24:149:Infinity":46,"s:151:26:151:Infinity":47,"f:151:48:151:49":33,"s:151:58:151:112":48,"b:152:4:154:Infinity:undefined:undefined:undefined:undefined":1,"s:152:4:154:Infinity":49,"s:153:6:153:Infinity":50,"f:153:13:153:19":34,"s:156:4:156:Infinity":51,"s:157:4:157:Infinity":52,"s:159:4:162:Infinity":53,"f:159:11:159:17":35,"s:160:6:160:Infinity":54,"f:160:49:160:50":36,"s:160:59:160:114":55,"s:161:6:161:Infinity":56}}}
,"/Users/mrk/Workspace/Agentic/research/snapfzz-startup-launcher/frontend/packages/plugin-host/src/plugin-context-factory.ts": {"path":"/Users/mrk/Workspace/Agentic/research/snapfzz-startup-launcher/frontend/packages/plugin-host/src/plugin-context-factory.ts","statementMap":{"0":{"start":{"line":28,"column":6},"end":{"line":28,"column":null}},"1":{"start":{"line":29,"column":30},"end":{"line":29,"column":null}},"2":{"start":{"line":30,"column":19},"end":{"line":30,"column":null}},"3":{"start":{"line":31,"column":24},"end":{"line":31,"column":null}},"4":{"start":{"line":32,"column":27},"end":{"line":32,"column":null}},"5":{"start":{"line":34,"column":24},"end":{"line":34,"column":null}},"6":{"start":{"line":37,"column":2},"end":{"line":47,"column":null}},"7":{"start":{"line":39,"column":6},"end":{"line":39,"column":null}},"8":{"start":{"line":42,"column":6},"end":{"line":42,"column":null}},"9":{"start":{"line":45,"column":6},"end":{"line":45,"column":null}},"10":{"start":{"line":52,"column":2},"end":{"line":52,"column":null}},"11":{"start":{"line":57,"column":2},"end":{"line":57,"column":null}},"12":{"start":{"line":61,"column":22},"end":{"line":61,"column":null}},"13":{"start":{"line":62,"column":2},"end":{"line":64,"column":null}},"14":{"start":{"line":63,"column":4},"end":{"line":63,"column":null}},"15":{"start":{"line":65,"column":2},"end":{"line":65,"column":null}},"16":{"start":{"line":70,"column":22},"end":{"line":70,"column":null}},"17":{"start":{"line":71,"column":2},"end":{"line":73,"column":null}},"18":{"start":{"line":72,"column":4},"end":{"line":72,"column":null}},"19":{"start":{"line":75,"column":2},"end":{"line":77,"column":null}},"20":{"start":{"line":76,"column":4},"end":{"line":76,"column":null}},"21":{"start":{"line":79,"column":2},"end":{"line":79,"column":null}},"22":{"start":{"line":90,"column":22},"end":{"line":90,"column":null}},"23":{"start":{"line":91,"column":28},"end":{"line":91,"column":null}},"24":{"start":{"line":94,"column":33},"end":{"line":105,"column":null}},"25":{"start":{"line":107,"column":2},"end":{"line":107,"column":null}},"26":{"start":{"line":109,"column":2},"end":{"line":120,"column":null}},"27":{"start":{"line":111,"column":30},"end":{"line":111,"column":null}},"28":{"start":{"line":112,"column":6},"end":{"line":112,"column":null}},"29":{"start":{"line":113,"column":6},"end":{"line":113,"column":null}},"30":{"start":{"line":116,"column":22},"end":{"line":116,"column":null}},"31":{"start":{"line":117,"column":6},"end":{"line":117,"column":null}},"32":{"start":{"line":118,"column":6},"end":{"line":118,"column":null}},"33":{"start":{"line":122,"column":2},"end":{"line":139,"column":null}},"34":{"start":{"line":124,"column":22},"end":{"line":124,"column":null}},"35":{"start":{"line":125,"column":6},"end":{"line":127,"column":null}},"36":{"start":{"line":126,"column":8},"end":{"line":126,"column":null}},"37":{"start":{"line":128,"column":6},"end":{"line":128,"column":null}},"38":{"start":{"line":129,"column":6},"end":{"line":129,"column":null}},"39":{"start":{"line":132,"column":6},"end":{"line":132,"column":null}},"40":{"start":{"line":133,"column":22},"end":{"line":135,"column":null}},"41":{"start":{"line":134,"column":8},"end":{"line":134,"column":null}},"42":{"start":{"line":136,"column":6},"end":{"line":136,"column":null}},"43":{"start":{"line":137,"column":6},"end":{"line":137,"column":null}},"44":{"start":{"line":141,"column":2},"end":{"line":163,"column":null}},"45":{"start":{"line":144,"column":8},"end":{"line":144,"column":null}},"46":{"start":{"line":145,"column":6},"end":{"line":145,"column":null}},"47":{"start":{"line":146,"column":6},"end":{"line":146,"column":null}},"48":{"start":{"line":149,"column":22},"end":{"line":149,"column":null}},"49":{"start":{"line":150,"column":6},"end":{"line":150,"column":null}},"50":{"start":{"line":151,"column":6},"end":{"line":151,"column":null}},"51":{"start":{"line":154,"column":22},"end":{"line":154,"column":null}},"52":{"start":{"line":155,"column":6},"end":{"line":155,"column":null}},"53":{"start":{"line":156,"column":6},"end":{"line":156,"column":null}},"54":{"start":{"line":159,"column":22},"end":{"line":159,"column":null}},"55":{"start":{"line":160,"column":6},"end":{"line":160,"column":null}},"56":{"start":{"line":161,"column":6},"end":{"line":161,"column":null}},"57":{"start":{"line":165,"column":2},"end":{"line":204,"column":null}},"58":{"start":{"line":168,"column":20},"end":{"line":168,"column":null}},"59":{"start":{"line":169,"column":6},"end":{"line":171,"column":null}},"60":{"start":{"line":170,"column":8},"end":{"line":170,"column":null}},"61":{"start":{"line":173,"column":6},"end":{"line":173,"column":null}},"62":{"start":{"line":176,"column":6},"end":{"line":176,"column":null}},"63":{"start":{"line":177,"column":24},"end":{"line":177,"column":null}},"64":{"start":{"line":178,"column":6},"end":{"line":180,"column":null}},"65":{"start":{"line":179,"column":8},"end":{"line":179,"column":null}},"66":{"start":{"line":181,"column":6},"end":{"line":183,"column":null}},"67":{"start":{"line":182,"column":8},"end":{"line":182,"column":null}},"68":{"start":{"line":186,"column":24},"end":{"line":186,"column":null}},"69":{"start":{"line":187,"column":6},"end":{"line":187,"column":null}},"70":{"start":{"line":188,"column":6},"end":{"line":188,"column":null}},"71":{"start":{"line":190,"column":22},"end":{"line":199,"column":null}},"72":{"start":{"line":191,"column":24},"end":{"line":191,"column":null}},"73":{"start":{"line":192,"column":8},"end":{"line":194,"column":null}},"74":{"start":{"line":193,"column":10},"end":{"line":193,"column":null}},"75":{"start":{"line":195,"column":8},"end":{"line":195,"column":null}},"76":{"start":{"line":196,"column":8},"end":{"line":198,"column":null}},"77":{"start":{"line":197,"column":10},"end":{"line":197,"column":null}},"78":{"start":{"line":201,"column":6},"end":{"line":201,"column":null}},"79":{"start":{"line":202,"column":6},"end":{"line":202,"column":null}},"80":{"start":{"line":206,"column":2},"end":{"line":222,"column":null}},"81":{"start":{"line":209,"column":20},"end":{"line":209,"column":null}},"82":{"start":{"line":210,"column":6},"end":{"line":212,"column":null}},"83":{"start":{"line":211,"column":8},"end":{"line":211,"column":null}},"84":{"start":{"line":214,"column":6},"end":{"line":214,"column":null}},"85":{"start":{"line":217,"column":6},"end":{"line":217,"column":null}},"86":{"start":{"line":220,"column":6},"end":{"line":220,"column":null}},"87":{"start":{"line":224,"column":2},"end":{"line":242,"column":null}},"88":{"start":{"line":226,"column":6},"end":{"line":228,"column":null}},"89":{"start":{"line":227,"column":8},"end":{"line":227,"column":null}},"90":{"start":{"line":229,"column":6},"end":{"line":229,"column":null}},"91":{"start":{"line":233,"column":6},"end":{"line":233,"column":null}},"92":{"start":{"line":234,"column":6},"end":{"line":234,"column":null}},"93":{"start":{"line":235,"column":6},"end":{"line":240,"column":null}},"94":{"start":{"line":236,"column":8},"end":{"line":239,"column":null}},"95":{"start":{"line":237,"column":10},"end":{"line":237,"column":null}},"96":{"start":{"line":238,"column":10},"end":{"line":238,"column":null}},"97":{"start":{"line":245,"column":8},"end":{"line":245,"column":null}},"98":{"start":{"line":246,"column":2},"end":{"line":253,"column":null}},"99":{"start":{"line":248,"column":6},"end":{"line":248,"column":null}},"100":{"start":{"line":251,"column":6},"end":{"line":251,"column":null}},"101":{"start":{"line":255,"column":17},"end":{"line":255,"column":null}},"102":{"start":{"line":256,"column":2},"end":{"line":269,"column":null}},"103":{"start":{"line":258,"column":6},"end":{"line":258,"column":null}},"104":{"start":{"line":261,"column":6},"end":{"line":261,"column":null}},"105":{"start":{"line":264,"column":6},"end":{"line":264,"column":null}},"106":{"start":{"line":267,"column":6},"end":{"line":267,"column":null}},"107":{"start":{"line":271,"column":2},"end":{"line":271,"column":null}}},"fnMap":{"0":{"name":"createInMemoryStorage","decl":{"start":{"line":36,"column":9},"end":{"line":36,"column":56}},"loc":{"start":{"line":36,"column":56},"end":{"line":48,"column":null}},"line":36},"1":{"name":"(anonymous_1)","decl":{"start":{"line":38,"column":4},"end":{"line":38,"column":12}},"loc":{"start":{"line":38,"column":25},"end":{"line":40,"column":null}},"line":38},"2":{"name":"(anonymous_2)","decl":{"start":{"line":41,"column":4},"end":{"line":41,"column":12}},"loc":{"start":{"line":41,"column":40},"end":{"line":43,"column":null}},"line":41},"3":{"name":"(anonymous_3)","decl":{"start":{"line":44,"column":4},"end":{"line":44,"column":15}},"loc":{"start":{"line":44,"column":28},"end":{"line":46,"column":null}},"line":44},"4":{"name":"resolveStorage","decl":{"start":{"line":50,"column":9},"end":{"line":50,"column":24}},"loc":{"start":{"line":50,"column":80},"end":{"line":53,"column":null}},"line":50},"5":{"name":"normalizeTopic","decl":{"start":{"line":55,"column":9},"end":{"line":55,"column":24}},"loc":{"start":{"line":55,"column":65},"end":{"line":58,"column":null}},"line":55},"6":{"name":"attachDisposable","decl":{"start":{"line":60,"column":9},"end":{"line":60,"column":26}},"loc":{"start":{"line":60,"column":71},"end":{"line":66,"column":null}},"line":60},"7":{"name":"disposePluginContext","decl":{"start":{"line":68,"column":16},"end":{"line":68,"column":37}},"loc":{"start":{"line":68,"column":67},"end":{"line":80,"column":null}},"line":68},"8":{"name":"createPluginContext","decl":{"start":{"line":82,"column":16},"end":{"line":82,"column":null}},"loc":{"start":{"line":89,"column":17},"end":{"line":272,"column":null}},"line":89},"9":{"name":"(anonymous_9)","decl":{"start":{"line":110,"column":4},"end":{"line":110,"column":9}},"loc":{"start":{"line":110,"column":42},"end":{"line":114,"column":null}},"line":110},"10":{"name":"(anonymous_10)","decl":{"start":{"line":115,"column":4},"end":{"line":115,"column":7}},"loc":{"start":{"line":115,"column":59},"end":{"line":119,"column":null}},"line":115},"11":{"name":"(anonymous_11)","decl":{"start":{"line":123,"column":10},"end":{"line":123,"column":31}},"loc":{"start":{"line":123,"column":78},"end":{"line":130,"column":null}},"line":123},"12":{"name":"(anonymous_12)","decl":{"start":{"line":131,"column":4},"end":{"line":131,"column":13}},"loc":{"start":{"line":131,"column":79},"end":{"line":138,"column":null}},"line":131},"13":{"name":"(anonymous_13)","decl":{"start":{"line":133,"column":22},"end":{"line":133,"column":28}},"loc":{"start":{"line":133,"column":28},"end":{"line":135,"column":null}},"line":133},"14":{"name":"(anonymous_14)","decl":{"start":{"line":142,"column":4},"end":{"line":142,"column":16}},"loc":{"start":{"line":142,"column":82},"end":{"line":147,"column":null}},"line":142},"15":{"name":"(anonymous_15)","decl":{"start":{"line":148,"column":4},"end":{"line":148,"column":24}},"loc":{"start":{"line":148,"column":50},"end":{"line":152,"column":null}},"line":148},"16":{"name":"(anonymous_16)","decl":{"start":{"line":153,"column":4},"end":{"line":153,"column":23}},"loc":{"start":{"line":153,"column":53},"end":{"line":157,"column":null}},"line":153},"17":{"name":"(anonymous_17)","decl":{"start":{"line":158,"column":4},"end":{"line":158,"column":22}},"loc":{"start":{"line":158,"column":56},"end":{"line":162,"column":null}},"line":158},"18":{"name":"(anonymous_18)","decl":{"start":{"line":166,"column":4},"end":{"line":166,"column":11}},"loc":{"start":{"line":166,"column":39},"end":{"line":174,"column":null}},"line":166},"19":{"name":"(anonymous_19)","decl":{"start":{"line":175,"column":4},"end":{"line":175,"column":11}},"loc":{"start":{"line":175,"column":40},"end":{"line":184,"column":null}},"line":175},"20":{"name":"(anonymous_20)","decl":{"start":{"line":185,"column":4},"end":{"line":185,"column":13}},"loc":{"start":{"line":185,"column":73},"end":{"line":203,"column":null}},"line":185},"21":{"name":"(anonymous_21)","decl":{"start":{"line":190,"column":22},"end":{"line":190,"column":28}},"loc":{"start":{"line":190,"column":28},"end":{"line":199,"column":null}},"line":190},"22":{"name":"(anonymous_22)","decl":{"start":{"line":207,"column":10},"end":{"line":207,"column":17}},"loc":{"start":{"line":207,"column":54},"end":{"line":215,"column":null}},"line":207},"23":{"name":"(anonymous_23)","decl":{"start":{"line":216,"column":10},"end":{"line":216,"column":17}},"loc":{"start":{"line":216,"column":55},"end":{"line":218,"column":null}},"line":216},"24":{"name":"(anonymous_24)","decl":{"start":{"line":219,"column":10},"end":{"line":219,"column":17}},"loc":{"start":{"line":219,"column":45},"end":{"line":221,"column":null}},"line":219},"25":{"name":"(anonymous_25)","decl":{"start":{"line":225,"column":4},"end":{"line":225,"column":11}},"loc":{"start":{"line":225,"column":29},"end":{"line":230,"column":null}},"line":225},"26":{"name":"(anonymous_26)","decl":{"start":{"line":231,"column":4},"end":{"line":231,"column":15}},"loc":{"start":{"line":231,"column":45},"end":{"line":241,"column":null}},"line":231},"27":{"name":"(anonymous_27)","decl":{"start":{"line":235,"column":32},"end":{"line":235,"column":38}},"loc":{"start":{"line":235,"column":38},"end":{"line":240,"column":7}},"line":235},"28":{"name":"(anonymous_28)","decl":{"start":{"line":247,"column":4},"end":{"line":247,"column":14}},"loc":{"start":{"line":247,"column":75},"end":{"line":249,"column":null}},"line":247},"29":{"name":"(anonymous_29)","decl":{"start":{"line":250,"column":4},"end":{"line":250,"column":14}},"loc":{"start":{"line":250,"column":81},"end":{"line":252,"column":null}},"line":250},"30":{"name":"(anonymous_30)","decl":{"start":{"line":257,"column":4},"end":{"line":257,"column":10}},"loc":{"start":{"line":257,"column":43},"end":{"line":259,"column":null}},"line":257},"31":{"name":"(anonymous_31)","decl":{"start":{"line":260,"column":4},"end":{"line":260,"column":9}},"loc":{"start":{"line":260,"column":42},"end":{"line":262,"column":null}},"line":260},"32":{"name":"(anonymous_32)","decl":{"start":{"line":263,"column":4},"end":{"line":263,"column":9}},"loc":{"start":{"line":263,"column":42},"end":{"line":265,"column":null}},"line":263},"33":{"name":"(anonymous_33)","decl":{"start":{"line":266,"column":4},"end":{"line":266,"column":10}},"loc":{"start":{"line":266,"column":43},"end":{"line":268,"column":null}},"line":266}},"branchMap":{"0":{"loc":{"start":{"line":39,"column":13},"end":{"line":39,"column":null}},"type":"binary-expr","locations":[{"start":{"line":39,"column":13},"end":{"line":39,"column":41}},{"start":{"line":39,"column":41},"end":{"line":39,"column":null}}],"line":39},"1":{"loc":{"start":{"line":52,"column":9},"end":{"line":52,"column":null}},"type":"binary-expr","locations":[{"start":{"line":52,"column":9},"end":{"line":52,"column":20}},{"start":{"line":52,"column":20},"end":{"line":52,"column":null}}],"line":52},"2":{"loc":{"start":{"line":57,"column":9},"end":{"line":57,"column":null}},"type":"cond-expr","locations":[{"start":{"line":57,"column":31},"end":{"line":57,"column":39}},{"start":{"line":57,"column":39},"end":{"line":57,"column":null}}],"line":57},"3":{"loc":{"start":{"line":62,"column":2},"end":{"line":64,"column":null}},"type":"if","locations":[{"start":{"line":62,"column":2},"end":{"line":64,"column":null}},{"start":{},"end":{}}],"line":62},"4":{"loc":{"start":{"line":71,"column":2},"end":{"line":73,"column":null}},"type":"if","locations":[{"start":{"line":71,"column":2},"end":{"line":73,"column":null}},{"start":{},"end":{}}],"line":71},"5":{"loc":{"start":{"line":125,"column":6},"end":{"line":127,"column":null}},"type":"if","locations":[{"start":{"line":125,"column":6},"end":{"line":127,"column":null}},{"start":{},"end":{}}],"line":125},"6":{"loc":{"start":{"line":144,"column":8},"end":{"line":144,"column":null}},"type":"cond-expr","locations":[{"start":{"line":144,"column":42},"end":{"line":144,"column":76}},{"start":{"line":144,"column":76},"end":{"line":144,"column":null}}],"line":144},"7":{"loc":{"start":{"line":169,"column":6},"end":{"line":171,"column":null}},"type":"if","locations":[{"start":{"line":169,"column":6},"end":{"line":171,"column":null}},{"start":{},"end":{}}],"line":169},"8":{"loc":{"start":{"line":178,"column":6},"end":{"line":180,"column":null}},"type":"if","locations":[{"start":{"line":178,"column":6},"end":{"line":180,"column":null}},{"start":{},"end":{}}],"line":178},"9":{"loc":{"start":{"line":186,"column":24},"end":{"line":186,"column":null}},"type":"binary-expr","locations":[{"start":{"line":186,"column":24},"end":{"line":186,"column":54}},{"start":{"line":186,"column":54},"end":{"line":186,"column":null}}],"line":186},"10":{"loc":{"start":{"line":192,"column":8},"end":{"line":194,"column":null}},"type":"if","locations":[{"start":{"line":192,"column":8},"end":{"line":194,"column":null}},{"start":{},"end":{}}],"line":192},"11":{"loc":{"start":{"line":196,"column":8},"end":{"line":198,"column":null}},"type":"if","locations":[{"start":{"line":196,"column":8},"end":{"line":198,"column":null}},{"start":{},"end":{}}],"line":196},"12":{"loc":{"start":{"line":210,"column":6},"end":{"line":212,"column":null}},"type":"if","locations":[{"start":{"line":210,"column":6},"end":{"line":212,"column":null}},{"start":{},"end":{}}],"line":210},"13":{"loc":{"start":{"line":226,"column":6},"end":{"line":228,"column":null}},"type":"if","locations":[{"start":{"line":226,"column":6},"end":{"line":228,"column":null}},{"start":{},"end":{}}],"line":226},"14":{"loc":{"start":{"line":236,"column":8},"end":{"line":239,"column":null}},"type":"if","locations":[{"start":{"line":236,"column":8},"end":{"line":239,"column":null}},{"start":{},"end":{}}],"line":236}},"s":{"0":3,"1":3,"2":3,"3":3,"4":3,"5":3,"6":15,"7":3,"8":2,"9":0,"10":51,"11":6,"12":16,"13":16,"14":0,"15":16,"16":16,"17":16,"18":1,"19":15,"20":2,"21":15,"22":51,"23":51,"24":51,"25":51,"26":51,"27":4,"28":4,"29":4,"30":2,"31":2,"32":2,"33":51,"34":3,"35":3,"36":1,"37":2,"38":3,"39":2,"40":2,"41":1,"42":2,"43":2,"44":51,"45":4,"46":4,"47":4,"48":1,"49":1,"50":1,"51":1,"52":1,"53":1,"54":1,"55":1,"56":1,"57":51,"58":4,"59":4,"60":2,"61":2,"62":5,"63":5,"64":5,"65":4,"66":1,"67":1,"68":3,"69":3,"70":3,"71":3,"72":3,"73":3,"74":1,"75":2,"76":2,"77":2,"78":3,"79":3,"80":51,"81":4,"82":4,"83":2,"84":2,"85":2,"86":1,"87":51,"88":5,"89":3,"90":2,"91":2,"92":2,"93":2,"94":2,"95":2,"96":2,"97":51,"98":51,"99":1,"100":1,"101":51,"102":51,"103":1,"104":1,"105":1,"106":1,"107":51},"f":{"0":15,"1":3,"2":2,"3":0,"4":51,"5":6,"6":16,"7":16,"8":51,"9":4,"10":2,"11":3,"12":2,"13":1,"14":4,"15":1,"16":1,"17":1,"18":4,"19":5,"20":3,"21":3,"22":4,"23":2,"24":1,"25":5,"26":2,"27":2,"28":1,"29":1,"30":1,"31":1,"32":1,"33":1},"b":{"0":[3,1],"1":[51,15],"2":[2,4],"3":[0,16],"4":[1,15],"5":[1,2],"6":[2,2],"7":[2,2],"8":[4,1],"9":[3,3],"10":[1,2],"11":[2,0],"12":[2,2],"13":[3,2],"14":[2,0]},"meta":{"lastBranch":15,"lastFunction":34,"lastStatement":108,"seen":{"s:28:6:28:Infinity":0,"s:29:30:29:Infinity":1,"s:30:19:30:Infinity":2,"s:31:24:31:Infinity":3,"s:32:27:32:Infinity":4,"s:34:24:34:Infinity":5,"f:36:9:36:56":0,"s:37:2:47:Infinity":6,"f:38:4:38:12":1,"s:39:6:39:Infinity":7,"b:39:13:39:41:39:41:39:Infinity":0,"f:41:4:41:12":2,"s:42:6:42:Infinity":8,"f:44:4:44:15":3,"s:45:6:45:Infinity":9,"f:50:9:50:24":4,"s:52:2:52:Infinity":10,"b:52:9:52:20:52:20:52:Infinity":1,"f:55:9:55:24":5,"s:57:2:57:Infinity":11,"b:57:31:57:39:57:39:57:Infinity":2,"f:60:9:60:26":6,"s:61:22:61:Infinity":12,"b:62:2:64:Infinity:undefined:undefined:undefined:undefined":3,"s:62:2:64:Infinity":13,"s:63:4:63:Infinity":14,"s:65:2:65:Infinity":15,"f:68:16:68:37":7,"s:70:22:70:Infinity":16,"b:71:2:73:Infinity:undefined:undefined:undefined:undefined":4,"s:71:2:73:Infinity":17,"s:72:4:72:Infinity":18,"s:75:2:77:Infinity":19,"s:76:4:76:Infinity":20,"s:79:2:79:Infinity":21,"f:82:16:82:Infinity":8,"s:90:22:90:Infinity":22,"s:91:28:91:Infinity":23,"s:94:33:105:Infinity":24,"s:107:2:107:Infinity":25,"s:109:2:120:Infinity":26,"f:110:4:110:9":9,"s:111:30:111:Infinity":27,"s:112:6:112:Infinity":28,"s:113:6:113:Infinity":29,"f:115:4:115:7":10,"s:116:22:116:Infinity":30,"s:117:6:117:Infinity":31,"s:118:6:118:Infinity":32,"s:122:2:139:Infinity":33,"f:123:10:123:31":11,"s:124:22:124:Infinity":34,"b:125:6:127:Infinity:undefined:undefined:undefined:undefined":5,"s:125:6:127:Infinity":35,"s:126:8:126:Infinity":36,"s:128:6:128:Infinity":37,"s:129:6:129:Infinity":38,"f:131:4:131:13":12,"s:132:6:132:Infinity":39,"s:133:22:135:Infinity":40,"f:133:22:133:28":13,"s:134:8:134:Infinity":41,"s:136:6:136:Infinity":42,"s:137:6:137:Infinity":43,"s:141:2:163:Infinity":44,"f:142:4:142:16":14,"s:144:8:144:Infinity":45,"b:144:42:144:76:144:76:144:Infinity":6,"s:145:6:145:Infinity":46,"s:146:6:146:Infinity":47,"f:148:4:148:24":15,"s:149:22:149:Infinity":48,"s:150:6:150:Infinity":49,"s:151:6:151:Infinity":50,"f:153:4:153:23":16,"s:154:22:154:Infinity":51,"s:155:6:155:Infinity":52,"s:156:6:156:Infinity":53,"f:158:4:158:22":17,"s:159:22:159:Infinity":54,"s:160:6:160:Infinity":55,"s:161:6:161:Infinity":56,"s:165:2:204:Infinity":57,"f:166:4:166:11":18,"s:168:20:168:Infinity":58,"b:169:6:171:Infinity:undefined:undefined:undefined:undefined":7,"s:169:6:171:Infinity":59,"s:170:8:170:Infinity":60,"s:173:6:173:Infinity":61,"f:175:4:175:11":19,"s:176:6:176:Infinity":62,"s:177:24:177:Infinity":63,"b:178:6:180:Infinity:undefined:undefined:undefined:undefined":8,"s:178:6:180:Infinity":64,"s:179:8:179:Infinity":65,"s:181:6:183:Infinity":66,"s:182:8:182:Infinity":67,"f:185:4:185:13":20,"s:186:24:186:Infinity":68,"b:186:24:186:54:186:54:186:Infinity":9,"s:187:6:187:Infinity":69,"s:188:6:188:Infinity":70,"s:190:22:199:Infinity":71,"f:190:22:190:28":21,"s:191:24:191:Infinity":72,"b:192:8:194:Infinity:undefined:undefined:undefined:undefined":10,"s:192:8:194:Infinity":73,"s:193:10:193:Infinity":74,"s:195:8:195:Infinity":75,"b:196:8:198:Infinity:undefined:undefined:undefined:undefined":11,"s:196:8:198:Infinity":76,"s:197:10:197:Infinity":77,"s:201:6:201:Infinity":78,"s:202:6:202:Infinity":79,"s:206:2:222:Infinity":80,"f:207:10:207:17":22,"s:209:20:209:Infinity":81,"b:210:6:212:Infinity:undefined:undefined:undefined:undefined":12,"s:210:6:212:Infinity":82,"s:211:8:211:Infinity":83,"s:214:6:214:Infinity":84,"f:216:10:216:17":23,"s:217:6:217:Infinity":85,"f:219:10:219:17":24,"s:220:6:220:Infinity":86,"s:224:2:242:Infinity":87,"f:225:4:225:11":25,"b:226:6:228:Infinity:undefined:undefined:undefined:undefined":13,"s:226:6:228:Infinity":88,"s:227:8:227:Infinity":89,"s:229:6:229:Infinity":90,"f:231:4:231:15":26,"s:233:6:233:Infinity":91,"s:234:6:234:Infinity":92,"s:235:6:240:Infinity":93,"f:235:32:235:38":27,"b:236:8:239:Infinity:undefined:undefined:undefined:undefined":14,"s:236:8:239:Infinity":94,"s:237:10:237:Infinity":95,"s:238:10:238:Infinity":96,"s:245:8:245:Infinity":97,"s:246:2:253:Infinity":98,"f:247:4:247:14":28,"s:248:6:248:Infinity":99,"f:250:4:250:14":29,"s:251:6:251:Infinity":100,"s:255:17:255:Infinity":101,"s:256:2:269:Infinity":102,"f:257:4:257:10":30,"s:258:6:258:Infinity":103,"f:260:4:260:9":31,"s:261:6:261:Infinity":104,"f:263:4:263:9":32,"s:264:6:264:Infinity":105,"f:266:4:266:10":33,"s:267:6:267:Infinity":106,"s:271:2:271:Infinity":107}}}
,"/Users/mrk/Workspace/Agentic/research/snapfzz-startup-launcher/frontend/packages/plugin-host/src/plugin-discovery.ts": {"path":"/Users/mrk/Workspace/Agentic/research/snapfzz-startup-launcher/frontend/packages/plugin-host/src/plugin-discovery.ts","statementMap":{"0":{"start":{"line":20,"column":41},"end":{"line":20,"column":null}},"1":{"start":{"line":23,"column":4},"end":{"line":36,"column":null}},"2":{"start":{"line":24,"column":15},"end":{"line":26,"column":null}},"3":{"start":{"line":30,"column":18},"end":{"line":30,"column":null}},"4":{"start":{"line":31,"column":18},"end":{"line":31,"column":null}},"5":{"start":{"line":32,"column":18},"end":{"line":32,"column":null}},"6":{"start":{"line":33,"column":18},"end":{"line":33,"column":null}},"7":{"start":{"line":34,"column":18},"end":{"line":34,"column":null}},"8":{"start":{"line":38,"column":2},"end":{"line":47,"column":null}},"9":{"start":{"line":39,"column":4},"end":{"line":46,"column":null}},"10":{"start":{"line":40,"column":18},"end":{"line":40,"column":null}},"11":{"start":{"line":41,"column":23},"end":{"line":41,"column":null}},"12":{"start":{"line":42,"column":6},"end":{"line":42,"column":null}},"13":{"start":{"line":43,"column":6},"end":{"line":43,"column":null}},"14":{"start":{"line":43,"column":52},"end":{"line":43,"column":61}},"15":{"start":{"line":45,"column":6},"end":{"line":45,"column":null}},"16":{"start":{"line":49,"column":2},"end":{"line":49,"column":null}},"17":{"start":{"line":53,"column":21},"end":{"line":53,"column":null}},"18":{"start":{"line":54,"column":2},"end":{"line":54,"column":null}},"19":{"start":{"line":55,"column":2},"end":{"line":57,"column":null}},"20":{"start":{"line":56,"column":4},"end":{"line":56,"column":null}}},"fnMap":{"0":{"name":"discoverPlugins","decl":{"start":{"line":18,"column":22},"end":{"line":18,"column":38}},"loc":{"start":{"line":18,"column":91},"end":{"line":50,"column":null}},"line":18},"1":{"name":"(anonymous_1)","decl":{"start":{"line":24,"column":9},"end":{"line":24,"column":15}},"loc":{"start":{"line":24,"column":15},"end":{"line":26,"column":null}},"line":24},"2":{"name":"(anonymous_2)","decl":{"start":{"line":30,"column":12},"end":{"line":30,"column":18}},"loc":{"start":{"line":30,"column":18},"end":{"line":30,"column":null}},"line":30},"3":{"name":"(anonymous_3)","decl":{"start":{"line":31,"column":12},"end":{"line":31,"column":18}},"loc":{"start":{"line":31,"column":18},"end":{"line":31,"column":null}},"line":31},"4":{"name":"(anonymous_4)","decl":{"start":{"line":32,"column":12},"end":{"line":32,"column":18}},"loc":{"start":{"line":32,"column":18},"end":{"line":32,"column":null}},"line":32},"5":{"name":"(anonymous_5)","decl":{"start":{"line":33,"column":12},"end":{"line":33,"column":18}},"loc":{"start":{"line":33,"column":18},"end":{"line":33,"column":null}},"line":33},"6":{"name":"(anonymous_6)","decl":{"start":{"line":34,"column":12},"end":{"line":34,"column":18}},"loc":{"start":{"line":34,"column":18},"end":{"line":34,"column":null}},"line":34},"7":{"name":"(anonymous_7)","decl":{"start":{"line":43,"column":40},"end":{"line":43,"column":52}},"loc":{"start":{"line":43,"column":52},"end":{"line":43,"column":61}},"line":43},"8":{"name":"registerDiscoveredPlugins","decl":{"start":{"line":52,"column":22},"end":{"line":52,"column":48}},"loc":{"start":{"line":52,"column":103},"end":{"line":58,"column":null}},"line":52}},"branchMap":{"0":{"loc":{"start":{"line":23,"column":4},"end":{"line":36,"column":null}},"type":"cond-expr","locations":[{"start":{"line":24,"column":8},"end":{"line":26,"column":null}},{"start":{"line":26,"column":10},"end":{"line":36,"column":null}}],"line":23},"1":{"loc":{"start":{"line":26,"column":10},"end":{"line":36,"column":null}},"type":"cond-expr","locations":[{"start":{"line":26,"column":10},"end":{"line":35,"column":null}},{"start":{"line":36,"column":10},"end":{"line":36,"column":null}}],"line":26}},"s":{"0":8,"1":8,"2":3,"3":3,"4":3,"5":3,"6":3,"7":3,"8":8,"9":18,"10":18,"11":15,"12":15,"13":15,"14":1,"15":3,"16":8,"17":3,"18":3,"19":3,"20":5},"f":{"0":8,"1":3,"2":3,"3":3,"4":3,"5":3,"6":3,"7":1,"8":3},"b":{"0":[3,5],"1":[3,2]},"meta":{"lastBranch":2,"lastFunction":9,"lastStatement":21,"seen":{"f:18:22:18:38":0,"s:20:41:20:Infinity":0,"s:23:4:36:Infinity":1,"b:24:8:26:Infinity:26:10:36:Infinity":0,"f:24:9:24:15":1,"s:24:15:26:Infinity":2,"b:26:10:35:Infinity:36:10:36:Infinity":1,"f:30:12:30:18":2,"s:30:18:30:Infinity":3,"f:31:12:31:18":3,"s:31:18:31:Infinity":4,"f:32:12:32:18":4,"s:32:18:32:Infinity":5,"f:33:12:33:18":5,"s:33:18:33:Infinity":6,"f:34:12:34:18":6,"s:34:18:34:Infinity":7,"s:38:2:47:Infinity":8,"s:39:4:46:Infinity":9,"s:40:18:40:Infinity":10,"s:41:23:41:Infinity":11,"s:42:6:42:Infinity":12,"s:43:6:43:Infinity":13,"f:43:40:43:52":7,"s:43:52:43:61":14,"s:45:6:45:Infinity":15,"s:49:2:49:Infinity":16,"f:52:22:52:48":8,"s:53:21:53:Infinity":17,"s:54:2:54:Infinity":18,"s:55:2:57:Infinity":19,"s:56:4:56:Infinity":20}}}
,"/Users/mrk/Workspace/Agentic/research/snapfzz-startup-launcher/frontend/packages/plugin-host/src/plugin-error-boundary.tsx": {"path":"/Users/mrk/Workspace/Agentic/research/snapfzz-startup-launcher/frontend/packages/plugin-host/src/plugin-error-boundary.tsx","statementMap":{"0":{"start":{"line":34,"column":24},"end":{"line":36,"column":null}},"1":{"start":{"line":17,"column":4},"end":{"line":17,"column":null}},"2":{"start":{"line":18,"column":4},"end":{"line":18,"column":null}},"3":{"start":{"line":22,"column":4},"end":{"line":22,"column":null}},"4":{"start":{"line":27,"column":34},"end":{"line":27,"column":null}},"5":{"start":{"line":28,"column":4},"end":{"line":30,"column":null}},"6":{"start":{"line":29,"column":6},"end":{"line":29,"column":null}},"7":{"start":{"line":31,"column":4},"end":{"line":31,"column":null}},"8":{"start":{"line":35,"column":4},"end":{"line":35,"column":null}},"9":{"start":{"line":39,"column":22},"end":{"line":39,"column":null}},"10":{"start":{"line":40,"column":44},"end":{"line":40,"column":null}},"11":{"start":{"line":42,"column":4},"end":{"line":59,"column":null}},"12":{"start":{"line":43,"column":6},"end":{"line":45,"column":null}},"13":{"start":{"line":44,"column":8},"end":{"line":44,"column":null}},"14":{"start":{"line":47,"column":6},"end":{"line":57,"column":null}},"15":{"start":{"line":61,"column":4},"end":{"line":61,"column":null}}},"fnMap":{"0":{"name":"(anonymous_0)","decl":{"start":{"line":16,"column":2},"end":{"line":16,"column":14}},"loc":{"start":{"line":16,"column":47},"end":{"line":19,"column":null}},"line":16},"1":{"name":"(anonymous_1)","decl":{"start":{"line":21,"column":9},"end":{"line":21,"column":34}},"loc":{"start":{"line":21,"column":74},"end":{"line":23,"column":null}},"line":21},"2":{"name":"(anonymous_2)","decl":{"start":{"line":26,"column":2},"end":{"line":26,"column":20}},"loc":{"start":{"line":26,"column":57},"end":{"line":32,"column":null}},"line":26},"3":{"name":"(anonymous_3)","decl":{"start":{"line":34,"column":24},"end":{"line":34,"column":30}},"loc":{"start":{"line":34,"column":30},"end":{"line":36,"column":null}},"line":34},"4":{"name":"(anonymous_4)","decl":{"start":{"line":38,"column":2},"end":{"line":38,"column":11}},"loc":{"start":{"line":38,"column":11},"end":{"line":62,"column":null}},"line":38}},"branchMap":{"0":{"loc":{"start":{"line":28,"column":4},"end":{"line":30,"column":null}},"type":"if","locations":[{"start":{"line":28,"column":4},"end":{"line":30,"column":null}},{"start":{},"end":{}}],"line":28},"1":{"loc":{"start":{"line":28,"column":8},"end":{"line":28,"column":29}},"type":"binary-expr","locations":[{"start":{"line":28,"column":8},"end":{"line":28,"column":20}},{"start":{"line":28,"column":20},"end":{"line":28,"column":29}}],"line":28},"2":{"loc":{"start":{"line":42,"column":4},"end":{"line":59,"column":null}},"type":"if","locations":[{"start":{"line":42,"column":4},"end":{"line":59,"column":null}},{"start":{},"end":{}}],"line":42},"3":{"loc":{"start":{"line":43,"column":6},"end":{"line":45,"column":null}},"type":"if","locations":[{"start":{"line":43,"column":6},"end":{"line":45,"column":null}},{"start":{},"end":{}}],"line":43}},"s":{"0":2,"1":10,"2":10,"3":8,"4":4,"5":4,"6":1,"7":4,"8":2,"9":19,"10":19,"11":19,"12":8,"13":6,"14":2,"15":11},"f":{"0":10,"1":1,"2":4,"3":2,"4":19},"b":{"0":[1,3],"1":[4,1],"2":[8,11],"3":[6,2]},"meta":{"lastBranch":4,"lastFunction":5,"lastStatement":16,"seen":{"s:34:24:36:Infinity":0,"f:16:2:16:14":0,"s:17:4:17:Infinity":1,"s:18:4:18:Infinity":2,"f:21:9:21:34":1,"s:22:4:22:Infinity":3,"f:26:2:26:20":2,"s:27:34:27:Infinity":4,"b:28:4:30:Infinity:undefined:undefined:undefined:undefined":0,"s:28:4:30:Infinity":5,"b:28:8:28:20:28:20:28:29":1,"s:29:6:29:Infinity":6,"s:31:4:31:Infinity":7,"f:34:24:34:30":3,"s:35:4:35:Infinity":8,"f:38:2:38:11":4,"s:39:22:39:Infinity":9,"s:40:44:40:Infinity":10,"b:42:4:59:Infinity:undefined:undefined:undefined:undefined":2,"s:42:4:59:Infinity":11,"b:43:6:45:Infinity:undefined:undefined:undefined:undefined":3,"s:43:6:45:Infinity":12,"s:44:8:44:Infinity":13,"s:47:6:57:Infinity":14,"s:61:4:61:Infinity":15}}}
,"/Users/mrk/Workspace/Agentic/research/snapfzz-startup-launcher/frontend/packages/plugin-host/src/plugin-host.ts": {"path":"/Users/mrk/Workspace/Agentic/research/snapfzz-startup-launcher/frontend/packages/plugin-host/src/plugin-host.ts","statementMap":{"0":{"start":{"line":5,"column":27},"end":{"line":12,"column":null}},"1":{"start":{"line":6,"column":2},"end":{"line":9,"column":null}},"2":{"start":{"line":7,"column":4},"end":{"line":7,"column":null}},"3":{"start":{"line":7,"column":30},"end":{"line":7,"column":40}},"4":{"start":{"line":8,"column":4},"end":{"line":8,"column":null}},"5":{"start":{"line":11,"column":2},"end":{"line":11,"column":null}},"6":{"start":{"line":36,"column":29},"end":{"line":36,"column":null}},"7":{"start":{"line":37,"column":24},"end":{"line":37,"column":null}},"8":{"start":{"line":38,"column":24},"end":{"line":38,"column":null}},"9":{"start":{"line":39,"column":26},"end":{"line":39,"column":null}},"10":{"start":{"line":40,"column":30},"end":{"line":40,"column":null}},"11":{"start":{"line":44,"column":51},"end":{"line":44,"column":null}},"12":{"start":{"line":45,"column":53},"end":{"line":45,"column":null}},"13":{"start":{"line":46,"column":57},"end":{"line":46,"column":null}},"14":{"start":{"line":47,"column":59},"end":{"line":47,"column":null}},"15":{"start":{"line":48,"column":60},"end":{"line":48,"column":null}},"16":{"start":{"line":50,"column":39},"end":{"line":50,"column":null}},"17":{"start":{"line":51,"column":51},"end":{"line":51,"column":null}},"18":{"start":{"line":52,"column":46},"end":{"line":52,"column":null}},"19":{"start":{"line":58,"column":4},"end":{"line":58,"column":null}},"20":{"start":{"line":59,"column":4},"end":{"line":59,"column":null}},"21":{"start":{"line":60,"column":4},"end":{"line":60,"column":null}},"22":{"start":{"line":61,"column":4},"end":{"line":61,"column":null}},"23":{"start":{"line":66,"column":4},"end":{"line":66,"column":null}},"24":{"start":{"line":67,"column":4},"end":{"line":67,"column":null}},"25":{"start":{"line":67,"column":50},"end":{"line":67,"column":56}},"26":{"start":{"line":68,"column":4},"end":{"line":68,"column":null}},"27":{"start":{"line":73,"column":4},"end":{"line":73,"column":null}},"28":{"start":{"line":74,"column":4},"end":{"line":74,"column":null}},"29":{"start":{"line":75,"column":4},"end":{"line":75,"column":null}},"30":{"start":{"line":80,"column":4},"end":{"line":80,"column":null}},"31":{"start":{"line":81,"column":4},"end":{"line":81,"column":null}},"32":{"start":{"line":86,"column":4},"end":{"line":86,"column":null}},"33":{"start":{"line":90,"column":4},"end":{"line":90,"column":null}},"34":{"start":{"line":94,"column":26},"end":{"line":94,"column":null}},"35":{"start":{"line":95,"column":4},"end":{"line":95,"column":null}},"36":{"start":{"line":95,"column":59},"end":{"line":95,"column":92}},"37":{"start":{"line":99,"column":4},"end":{"line":99,"column":null}},"38":{"start":{"line":103,"column":4},"end":{"line":103,"column":null}},"39":{"start":{"line":107,"column":4},"end":{"line":107,"column":null}},"40":{"start":{"line":111,"column":4},"end":{"line":111,"column":null}},"41":{"start":{"line":112,"column":4},"end":{"line":112,"column":null}},"42":{"start":{"line":114,"column":4},"end":{"line":116,"column":null}},"43":{"start":{"line":115,"column":6},"end":{"line":115,"column":null}},"44":{"start":{"line":119,"column":4},"end":{"line":125,"column":null}},"45":{"start":{"line":120,"column":21},"end":{"line":120,"column":null}},"46":{"start":{"line":121,"column":6},"end":{"line":124,"column":null}},"47":{"start":{"line":122,"column":8},"end":{"line":122,"column":null}},"48":{"start":{"line":123,"column":8},"end":{"line":123,"column":null}},"49":{"start":{"line":129,"column":4},"end":{"line":129,"column":null}},"50":{"start":{"line":130,"column":4},"end":{"line":130,"column":null}},"51":{"start":{"line":131,"column":4},"end":{"line":131,"column":null}},"52":{"start":{"line":134,"column":4},"end":{"line":134,"column":null}},"53":{"start":{"line":135,"column":4},"end":{"line":135,"column":null}},"54":{"start":{"line":139,"column":16},"end":{"line":139,"column":null}},"55":{"start":{"line":140,"column":23},"end":{"line":140,"column":null}},"56":{"start":{"line":141,"column":4},"end":{"line":141,"column":null}},"57":{"start":{"line":142,"column":4},"end":{"line":142,"column":null}},"58":{"start":{"line":145,"column":4},"end":{"line":147,"column":null}},"59":{"start":{"line":146,"column":6},"end":{"line":146,"column":null}},"60":{"start":{"line":151,"column":4},"end":{"line":151,"column":null}},"61":{"start":{"line":156,"column":20},"end":{"line":156,"column":null}},"62":{"start":{"line":157,"column":22},"end":{"line":157,"column":null}},"63":{"start":{"line":157,"column":49},"end":{"line":157,"column":58}},"64":{"start":{"line":158,"column":39},"end":{"line":158,"column":null}},"65":{"start":{"line":159,"column":20},"end":{"line":159,"column":null}},"66":{"start":{"line":160,"column":21},"end":{"line":160,"column":null}},"67":{"start":{"line":162,"column":18},"end":{"line":191,"column":null}},"68":{"start":{"line":163,"column":6},"end":{"line":165,"column":null}},"69":{"start":{"line":164,"column":8},"end":{"line":164,"column":null}},"70":{"start":{"line":166,"column":6},"end":{"line":168,"column":null}},"71":{"start":{"line":167,"column":8},"end":{"line":167,"column":null}},"72":{"start":{"line":170,"column":21},"end":{"line":170,"column":null}},"73":{"start":{"line":171,"column":6},"end":{"line":173,"column":null}},"74":{"start":{"line":172,"column":8},"end":{"line":172,"column":null}},"75":{"start":{"line":175,"column":6},"end":{"line":175,"column":null}},"76":{"start":{"line":177,"column":19},"end":{"line":177,"column":null}},"77":{"start":{"line":178,"column":6},"end":{"line":183,"column":null}},"78":{"start":{"line":179,"column":8},"end":{"line":181,"column":null}},"79":{"start":{"line":180,"column":10},"end":{"line":180,"column":null}},"80":{"start":{"line":182,"column":8},"end":{"line":182,"column":null}},"81":{"start":{"line":185,"column":6},"end":{"line":185,"column":null}},"82":{"start":{"line":186,"column":6},"end":{"line":186,"column":null}},"83":{"start":{"line":187,"column":6},"end":{"line":187,"column":null}},"84":{"start":{"line":188,"column":6},"end":{"line":190,"column":null}},"85":{"start":{"line":189,"column":8},"end":{"line":189,"column":null}},"86":{"start":{"line":193,"column":4},"end":{"line":195,"column":null}},"87":{"start":{"line":194,"column":6},"end":{"line":194,"column":null}},"88":{"start":{"line":197,"column":4},"end":{"line":197,"column":null}},"89":{"start":{"line":201,"column":4},"end":{"line":203,"column":null}},"90":{"start":{"line":202,"column":6},"end":{"line":202,"column":null}},"91":{"start":{"line":205,"column":21},"end":{"line":205,"column":null}},"92":{"start":{"line":206,"column":4},"end":{"line":208,"column":null}},"93":{"start":{"line":207,"column":6},"end":{"line":207,"column":null}},"94":{"start":{"line":210,"column":19},"end":{"line":210,"column":null}},"95":{"start":{"line":213,"column":10},"end":{"line":222,"column":null}},"96":{"start":{"line":220,"column":8},"end":{"line":220,"column":null}},"97":{"start":{"line":223,"column":22},"end":{"line":223,"column":null}},"98":{"start":{"line":225,"column":4},"end":{"line":252,"column":null}},"99":{"start":{"line":226,"column":32},"end":{"line":226,"column":null}},"100":{"start":{"line":227,"column":29},"end":{"line":232,"column":null}},"101":{"start":{"line":228,"column":8},"end":{"line":231,"column":null}},"102":{"start":{"line":229,"column":16},"end":{"line":229,"column":null}},"103":{"start":{"line":235,"column":21},"end":{"line":235,"column":null}},"104":{"start":{"line":236,"column":22},"end":{"line":236,"column":null}},"105":{"start":{"line":238,"column":6},"end":{"line":240,"column":null}},"106":{"start":{"line":239,"column":8},"end":{"line":239,"column":null}},"107":{"start":{"line":242,"column":6},"end":{"line":242,"column":null}},"108":{"start":{"line":243,"column":6},"end":{"line":243,"column":null}},"109":{"start":{"line":244,"column":6},"end":{"line":244,"column":null}},"110":{"start":{"line":246,"column":6},"end":{"line":246,"column":null}},"111":{"start":{"line":247,"column":6},"end":{"line":247,"column":null}},"112":{"start":{"line":249,"column":6},"end":{"line":249,"column":null}},"113":{"start":{"line":250,"column":6},"end":{"line":250,"column":null}},"114":{"start":{"line":251,"column":6},"end":{"line":251,"column":null}},"115":{"start":{"line":256,"column":22},"end":{"line":256,"column":null}},"116":{"start":{"line":257,"column":4},"end":{"line":259,"column":null}},"117":{"start":{"line":258,"column":6},"end":{"line":258,"column":null}},"118":{"start":{"line":261,"column":4},"end":{"line":263,"column":null}},"119":{"start":{"line":262,"column":6},"end":{"line":262,"column":null}},"120":{"start":{"line":265,"column":4},"end":{"line":265,"column":null}},"121":{"start":{"line":266,"column":4},"end":{"line":266,"column":null}},"122":{"start":{"line":269,"column":4},"end":{"line":271,"column":null}},"123":{"start":{"line":270,"column":6},"end":{"line":270,"column":null}},"124":{"start":{"line":275,"column":4},"end":{"line":275,"column":null}},"125":{"start":{"line":277,"column":20},"end":{"line":277,"column":null}},"126":{"start":{"line":278,"column":27},"end":{"line":278,"column":null}},"127":{"start":{"line":280,"column":4},"end":{"line":286,"column":null}},"128":{"start":{"line":281,"column":6},"end":{"line":283,"column":null}},"129":{"start":{"line":282,"column":8},"end":{"line":282,"column":null}},"130":{"start":{"line":284,"column":6},"end":{"line":284,"column":null}},"131":{"start":{"line":285,"column":6},"end":{"line":285,"column":null}},"132":{"start":{"line":288,"column":25},"end":{"line":288,"column":null}},"133":{"start":{"line":290,"column":4},"end":{"line":300,"column":null}},"134":{"start":{"line":291,"column":6},"end":{"line":293,"column":null}},"135":{"start":{"line":292,"column":8},"end":{"line":292,"column":null}},"136":{"start":{"line":295,"column":6},"end":{"line":297,"column":null}},"137":{"start":{"line":296,"column":8},"end":{"line":296,"column":null}},"138":{"start":{"line":299,"column":6},"end":{"line":299,"column":null}},"139":{"start":{"line":303,"column":4},"end":{"line":311,"column":null}},"140":{"start":{"line":304,"column":29},"end":{"line":304,"column":null}},"141":{"start":{"line":305,"column":6},"end":{"line":307,"column":null}},"142":{"start":{"line":306,"column":8},"end":{"line":306,"column":null}},"143":{"start":{"line":310,"column":6},"end":{"line":310,"column":null}},"144":{"start":{"line":315,"column":4},"end":{"line":315,"column":null}},"145":{"start":{"line":316,"column":4},"end":{"line":316,"column":null}},"146":{"start":{"line":317,"column":4},"end":{"line":317,"column":null}},"147":{"start":{"line":322,"column":4},"end":{"line":322,"column":null}},"148":{"start":{"line":323,"column":4},"end":{"line":323,"column":null}},"149":{"start":{"line":324,"column":4},"end":{"line":324,"column":null}},"150":{"start":{"line":325,"column":4},"end":{"line":325,"column":null}},"151":{"start":{"line":329,"column":4},"end":{"line":331,"column":null}},"152":{"start":{"line":330,"column":6},"end":{"line":330,"column":null}},"153":{"start":{"line":333,"column":4},"end":{"line":333,"column":null}},"154":{"start":{"line":334,"column":4},"end":{"line":334,"column":null}},"155":{"start":{"line":335,"column":4},"end":{"line":335,"column":null}},"156":{"start":{"line":336,"column":4},"end":{"line":336,"column":null}},"157":{"start":{"line":337,"column":4},"end":{"line":337,"column":null}},"158":{"start":{"line":338,"column":4},"end":{"line":338,"column":null}},"159":{"start":{"line":339,"column":4},"end":{"line":339,"column":null}},"160":{"start":{"line":340,"column":4},"end":{"line":340,"column":null}},"161":{"start":{"line":344,"column":14},"end":{"line":344,"column":null}},"162":{"start":{"line":345,"column":4},"end":{"line":345,"column":null}},"163":{"start":{"line":345,"column":12},"end":{"line":345,"column":null}},"164":{"start":{"line":347,"column":4},"end":{"line":351,"column":null}},"165":{"start":{"line":348,"column":6},"end":{"line":350,"column":null}},"166":{"start":{"line":349,"column":8},"end":{"line":349,"column":null}},"167":{"start":{"line":352,"column":4},"end":{"line":356,"column":null}},"168":{"start":{"line":353,"column":6},"end":{"line":355,"column":null}},"169":{"start":{"line":354,"column":8},"end":{"line":354,"column":null}},"170":{"start":{"line":357,"column":4},"end":{"line":361,"column":null}},"171":{"start":{"line":358,"column":6},"end":{"line":360,"column":null}},"172":{"start":{"line":359,"column":8},"end":{"line":359,"column":null}},"173":{"start":{"line":362,"column":4},"end":{"line":366,"column":null}},"174":{"start":{"line":363,"column":6},"end":{"line":365,"column":null}},"175":{"start":{"line":364,"column":8},"end":{"line":364,"column":null}},"176":{"start":{"line":367,"column":4},"end":{"line":371,"column":null}},"177":{"start":{"line":368,"column":6},"end":{"line":370,"column":null}},"178":{"start":{"line":369,"column":8},"end":{"line":369,"column":null}},"179":{"start":{"line":372,"column":4},"end":{"line":376,"column":null}},"180":{"start":{"line":373,"column":6},"end":{"line":375,"column":null}},"181":{"start":{"line":374,"column":8},"end":{"line":374,"column":null}},"182":{"start":{"line":378,"column":4},"end":{"line":382,"column":null}},"183":{"start":{"line":379,"column":6},"end":{"line":381,"column":null}},"184":{"start":{"line":380,"column":8},"end":{"line":380,"column":null}},"185":{"start":{"line":386,"column":21},"end":{"line":386,"column":null}},"186":{"start":{"line":387,"column":4},"end":{"line":389,"column":null}},"187":{"start":{"line":388,"column":6},"end":{"line":388,"column":null}},"188":{"start":{"line":391,"column":4},"end":{"line":391,"column":null}},"189":{"start":{"line":392,"column":4},"end":{"line":392,"column":null}},"190":{"start":{"line":396,"column":19},"end":{"line":396,"column":null}},"191":{"start":{"line":397,"column":4},"end":{"line":399,"column":null}},"192":{"start":{"line":398,"column":6},"end":{"line":398,"column":null}},"193":{"start":{"line":401,"column":21},"end":{"line":401,"column":null}},"194":{"start":{"line":402,"column":4},"end":{"line":404,"column":null}},"195":{"start":{"line":403,"column":6},"end":{"line":403,"column":null}},"196":{"start":{"line":406,"column":19},"end":{"line":406,"column":null}},"197":{"start":{"line":407,"column":4},"end":{"line":409,"column":null}},"198":{"start":{"line":408,"column":6},"end":{"line":408,"column":null}},"199":{"start":{"line":411,"column":4},"end":{"line":426,"column":null}},"200":{"start":{"line":412,"column":21},"end":{"line":412,"column":null}},"201":{"start":{"line":413,"column":21},"end":{"line":413,"column":null}},"202":{"start":{"line":414,"column":6},"end":{"line":414,"column":null}},"203":{"start":{"line":415,"column":6},"end":{"line":415,"column":null}},"204":{"start":{"line":417,"column":27},"end":{"line":417,"column":null}},"205":{"start":{"line":418,"column":6},"end":{"line":420,"column":null}},"206":{"start":{"line":419,"column":8},"end":{"line":419,"column":null}},"207":{"start":{"line":422,"column":6},"end":{"line":422,"column":null}},"208":{"start":{"line":424,"column":6},"end":{"line":424,"column":null}},"209":{"start":{"line":425,"column":6},"end":{"line":425,"column":null}},"210":{"start":{"line":430,"column":19},"end":{"line":430,"column":null}},"211":{"start":{"line":431,"column":4},"end":{"line":433,"column":null}},"212":{"start":{"line":432,"column":6},"end":{"line":432,"column":null}},"213":{"start":{"line":435,"column":25},"end":{"line":435,"column":null}},"214":{"start":{"line":436,"column":4},"end":{"line":442,"column":null}},"215":{"start":{"line":437,"column":6},"end":{"line":439,"column":null}},"216":{"start":{"line":438,"column":8},"end":{"line":438,"column":null}},"217":{"start":{"line":440,"column":6},"end":{"line":440,"column":null}},"218":{"start":{"line":441,"column":6},"end":{"line":441,"column":null}},"219":{"start":{"line":446,"column":4},"end":{"line":448,"column":null}},"220":{"start":{"line":447,"column":6},"end":{"line":447,"column":null}},"221":{"start":{"line":452,"column":20},"end":{"line":452,"column":null}},"222":{"start":{"line":454,"column":4},"end":{"line":471,"column":null}},"223":{"start":{"line":455,"column":6},"end":{"line":457,"column":null}},"224":{"start":{"line":456,"column":8},"end":{"line":456,"column":null}},"225":{"start":{"line":459,"column":6},"end":{"line":461,"column":null}},"226":{"start":{"line":460,"column":8},"end":{"line":460,"column":null}},"227":{"start":{"line":463,"column":6},"end":{"line":465,"column":null}},"228":{"start":{"line":464,"column":8},"end":{"line":464,"column":null}},"229":{"start":{"line":467,"column":6},"end":{"line":467,"column":null}},"230":{"start":{"line":468,"column":6},"end":{"line":470,"column":null}},"231":{"start":{"line":469,"column":8},"end":{"line":469,"column":null}},"232":{"start":{"line":469,"column":33},"end":{"line":469,"column":42}},"233":{"start":{"line":475,"column":4},"end":{"line":477,"column":null}},"234":{"start":{"line":476,"column":6},"end":{"line":476,"column":null}},"235":{"start":{"line":479,"column":18},"end":{"line":479,"column":null}},"236":{"start":{"line":480,"column":4},"end":{"line":482,"column":null}},"237":{"start":{"line":481,"column":6},"end":{"line":481,"column":null}},"238":{"start":{"line":484,"column":4},"end":{"line":489,"column":null}},"239":{"start":{"line":485,"column":21},"end":{"line":485,"column":null}},"240":{"start":{"line":486,"column":6},"end":{"line":486,"column":null}},"241":{"start":{"line":488,"column":6},"end":{"line":488,"column":null}},"242":{"start":{"line":493,"column":4},"end":{"line":495,"column":null}},"243":{"start":{"line":494,"column":6},"end":{"line":494,"column":null}},"244":{"start":{"line":497,"column":4},"end":{"line":497,"column":null}},"245":{"start":{"line":501,"column":23},"end":{"line":501,"column":null}},"246":{"start":{"line":502,"column":21},"end":{"line":502,"column":null}},"247":{"start":{"line":502,"column":54},"end":{"line":502,"column":88}},"248":{"start":{"line":503,"column":4},"end":{"line":503,"column":null}},"249":{"start":{"line":504,"column":4},"end":{"line":504,"column":null}}},"fnMap":{"0":{"name":"(anonymous_0)","decl":{"start":{"line":5,"column":27},"end":{"line":5,"column":28}},"loc":{"start":{"line":5,"column":59},"end":{"line":12,"column":null}},"line":5},"1":{"name":"(anonymous_1)","decl":{"start":{"line":7,"column":24},"end":{"line":7,"column":30}},"loc":{"start":{"line":7,"column":30},"end":{"line":7,"column":40}},"line":7},"2":{"name":"(anonymous_2)","decl":{"start":{"line":57,"column":2},"end":{"line":57,"column":14}},"loc":{"start":{"line":57,"column":92},"end":{"line":62,"column":null}},"line":57},"3":{"name":"(anonymous_3)","decl":{"start":{"line":64,"column":2},"end":{"line":64,"column":11}},"loc":{"start":{"line":64,"column":37},"end":{"line":69,"column":null}},"line":64},"4":{"name":"(anonymous_4)","decl":{"start":{"line":67,"column":38},"end":{"line":67,"column":50}},"loc":{"start":{"line":67,"column":50},"end":{"line":67,"column":56}},"line":67},"5":{"name":"(anonymous_5)","decl":{"start":{"line":71,"column":8},"end":{"line":71,"column":27}},"loc":{"start":{"line":71,"column":92},"end":{"line":76,"column":null}},"line":71},"6":{"name":"(anonymous_6)","decl":{"start":{"line":79,"column":2},"end":{"line":79,"column":19}},"loc":{"start":{"line":79,"column":51},"end":{"line":82,"column":null}},"line":79},"7":{"name":"(anonymous_7)","decl":{"start":{"line":85,"column":2},"end":{"line":85,"column":17}},"loc":{"start":{"line":85,"column":44},"end":{"line":87,"column":null}},"line":85},"8":{"name":"(anonymous_8)","decl":{"start":{"line":89,"column":2},"end":{"line":89,"column":12}},"loc":{"start":{"line":89,"column":54},"end":{"line":91,"column":null}},"line":89},"9":{"name":"(anonymous_9)","decl":{"start":{"line":93,"column":2},"end":{"line":93,"column":13}},"loc":{"start":{"line":93,"column":56},"end":{"line":96,"column":null}},"line":93},"10":{"name":"(anonymous_10)","decl":{"start":{"line":95,"column":52},"end":{"line":95,"column":53}},"loc":{"start":{"line":95,"column":59},"end":{"line":95,"column":92}},"line":95},"11":{"name":"(anonymous_11)","decl":{"start":{"line":98,"column":2},"end":{"line":98,"column":17}},"loc":{"start":{"line":98,"column":69},"end":{"line":100,"column":null}},"line":98},"12":{"name":"(anonymous_12)","decl":{"start":{"line":102,"column":2},"end":{"line":102,"column":12}},"loc":{"start":{"line":102,"column":39},"end":{"line":104,"column":null}},"line":102},"13":{"name":"(anonymous_13)","decl":{"start":{"line":106,"column":2},"end":{"line":106,"column":33}},"loc":{"start":{"line":106,"column":33},"end":{"line":108,"column":null}},"line":106},"14":{"name":"(anonymous_14)","decl":{"start":{"line":110,"column":8},"end":{"line":110,"column":15}},"loc":{"start":{"line":110,"column":48},"end":{"line":126,"column":null}},"line":110},"15":{"name":"(anonymous_15)","decl":{"start":{"line":128,"column":8},"end":{"line":128,"column":16}},"loc":{"start":{"line":128,"column":49},"end":{"line":136,"column":null}},"line":128},"16":{"name":"(anonymous_16)","decl":{"start":{"line":138,"column":2},"end":{"line":138,"column":14}},"loc":{"start":{"line":138,"column":38},"end":{"line":148,"column":null}},"line":138},"17":{"name":"(anonymous_17)","decl":{"start":{"line":150,"column":2},"end":{"line":150,"column":16}},"loc":{"start":{"line":150,"column":42},"end":{"line":152,"column":null}},"line":150},"18":{"name":"(anonymous_18)","decl":{"start":{"line":154,"column":2},"end":{"line":154,"column":32}},"loc":{"start":{"line":154,"column":32},"end":{"line":198,"column":null}},"line":154},"19":{"name":"(anonymous_19)","decl":{"start":{"line":157,"column":42},"end":{"line":157,"column":43}},"loc":{"start":{"line":157,"column":49},"end":{"line":157,"column":58}},"line":157},"20":{"name":"(anonymous_20)","decl":{"start":{"line":162,"column":18},"end":{"line":162,"column":19}},"loc":{"start":{"line":162,"column":40},"end":{"line":191,"column":null}},"line":162},"21":{"name":"(anonymous_21)","decl":{"start":{"line":200,"column":8},"end":{"line":200,"column":17}},"loc":{"start":{"line":200,"column":58},"end":{"line":253,"column":null}},"line":200},"22":{"name":"(anonymous_22)","decl":{"start":{"line":219,"column":6},"end":{"line":219,"column":7}},"loc":{"start":{"line":219,"column":17},"end":{"line":221,"column":null}},"line":219},"23":{"name":"(anonymous_23)","decl":{"start":{"line":227,"column":48},"end":{"line":227,"column":49}},"loc":{"start":{"line":227,"column":63},"end":{"line":232,"column":7}},"line":227},"24":{"name":"(anonymous_24)","decl":{"start":{"line":229,"column":10},"end":{"line":229,"column":16}},"loc":{"start":{"line":229,"column":16},"end":{"line":229,"column":null}},"line":229},"25":{"name":"(anonymous_25)","decl":{"start":{"line":255,"column":8},"end":{"line":255,"column":19}},"loc":{"start":{"line":255,"column":52},"end":{"line":272,"column":null}},"line":255},"26":{"name":"(anonymous_26)","decl":{"start":{"line":274,"column":8},"end":{"line":274,"column":24}},"loc":{"start":{"line":274,"column":63},"end":{"line":312,"column":null}},"line":274},"27":{"name":"(anonymous_27)","decl":{"start":{"line":314,"column":8},"end":{"line":314,"column":20}},"loc":{"start":{"line":314,"column":57},"end":{"line":318,"column":null}},"line":314},"28":{"name":"(anonymous_28)","decl":{"start":{"line":320,"column":8},"end":{"line":320,"column":15}},"loc":{"start":{"line":320,"column":48},"end":{"line":326,"column":null}},"line":320},"29":{"name":"(anonymous_29)","decl":{"start":{"line":328,"column":8},"end":{"line":328,"column":18}},"loc":{"start":{"line":328,"column":51},"end":{"line":341,"column":null}},"line":328},"30":{"name":"(anonymous_30)","decl":{"start":{"line":343,"column":10},"end":{"line":343,"column":40}},"loc":{"start":{"line":343,"column":72},"end":{"line":383,"column":null}},"line":343},"31":{"name":"(anonymous_31)","decl":{"start":{"line":385,"column":8},"end":{"line":385,"column":15}},"loc":{"start":{"line":385,"column":70},"end":{"line":393,"column":null}},"line":385},"32":{"name":"(anonymous_32)","decl":{"start":{"line":395,"column":16},"end":{"line":395,"column":37}},"loc":{"start":{"line":395,"column":82},"end":{"line":427,"column":null}},"line":395},"33":{"name":"(anonymous_33)","decl":{"start":{"line":429,"column":10},"end":{"line":429,"column":30}},"loc":{"start":{"line":429,"column":78},"end":{"line":443,"column":null}},"line":429},"34":{"name":"(anonymous_34)","decl":{"start":{"line":445,"column":10},"end":{"line":445,"column":44}},"loc":{"start":{"line":445,"column":44},"end":{"line":449,"column":null}},"line":445},"35":{"name":"(anonymous_35)","decl":{"start":{"line":446,"column":23},"end":{"line":446,"column":29}},"loc":{"start":{"line":446,"column":29},"end":{"line":448,"column":5}},"line":446},"36":{"name":"(anonymous_36)","decl":{"start":{"line":451,"column":16},"end":{"line":451,"column":59}},"loc":{"start":{"line":451,"column":59},"end":{"line":472,"column":null}},"line":451},"37":{"name":"(anonymous_37)","decl":{"start":{"line":468,"column":30},"end":{"line":468,"column":31}},"loc":{"start":{"line":468,"column":43},"end":{"line":470,"column":7}},"line":468},"38":{"name":"(anonymous_38)","decl":{"start":{"line":469,"column":27},"end":{"line":469,"column":33}},"loc":{"start":{"line":469,"column":33},"end":{"line":469,"column":42}},"line":469},"39":{"name":"(anonymous_39)","decl":{"start":{"line":474,"column":10},"end":{"line":474,"column":45}},"loc":{"start":{"line":474,"column":45},"end":{"line":490,"column":null}},"line":474},"40":{"name":"(anonymous_40)","decl":{"start":{"line":492,"column":10},"end":{"line":492,"column":41}},"loc":{"start":{"line":492,"column":41},"end":{"line":498,"column":null}},"line":492},"41":{"name":"(anonymous_41)","decl":{"start":{"line":500,"column":10},"end":{"line":500,"column":27}},"loc":{"start":{"line":500,"column":68},"end":{"line":505,"column":null}},"line":500},"42":{"name":"(anonymous_42)","decl":{"start":{"line":502,"column":39},"end":{"line":502,"column":40}},"loc":{"start":{"line":502,"column":54},"end":{"line":502,"column":88}},"line":502}},"branchMap":{"0":{"loc":{"start":{"line":6,"column":2},"end":{"line":9,"column":null}},"type":"if","locations":[{"start":{"line":6,"column":2},"end":{"line":9,"column":null}},{"start":{},"end":{}}],"line":6},"1":{"loc":{"start":{"line":59,"column":19},"end":{"line":59,"column":null}},"type":"binary-expr","locations":[{"start":{"line":59,"column":19},"end":{"line":59,"column":30}},{"start":{"line":59,"column":30},"end":{"line":59,"column":null}}],"line":59},"2":{"loc":{"start":{"line":68,"column":37},"end":{"line":68,"column":100}},"type":"cond-expr","locations":[{"start":{"line":68,"column":75},"end":{"line":68,"column":88}},{"start":{"line":68,"column":88},"end":{"line":68,"column":100}}],"line":68},"3":{"loc":{"start":{"line":75,"column":39},"end":{"line":75,"column":104}},"type":"cond-expr","locations":[{"start":{"line":75,"column":79},"end":{"line":75,"column":92}},{"start":{"line":75,"column":92},"end":{"line":75,"column":104}}],"line":75},"4":{"loc":{"start":{"line":94,"column":26},"end":{"line":94,"column":null}},"type":"binary-expr","locations":[{"start":{"line":94,"column":26},"end":{"line":94,"column":37}},{"start":{"line":94,"column":37},"end":{"line":94,"column":null}}],"line":94},"5":{"loc":{"start":{"line":114,"column":4},"end":{"line":116,"column":null}},"type":"if","locations":[{"start":{"line":114,"column":4},"end":{"line":116,"column":null}},{"start":{},"end":{}}],"line":114},"6":{"loc":{"start":{"line":121,"column":6},"end":{"line":124,"column":null}},"type":"if","locations":[{"start":{"line":121,"column":6},"end":{"line":124,"column":null}},{"start":{},"end":{}}],"line":121},"7":{"loc":{"start":{"line":121,"column":10},"end":{"line":121,"column":61}},"type":"binary-expr","locations":[{"start":{"line":121,"column":10},"end":{"line":121,"column":20}},{"start":{"line":121,"column":20},"end":{"line":121,"column":61}}],"line":121},"8":{"loc":{"start":{"line":145,"column":4},"end":{"line":147,"column":null}},"type":"if","locations":[{"start":{"line":145,"column":4},"end":{"line":147,"column":null}},{"start":{},"end":{}}],"line":145},"9":{"loc":{"start":{"line":163,"column":6},"end":{"line":165,"column":null}},"type":"if","locations":[{"start":{"line":163,"column":6},"end":{"line":165,"column":null}},{"start":{},"end":{}}],"line":163},"10":{"loc":{"start":{"line":166,"column":6},"end":{"line":168,"column":null}},"type":"if","locations":[{"start":{"line":166,"column":6},"end":{"line":168,"column":null}},{"start":{},"end":{}}],"line":166},"11":{"loc":{"start":{"line":171,"column":6},"end":{"line":173,"column":null}},"type":"if","locations":[{"start":{"line":171,"column":6},"end":{"line":173,"column":null}},{"start":{},"end":{}}],"line":171},"12":{"loc":{"start":{"line":177,"column":19},"end":{"line":177,"column":null}},"type":"binary-expr","locations":[{"start":{"line":177,"column":19},"end":{"line":177,"column":42}},{"start":{"line":177,"column":42},"end":{"line":177,"column":null}}],"line":177},"13":{"loc":{"start":{"line":179,"column":8},"end":{"line":181,"column":null}},"type":"if","locations":[{"start":{"line":179,"column":8},"end":{"line":181,"column":null}},{"start":{},"end":{}}],"line":179},"14":{"loc":{"start":{"line":188,"column":6},"end":{"line":190,"column":null}},"type":"if","locations":[{"start":{"line":188,"column":6},"end":{"line":190,"column":null}},{"start":{},"end":{}}],"line":188},"15":{"loc":{"start":{"line":201,"column":4},"end":{"line":203,"column":null}},"type":"if","locations":[{"start":{"line":201,"column":4},"end":{"line":203,"column":null}},{"start":{},"end":{}}],"line":201},"16":{"loc":{"start":{"line":206,"column":4},"end":{"line":208,"column":null}},"type":"if","locations":[{"start":{"line":206,"column":4},"end":{"line":208,"column":null}},{"start":{},"end":{}}],"line":206},"17":{"loc":{"start":{"line":226,"column":32},"end":{"line":226,"column":null}},"type":"cond-expr","locations":[{"start":{"line":226,"column":50},"end":{"line":226,"column":77}},{"start":{"line":226,"column":77},"end":{"line":226,"column":null}}],"line":226},"18":{"loc":{"start":{"line":238,"column":6},"end":{"line":240,"column":null}},"type":"if","locations":[{"start":{"line":238,"column":6},"end":{"line":240,"column":null}},{"start":{},"end":{}}],"line":238},"19":{"loc":{"start":{"line":257,"column":4},"end":{"line":259,"column":null}},"type":"if","locations":[{"start":{"line":257,"column":4},"end":{"line":259,"column":null}},{"start":{},"end":{}}],"line":257},"20":{"loc":{"start":{"line":261,"column":4},"end":{"line":263,"column":null}},"type":"if","locations":[{"start":{"line":261,"column":4},"end":{"line":263,"column":null}},{"start":{},"end":{}}],"line":261},"21":{"loc":{"start":{"line":269,"column":4},"end":{"line":271,"column":null}},"type":"if","locations":[{"start":{"line":269,"column":4},"end":{"line":271,"column":null}},{"start":{},"end":{}}],"line":269},"22":{"loc":{"start":{"line":270,"column":38},"end":{"line":270,"column":95}},"type":"cond-expr","locations":[{"start":{"line":270,"column":73},"end":{"line":270,"column":83}},{"start":{"line":270,"column":83},"end":{"line":270,"column":95}}],"line":270},"23":{"loc":{"start":{"line":281,"column":6},"end":{"line":283,"column":null}},"type":"if","locations":[{"start":{"line":281,"column":6},"end":{"line":283,"column":null}},{"start":{},"end":{}}],"line":281},"24":{"loc":{"start":{"line":291,"column":6},"end":{"line":293,"column":null}},"type":"if","locations":[{"start":{"line":291,"column":6},"end":{"line":293,"column":null}},{"start":{},"end":{}}],"line":291},"25":{"loc":{"start":{"line":295,"column":6},"end":{"line":297,"column":null}},"type":"if","locations":[{"start":{"line":295,"column":6},"end":{"line":297,"column":null}},{"start":{},"end":{}}],"line":295},"26":{"loc":{"start":{"line":303,"column":4},"end":{"line":311,"column":null}},"type":"if","locations":[{"start":{"line":303,"column":4},"end":{"line":311,"column":null}},{"start":{"line":308,"column":11},"end":{"line":311,"column":null}}],"line":303},"27":{"loc":{"start":{"line":305,"column":6},"end":{"line":307,"column":null}},"type":"if","locations":[{"start":{"line":305,"column":6},"end":{"line":307,"column":null}},{"start":{},"end":{}}],"line":305},"28":{"loc":{"start":{"line":329,"column":4},"end":{"line":331,"column":null}},"type":"if","locations":[{"start":{"line":329,"column":4},"end":{"line":331,"column":null}},{"start":{},"end":{}}],"line":329},"29":{"loc":{"start":{"line":345,"column":4},"end":{"line":345,"column":null}},"type":"if","locations":[{"start":{"line":345,"column":4},"end":{"line":345,"column":null}},{"start":{},"end":{}}],"line":345},"30":{"loc":{"start":{"line":347,"column":4},"end":{"line":351,"column":null}},"type":"if","locations":[{"start":{"line":347,
[...]
382,"column":null}},{"start":{},"end":{}}],"line":378},"37":{"loc":{"start":{"line":387,"column":4},"end":{"line":389,"column":null}},"type":"if","locations":[{"start":{"line":387,"column":4},"end":{"line":389,"column":null}},{"start":{},"end":{}}],"line":387},"38":{"loc":{"start":{"line":397,"column":4},"end":{"line":399,"column":null}},"type":"if","locations":[{"start":{"line":397,"column":4},"end":{"line":399,"column":null}},{"start":{},"end":{}}],"line":397},"39":{"loc":{"start":{"line":402,"column":4},"end":{"line":404,"column":null}},"type":"if","locations":[{"start":{"line":402,"column":4},"end":{"line":404,"column":null}},{"start":{},"end":{}}],"line":402},"40":{"loc":{"start":{"line":407,"column":4},"end":{"line":409,"column":null}},"type":"if","locations":[{"start":{"line":407,"column":4},"end":{"line":409,"column":null}},{"start":{},"end":{}}],"line":407},"41":{"loc":{"start":{"line":418,"column":6},"end":{"line":420,"column":null}},"type":"if","locations":[{"start":{"line":418,"column":6},"end":{"line":420,"column":null}},{"start":{},"end":{}}],"line":418},"42":{"loc":{"start":{"line":431,"column":4},"end":{"line":433,"column":null}},"type":"if","locations":[{"start":{"line":431,"column":4},"end":{"line":433,"column":null}},{"start":{},"end":{}}],"line":431},"43":{"loc":{"start":{"line":435,"column":37},"end":{"line":435,"column":62}},"type":"binary-expr","locations":[{"start":{"line":435,"column":37},"end":{"line":435,"column":60}},{"start":{"line":435,"column":60},"end":{"line":435,"column":62}}],"line":435},"44":{"loc":{"start":{"line":437,"column":6},"end":{"line":439,"column":null}},"type":"if","locations":[{"start":{"line":437,"column":6},"end":{"line":439,"column":null}},{"start":{},"end":{}}],"line":437},"45":{"loc":{"start":{"line":455,"column":6},"end":{"line":457,"column":null}},"type":"if","locations":[{"start":{"line":455,"column":6},"end":{"line":457,"column":null}},{"start":{},"end":{}}],"line":455},"46":{"loc":{"start":{"line":459,"column":6},"end":{"line":461,"column":null}},"type":"if","locations":[{"start":{"line":459,"column":6},"end":{"line":461,"column":null}},{"start":{},"end":{}}],"line":459},"47":{"loc":{"start":{"line":463,"column":6},"end":{"line":465,"column":null}},"type":"if","locations":[{"start":{"line":463,"column":6},"end":{"line":465,"column":null}},{"start":{},"end":{}}],"line":463},"48":{"loc":{"start":{"line":475,"column":4},"end":{"line":477,"column":null}},"type":"if","locations":[{"start":{"line":475,"column":4},"end":{"line":477,"column":null}},{"start":{},"end":{}}],"line":475},"49":{"loc":{"start":{"line":480,"column":4},"end":{"line":482,"column":null}},"type":"if","locations":[{"start":{"line":480,"column":4},"end":{"line":482,"column":null}},{"start":{},"end":{}}],"line":480},"50":{"loc":{"start":{"line":493,"column":4},"end":{"line":495,"column":null}},"type":"if","locations":[{"start":{"line":493,"column":4},"end":{"line":495,"column":null}},{"start":{},"end":{}}],"line":493},"51":{"loc":{"start":{"line":501,"column":23},"end":{"line":501,"column":null}},"type":"binary-expr","locations":[{"start":{"line":501,"column":23},"end":{"line":501,"column":61}},{"start":{"line":501,"column":61},"end":{"line":501,"column":null}}],"line":501}},"s":{"0":2,"1":12,"2":1,"3":1,"4":1,"5":11,"6":2,"7":2,"8":2,"9":2,"10":2,"11":51,"12":51,"13":51,"14":51,"15":51,"16":51,"17":51,"18":51,"19":51,"20":51,"21":51,"22":51,"23":51,"24":51,"25":22,"26":51,"27":6,"28":6,"29":6,"30":1,"31":1,"32":4,"33":3,"34":30,"35":30,"36":41,"37":16,"38":3,"39":2,"40":3,"41":3,"42":3,"43":3,"44":3,"45":1,"46":1,"47":1,"48":1,"49":13,"50":13,"51":13,"52":13,"53":13,"54":7,"55":7,"56":7,"57":7,"58":7,"59":1,"60":2,"61":26,"62":26,"63":35,"64":26,"65":26,"66":26,"67":26,"68":42,"69":6,"70":36,"71":1,"72":35,"73":35,"74":0,"75":35,"76":35,"77":42,"78":9,"79":1,"80":8,"81":32,"82":32,"83":32,"84":32,"85":27,"86":26,"87":34,"88":24,"89":32,"90":1,"91":31,"92":31,"93":1,"94":30,"95":27,"96":0,"97":27,"98":27,"99":27,"100":32,"101":27,"102":1,"103":32,"104":25,"105":25,"106":0,"107":25,"108":25,"109":25,"110":25,"111":25,"112":2,"113":2,"114":2,"115":22,"116":22,"117":13,"118":9,"119":5,"120":9,"121":9,"122":9,"123":6,"124":13,"125":13,"126":13,"127":13,"128":17,"129":7,"130":10,"131":10,"132":13,"133":13,"134":17,"135":5,"136":12,"137":3,"138":9,"139":13,"140":6,"141":6,"142":0,"143":7,"144":2,"145":2,"146":2,"147":2,"148":2,"149":2,"150":2,"151":3,"152":1,"153":2,"154":2,"155":2,"156":2,"157":2,"158":2,"159":2,"160":2,"161":25,"162":25,"163":24,"164":1,"165":1,"166":1,"167":1,"168":1,"169":1,"170":1,"171":1,"172":1,"173":1,"174":1,"175":1,"176":1,"177":1,"178":1,"179":1,"180":1,"181":1,"182":1,"183":1,"184":1,"185":2,"186":2,"187":1,"188":1,"189":1,"190":35,"191":35,"192":3,"193":32,"194":32,"195":1,"196":31,"197":31,"198":1,"199":30,"200":30,"201":29,"202":29,"203":29,"204":29,"205":29,"206":27,"207":29,"208":1,"209":1,"210":12,"211":12,"212":0,"213":12,"214":12,"215":3,"216":1,"217":2,"218":2,"219":9,"220":9,"221":9,"222":9,"223":11,"224":2,"225":9,"226":2,"227":7,"228":4,"229":3,"230":3,"231":3,"232":3,"233":51,"234":32,"235":19,"236":19,"237":17,"238":2,"239":2,"240":2,"241":1,"242":18,"243":9,"244":9,"245":9,"246":9,"247":7,"248":9,"249":9},"f":{"0":12,"1":1,"2":51,"3":51,"4":22,"5":6,"6":1,"7":4,"8":3,"9":30,"10":41,"11":16,"12":3,"13":2,"14":3,"15":13,"16":7,"17":2,"18":26,"19":35,"20":42,"21":32,"22":0,"23":27,"24":1,"25":22,"26":13,"27":2,"28":2,"29":3,"30":25,"31":2,"32":35,"33":12,"34":9,"35":9,"36":9,"37":3,"38":3,"39":51,"40":18,"41":9,"42":7},"b":{"0":[1,11],"1":[51,26],"2":[0,51],"3":[0,6],"4":[30,29],"5":[3,0],"6":[1,0],"7":[1,1],"8":[1,6],"9":[6,36],"10":[1,35],"11":[0,35],"12":[35,26],"13":[1,8],"14":[27,5],"15":[1,31],"16":[1,30],"17":[26,1],"18":[0,25],"19":[13,9],"20":[5,4],"21":[6,3],"22":[6,0],"23":[7,10],"24":[5,12],"25":[3,9],"26":[6,7],"27":[0,6],"28":[1,2],"29":[24,1],"30":[1,0],"31":[1,0],"32":[1,0],"33":[1,0],"34":[1,0],"35":[1,0],"36":[1,0],"37":[1,1],"38":[3,32],"39":[1,31],"40":[1,30],"41":[27,2],"42":[0,12],"43":[12,9],"44":[1,2],"45":[2,9],"46":[2,7],"47":[4,3],"48":[32,19],"49":[17,2],"50":[9,9],"51":[9,4]},"meta":{"lastBranch":52,"lastFunction":43,"lastStatement":250,"seen":{"s:5:27:12:Infinity":0,"f:5:27:5:28":0,"b:6:2:9:Infinity:undefined:undefined:undefined:undefined":0,"s:6:2:9:Infinity":1,"s:7:4:7:Infinity":2,"f:7:24:7:30":1,"s:7:30:7:40":3,"s:8:4:8:Infinity":4,"s:11:2:11:Infinity":5,"s:36:29:36:Infinity":6,"s:37:24:37:Infinity":7,"s:38:24:38:Infinity":8,"s:39:26:39:Infinity":9,"s:40:30:40:Infinity":10,"s:44:51:44:Infinity":11,"s:45:53:45:Infinity":12,"s:46:57:46:Infinity":13,"s:47:59:47:Infinity":14,"s:48:60:48:Infinity":15,"s:50:39:50:Infinity":16,"s:51:51:51:Infinity":17,"s:52:46:52:Infinity":18,"f:57:2:57:14":2,"s:58:4:58:Infinity":19,"s:59:4:59:Infinity":20,"b:59:19:59:30:59:30:59:Infinity":1,"s:60:4:60:Infinity":21,"s:61:4:61:Infinity":22,"f:64:2:64:11":3,"s:66:4:66:Infinity":23,"s:67:4:67:Infinity":24,"f:67:38:67:50":4,"s:67:50:67:56":25,"s:68:4:68:Infinity":26,"b:68:75:68:88:68:88:68:100":2,"f:71:8:71:27":5,"s:73:4:73:Infinity":27,"s:74:4:74:Infinity":28,"s:75:4:75:Infinity":29,"b:75:79:75:92:75:92:75:104":3,"f:79:2:79:19":6,"s:80:4:80:Infinity":30,"s:81:4:81:Infinity":31,"f:85:2:85:17":7,"s:86:4:86:Infinity":32,"f:89:2:89:12":8,"s:90:4:90:Infinity":33,"f:93:2:93:13":9,"s:94:26:94:Infinity":34,"b:94:26:94:37:94:37:94:Infinity":4,"s:95:4:95:Infinity":35,"f:95:52:95:53":10,"s:95:59:95:92":36,"f:98:2:98:17":11,"s:99:4:99:Infinity":37,"f:102:2:102:12":12,"s:103:4:103:Infinity":38,"f:106:2:106:33":13,"s:107:4:107:Infinity":39,"f:110:8:110:15":14,"s:111:4:111:Infinity":40,"s:112:4:112:Infinity":41,"b:114:4:116:Infinity:undefined:undefined:undefined:undefined":5,"s:114:4:116:Infinity":42,"s:115:6:115:Infinity":43,"s:119:4:125:Infinity":44,"s:120:21:120:Infinity":45,"b:121:6:124:Infinity:undefined:undefined:undefined:undefined":6,"s:121:6:124:Infinity":46,"b:121:10:121:20:121:20:121:61":7,"s:122:8:122:Infinity":47,"s:123:8:123:Infinity":48,"f:128:8:128:16":15,"s:129:4:129:Infinity":49,"s:130:4:130:Infinity":50,"s:131:4:131:Infinity":51,"s:134:4:134:Infinity":52,"s:135:4:135:Infinity":53,"f:138:2:138:14":16,"s:139:16:139:Infinity":54,"s:140:23:140:Infinity":55,"s:141:4:141:Infinity":56,"s:142:4:142:Infinity":57,"b:145:4:147:Infinity:undefined:undefined:undefined:undefined":8,"s:145:4:147:Infinity":58,"s:146:6:146:Infinity":59,"f:150:2:150:16":17,"s:151:4:151:Infinity":60,"f:154:2:154:32":18,"s:156:20:156:Infinity":61,"s:157:22:157:Infinity":62,"f:157:42:157:43":19,"s:157:49:157:58":63,"s:158:39:158:Infinity":64,"s:159:20:159:Infinity":65,"s:160:21:160:Infinity":66,"s:162:18:191:Infinity":67,"f:162:18:162:19":20,"b:163:6:165:Infinity:undefined:undefined:undefined:undefined":9,"s:163:6:165:Infinity":68,"s:164:8:164:Infinity":69,"b:166:6:168:Infinity:undefined:undefined:undefined:undefined":10,"s:166:6:168:Infinity":70,"s:167:8:167:Infinity":71,"s:170:21:170:Infinity":72,"b:171:6:173:Infinity:undefined:undefined:undefined:undefined":11,"s:171:6:173:Infinity":73,"s:172:8:172:Infinity":74,"s:175:6:175:Infinity":75,"s:177:19:177:Infinity":76,"b:177:19:177:42:177:42:177:Infinity":12,"s:178:6:183:Infinity":77,"b:179:8:181:Infinity:undefined:undefined:undefined:undefined":13,"s:179:8:181:Infinity":78,"s:180:10:180:Infinity":79,"s:182:8:182:Infinity":80,"s:185:6:185:Infinity":81,"s:186:6:186:Infinity":82,"s:187:6:187:Infinity":83,"b:188:6:190:Infinity:undefined:undefined:undefined:undefined":14,"s:188:6:190:Infinity":84,"s:189:8:189:Infinity":85,"s:193:4:195:Infinity":86,"s:194:6:194:Infinity":87,"s:197:4:197:Infinity":88,"f:200:8:200:17":21,"b:201:4:203:Infinity:undefined:undefined:undefined:undefined":15,"s:201:4:203:Infinity":89,"s:202:6:202:Infinity":90,"s:205:21:205:Infinity":91,"b:206:4:208:Infinity:undefined:undefined:undefined:undefined":16,"s:206:4:208:Infinity":92,"s:207:6:207:Infinity":93,"s:210:19:210:Infinity":94,"s:213:10:222:Infinity":95,"f:219:6:219:7":22,"s:220:8:220:Infinity":96,"s:223:22:223:Infinity":97,"s:225:4:252:Infinity":98,"s:226:32:226:Infinity":99,"b:226:50:226:77:226:77:226:Infinity":17,"s:227:29:232:Infinity":100,"f:227:48:227:49":23,"s:228:8:231:Infinity":101,"f:229:10:229:16":24,"s:229:16:229:Infinity":102,"s:235:21:235:Infinity":103,"s:236:22:236:Infinity":104,"b:238:6:240:Infinity:undefined:undefined:undefined:undefined":18,"s:238:6:240:Infinity":105,"s:239:8:239:Infinity":106,"s:242:6:242:Infinity":107,"s:243:6:243:Infinity":108,"s:244:6:244:Infinity":109,"s:246:6:246:Infinity":110,"s:247:6:247:Infinity":111,"s:249:6:249:Infinity":112,"s:250:6:250:Infinity":113,"s:251:6:251:Infinity":114,"f:255:8:255:19":25,"s:256:22:256:Infinity":115,"b:257:4:259:Infinity:undefined:undefined:undefined:undefined":19,"s:257:4:259:Infinity":116,"s:258:6:258:Infinity":117,"b:261:4:263:Infinity:undefined:undefined:undefined:undefined":20,"s:261:4:263:Infinity":118,"s:262:6:262:Infinity":119,"s:265:4:265:Infinity":120,"s:266:4:266:Infinity":121,"b:269:4:271:Infinity:undefined:undefined:undefined:undefined":21,"s:269:4:271:Infinity":122,"s:270:6:270:Infinity":123,"b:270:73:270:83:270:83:270:95":22,"f:274:8:274:24":26,"s:275:4:275:Infinity":124,"s:277:20:277:Infinity":125,"s:278:27:278:Infinity":126,"s:280:4:286:Infinity":127,"b:281:6:283:Infinity:undefined:undefined:undefined:undefined":23,"s:281:6:283:Infinity":128,"s:282:8:282:Infinity":129,"s:284:6:284:Infinity":130,"s:285:6:285:Infinity":131,"s:288:25:288:Infinity":132,"s:290:4:300:Infinity":133,"b:291:6:293:Infinity:undefined:undefined:undefined:undefined":24,"s:291:6:293:Infinity":134,"s:292:8:292:Infinity":135,"b:295:6:297:Infinity:undefined:undefined:undefined:undefined":25,"s:295:6:297:Infinity":136,"s:296:8:296:Infinity":137,"s:299:6:299:Infinity":138,"b:303:4:311:Infinity:308:11:311:Infinity":26,"s:303:4:311:Infinity":139,"s:304:29:304:Infinity":140,"b:305:6:307:Infinity:undefined:undefined:undefined:undefined":27,"s:305:6:307:Infinity":141,"s:306:8:306:Infinity":142,"s:310:6:310:Infinity":143,"f:314:8:314:20":27,"s:315:4:315:Infinity":144,"s:316:4:316:Infinity":145,"s:317:4:317:Infinity":146,"f:320:8:320:15":28,"s:322:4:322:Infinity":147,"s:323:4:323:Infinity":148,"s:324:4:324:Infinity":149,"s:325:4:325:Infinity":150,"f:328:8:328:18":29,"b:329:4:331:Infinity:undefined:undefined:undefined:undefined":28,"s:329:4:331:Infinity":151,"s:330:6:330:Infinity":152,"s:333:4:333:Infinity":153,"s:334:4:334:Infinity":154,"s:335:4:335:Infinity":155,"s:336:4:336:Infinity":156,"s:337:4:337:Infinity":157,"s:338:4:338:Infinity":158,"s:339:4:339:Infinity":159,"s:340:4:340:Infinity":160,"f:343:10:343:40":30,"s:344:14:344:Infinity":161,"b:345:4:345:Infinity:undefined:undefined:undefined:undefined":29,"s:345:4:345:Infinity":162,"s:345:12:345:Infinity":163,"b:347:4:351:Infinity:undefined:undefined:undefined:undefined":30,"s:347:4:351:Infinity":164,"s:348:6:350:Infinity":165,"s:349:8:349:Infinity":166,"b:352:4:356:Infinity:undefined:undefined:undefined:undefined":31,"s:352:4:356:Infinity":167,"s:353:6:355:Infinity":168,"s:354:8:354:Infinity":169,"b:357:4:361:Infinity:undefined:undefined:undefined:undefined":32,"s:357:4:361:Infinity":170,"s:358:6:360:Infinity":171,"s:359:8:359:Infinity":172,"b:362:4:366:Infinity:undefined:undefined:undefined:undefined":33,"s:362:4:366:Infinity":173,"s:363:6:365:Infinity":174,"s:364:8:364:Infinity":175,"b:367:4:371:Infinity:undefined:undefined:undefined:undefined":34,"s:367:4:371:Infinity":176,"s:368:6:370:Infinity":177,"s:369:8:369:Infinity":178,"b:372:4:376:Infinity:undefined:undefined:undefined:undefined":35,"s:372:4:376:Infinity":179,"s:373:6:375:Infinity":180,"s:374:8:374:Infinity":181,"b:378:4:382:Infinity:undefined:undefined:undefined:undefined":36,"s:378:4:382:Infinity":182,"s:379:6:381:Infinity":183,"s:380:8:380:Infinity":184,"f:385:8:385:15":31,"s:386:21:386:Infinity":185,"b:387:4:389:Infinity:undefined:undefined:undefined:undefined":37,"s:387:4:389:Infinity":186,"s:388:6:388:Infinity":187,"s:391:4:391:Infinity":188,"s:392:4:392:Infinity":189,"f:395:16:395:37":32,"s:396:19:396:Infinity":190,"b:397:4:399:Infinity:undefined:undefined:undefined:undefined":38,"s:397:4:399:Infinity":191,"s:398:6:398:Infinity":192,"s:401:21:401:Infinity":193,"b:402:4:404:Infinity:undefined:undefined:undefined:undefined":39,"s:402:4:404:Infinity":194,"s:403:6:403:Infinity":195,"s:406:19:406:Infinity":196,"b:407:4:409:Infinity:undefined:undefined:undefined:undefined":40,"s:407:4:409:Infinity":197,"s:408:6:408:Infinity":198,"s:411:4:426:Infinity":199,"s:412:21:412:Infinity":200,"s:413:21:413:Infinity":201,"s:414:6:414:Infinity":202,"s:415:6:415:Infinity":203,"s:417:27:417:Infinity":204,"b:418:6:420:Infinity:undefined:undefined:undefined:undefined":41,"s:418:6:420:Infinity":205,"s:419:8:419:Infinity":206,"s:422:6:422:Infinity":207,"s:424:6:424:Infinity":208,"s:425:6:425:Infinity":209,"f:429:10:429:30":33,"s:430:19:430:Infinity":210,"b:431:4:433:Infinity:undefined:undefined:undefined:undefined":42,"s:431:4:433:Infinity":211,"s:432:6:432:Infinity":212,"s:435:25:435:Infinity":213,"b:435:37:435:60:435:60:435:62":43,"s:436:4:442:Infinity":214,"b:437:6:439:Infinity:undefined:undefined:undefined:undefined":44,"s:437:6:439:Infinity":215,"s:438:8:438:Infinity":216,"s:440:6:440:Infinity":217,"s:441:6:441:Infinity":218,"f:445:10:445:44":34,"s:446:4:448:Infinity":219,"f:446:23:446:29":35,"s:447:6:447:Infinity":220,"f:451:16:451:59":36,"s:452:20:452:Infinity":221,"s:454:4:471:Infinity":222,"b:455:6:457:Infinity:undefined:undefined:undefined:undefined":45,"s:455:6:457:Infinity":223,"s:456:8:456:Infinity":224,"b:459:6:461:Infinity:undefined:undefined:undefined:undefined":46,"s:459:6:461:Infinity":225,"s:460:8:460:Infinity":226,"b:463:6:465:Infinity:undefined:undefined:undefined:undefined":47,"s:463:6:465:Infinity":227,"s:464:8:464:Infinity":228,"s:467:6:467:Infinity":229,"s:468:6:470:Infinity":230,"f:468:30:468:31":37,"s:469:8:469:Infinity":231,"f:469:27:469:33":38,"s:469:33:469:42":232,"f:474:10:474:45":39,"b:475:4:477:Infinity:undefined:undefined:undefined:undefined":48,"s:475:4:477:Infinity":233,"s:476:6:476:Infinity":234,"s:479:18:479:Infinity":235,"b:480:4:482:Infinity:undefined:undefined:undefined:undefined":49,"s:480:4:482:Infinity":236,"s:481:6:481:Infinity":237,"s:484:4:489:Infinity":238,"s:485:21:485:Infinity":239,"s:486:6:486:Infinity":240,"s:488:6:488:Infinity":241,"f:492:10:492:41":40,"b:493:4:495:Infinity:undefined:undefined:undefined:undefined":50,"s:493:4:495:Infinity":242,"s:494:6:494:Infinity":243,"s:497:4:497:Infinity":244,"f:500:10:500:27":41,"s:501:23:501:Infinity":245,"b:501:23:501:61:501:61:501:Infinity":51,"s:502:21:502:Infinity":246,"f:502:39:502:40":42,"s:502:54:502:88":247,"s:503:4:503:Infinity":248,"s:504:4:504:Infinity":249}}}
,"/Users/mrk/Workspace/Agentic/research/snapfzz-startup-launcher/frontend/packages/plugin-host/src/use-contribution-store.ts": {"path":"/Users/mrk/Workspace/Agentic/research/snapfzz-startup-launcher/frontend/packages/plugin-host/src/use-contribution-store.ts","statementMap":{"0":{"start":{"line":7,"column":16},"end":{"line":7,"column":null}},"1":{"start":{"line":9,"column":20},"end":{"line":11,"column":null}},"2":{"start":{"line":10,"column":4},"end":{"line":10,"column":null}},"3":{"start":{"line":13,"column":22},"end":{"line":15,"column":null}},"4":{"start":{"line":14,"column":4},"end":{"line":14,"column":null}},"5":{"start":{"line":17,"column":2},"end":{"line":17,"column":null}}},"fnMap":{"0":{"name":"useContributionStore","decl":{"start":{"line":6,"column":16},"end":{"line":6,"column":37}},"loc":{"start":{"line":6,"column":94},"end":{"line":18,"column":null}},"line":6},"1":{"name":"(anonymous_1)","decl":{"start":{"line":9,"column":20},"end":{"line":9,"column":21}},"loc":{"start":{"line":9,"column":51},"end":{"line":11,"column":null}},"line":9},"2":{"name":"(anonymous_2)","decl":{"start":{"line":13,"column":22},"end":{"line":13,"column":28}},"loc":{"start":{"line":13,"column":28},"end":{"line":15,"column":null}},"line":13}},"branchMap":{},"s":{"0":3,"1":3,"2":3,"3":3,"4":10,"5":3},"f":{"0":3,"1":3,"2":10},"b":{},"meta":{"lastBranch":0,"lastFunction":3,"lastStatement":6,"seen":{"f:6:16:6:37":0,"s:7:16:7:Infinity":0,"s:9:20:11:Infinity":1,"f:9:20:9:21":1,"s:10:4:10:Infinity":2,"s:13:22:15:Infinity":3,"f:13:22:13:28":2,"s:14:4:14:Infinity":4,"s:17:2:17:Infinity":5}}}
,"/Users/mrk/Workspace/Agentic/research/snapfzz-startup-launcher/frontend/packages/plugin-host/src/use-plugin-host.ts": {"path":"/Users/mrk/Workspace/Agentic/research/snapfzz-startup-launcher/frontend/packages/plugin-host/src/use-plugin-host.ts","statementMap":{"0":{"start":{"line":5,"column":6},"end":{"line":5,"column":null}},"1":{"start":{"line":8,"column":8},"end":{"line":8,"column":null}},"2":{"start":{"line":9,"column":2},"end":{"line":11,"column":null}},"3":{"start":{"line":10,"column":4},"end":{"line":10,"column":null}},"4":{"start":{"line":13,"column":2},"end":{"line":13,"column":null}},"5":{"start":{"line":22,"column":2},"end":{"line":22,"column":null}}},"fnMap":{"0":{"name":"usePluginHost","decl":{"start":{"line":7,"column":16},"end":{"line":7,"column":44}},"loc":{"start":{"line":7,"column":44},"end":{"line":14,"column":null}},"line":7},"1":{"name":"PluginHostProvider","decl":{"start":{"line":21,"column":16},"end":{"line":21,"column":35}},"loc":{"start":{"line":21,"column":80},"end":{"line":23,"column":null}},"line":21}},"branchMap":{"0":{"loc":{"start":{"line":9,"column":2},"end":{"line":11,"column":null}},"type":"if","locations":[{"start":{"line":9,"column":2},"end":{"line":11,"column":null}},{"start":{},"end":{}}],"line":9}},"s":{"0":1,"1":3,"2":3,"3":2,"4":1,"5":1},"f":{"0":3,"1":1},"b":{"0":[2,1]},"meta":{"lastBranch":1,"lastFunction":2,"lastStatement":6,"seen":{"s:5:6:5:Infinity":0,"f:7:16:7:44":0,"s:8:8:8:Infinity":1,"b:9:2:11:Infinity:undefined:undefined:undefined:undefined":0,"s:9:2:11:Infinity":2,"s:10:4:10:Infinity":3,"s:13:2:13:Infinity":4,"f:21:16:21:35":1,"s:22:2:22:Infinity":5}}}
}
