{"total": {"lines":{"total":1351,"covered":1303,"skipped":0,"pct":96.44},"statements":{"total":1351,"covered":1303,"skipped":0,"pct":96.44},"functions":{"total":77,"covered":71,"skipped":0,"pct":92.2},"branches":{"total":282,"covered":261,"skipped":0,"pct":92.55},"branchesTrue":{"total":0,"covered":0,"skipped":0,"pct":100}}
,"/Users/mrk/Workspace/Agentic/research/snapfzz-startup-launcher/plugins/chat/src/index.ts": {"lines":{"total":80,"covered":73,"skipped":0,"pct":91.25},"functions":{"total":5,"covered":2,"skipped":0,"pct":40},"statements":{"total":80,"covered":73,"skipped":0,"pct":91.25},"branches":{"total":2,"covered":2,"skipped":0,"pct":100}}
,"/Users/mrk/Workspace/Agentic/research/snapfzz-startup-launcher/plugins/chat/src/types.ts": {"lines":{"total":0,"covered":0,"skipped":0,"pct":100},"functions":{"total":1,"covered":1,"skipped":0,"pct":100},"statements":{"total":0,"covered":0,"skipped":0,"pct":100},"branches":{"total":1,"covered":1,"skipped":0,"pct":100}}
,"/Users/mrk/Workspace/Agentic/research/snapfzz-startup-launcher/plugins/chat/src/components/AudioPlayer.tsx": {"lines":{"total":14,"covered":14,"skipped":0,"pct":100},"functions":{"total":1,"covered":1,"skipped":0,"pct":100},"statements":{"total":14,"covered":14,"skipped":0,"pct":100},"branches":{"total":1,"covered":1,"skipped":0,"pct":100}}
,"/Users/mrk/Workspace/Agentic/research/snapfzz-startup-launcher/plugins/chat/src/components/CodeBlock.tsx": {"lines":{"total":73,"covered":70,"skipped":0,"pct":95.89},"functions":{"total":3,"covered":3,"skipped":0,"pct":100},"statements":{"total":73,"covered":70,"skipped":0,"pct":95.89},"branches":{"total":9,"covered":7,"skipped":0,"pct":77.77}}
,"/Users/mrk/Workspace/Agentic/research/snapfzz-startup-launcher/plugins/chat/src/components/Composer.tsx": {"lines":{"total":97,"covered":94,"skipped":0,"pct":96.9},"functions":{"total":6,"covered":6,"skipped":0,"pct":100},"statements":{"total":97,"covered":94,"skipped":0,"pct":96.9},"branches":{"total":28,"covered":24,"skipped":0,"pct":85.71}}
,"/Users/mrk/Workspace/Agentic/research/snapfzz-startup-launcher/plugins/chat/src/components/ImageContent.tsx": {"lines":{"total":45,"covered":45,"skipped":0,"pct":100},"functions":{"total":3,"covered":3,"skipped":0,"pct":100},"statements":{"total":45,"covered":45,"skipped":0,"pct":100},"branches":{"total":7,"covered":7,"skipped":0,"pct":100}}
,"/Users/mrk/Workspace/Agentic/research/snapfzz-startup-launcher/plugins/chat/src/components/InlineRenderer.tsx": {"lines":{"total":42,"covered":42,"skipped":0,"pct":100},"functions":{"total":1,"covered":1,"skipped":0,"pct":100},"statements":{"total":42,"covered":42,"skipped":0,"pct":100},"branches":{"total":11,"covered":11,"skipped":0,"pct":100}}
,"/Users/mrk/Workspace/Agentic/research/snapfzz-startup-launcher/plugins/chat/src/components/MessageBubble.tsx": {"lines":{"total":73,"covered":71,"skipped":0,"pct":97.26},"functions":{"total":4,"covered":4,"skipped":0,"pct":100},"statements":{"total":73,"covered":71,"skipped":0,"pct":97.26},"branches":{"total":25,"covered":24,"skipped":0,"pct":96}}
,"/Users/mrk/Workspace/Agentic/research/snapfzz-startup-launcher/plugins/chat/src/components/ScrollPill.tsx": {"lines":{"total":28,"covered":28,"skipped":0,"pct":100},"functions":{"total":1,"covered":1,"skipped":0,"pct":100},"statements":{"total":28,"covered":28,"skipped":0,"pct":100},"branches":{"total":3,"covered":3,"skipped":0,"pct":100}}
,"/Users/mrk/Workspace/Agentic/research/snapfzz-startup-launcher/plugins/chat/src/components/TextContent.tsx": {"lines":{"total":49,"covered":49,"skipped":0,"pct":100},"functions":{"total":1,"covered":1,"skipped":0,"pct":100},"statements":{"total":49,"covered":49,"skipped":0,"pct":100},"branches":{"total":9,"covered":9,"skipped":0,"pct":100}}
,"/Users/mrk/Workspace/Agentic/research/snapfzz-startup-launcher/plugins/chat/src/components/ThinkingCallout.tsx": {"lines":{"total":43,"covered":43,"skipped":0,"pct":100},"functions":{"total":2,"covered":2,"skipped":0,"pct":100},"statements":{"total":43,"covered":43,"skipped":0,"pct":100},"branches":{"total":7,"covered":7,"skipped":0,"pct":100}}
,"/Users/mrk/Workspace/Agentic/research/snapfzz-startup-launcher/plugins/chat/src/components/ThinkingIndicator.tsx": {"lines":{"total":23,"covered":23,"skipped":0,"pct":100},"functions":{"total":1,"covered":1,"skipped":0,"pct":100},"statements":{"total":23,"covered":23,"skipped":0,"pct":100},"branches":{"total":2,"covered":2,"skipped":0,"pct":100}}
,"/Users/mrk/Workspace/Agentic/research/snapfzz-startup-launcher/plugins/chat/src/components/ToolResultInline.tsx": {"lines":{"total":43,"covered":43,"skipped":0,"pct":100},"functions":{"total":2,"covered":2,"skipped":0,"pct":100},"statements":{"total":43,"covered":43,"skipped":0,"pct":100},"branches":{"total":8,"covered":8,"skipped":0,"pct":100}}
,"/Users/mrk/Workspace/Agentic/research/snapfzz-startup-launcher/plugins/chat/src/components/ToolUseCard.tsx": {"lines":{"total":57,"covered":57,"skipped":0,"pct":100},"functions":{"total":2,"covered":2,"skipped":0,"pct":100},"statements":{"total":57,"covered":57,"skipped":0,"pct":100},"branches":{"total":7,"covered":7,"skipped":0,"pct":100}}
,"/Users/mrk/Workspace/Agentic/research/snapfzz-startup-launcher/plugins/chat/src/components/VideoPlayer.tsx": {"lines":{"total":16,"covered":16,"skipped":0,"pct":100},"functions":{"total":1,"covered":1,"skipped":0,"pct":100},"statements":{"total":16,"covered":16,"skipped":0,"pct":100},"branches":{"total":1,"covered":1,"skipped":0,"pct":100}}
,"/Users/mrk/Workspace/Agentic/research/snapfzz-startup-launcher/plugins/chat/src/contributions/ChatPanel.tsx": {"lines":{"total":123,"covered":102,"skipped":0,"pct":82.92},"functions":{"total":7,"covered":4,"skipped":0,"pct":57.14},"statements":{"total":123,"covered":102,"skipped":0,"pct":82.92},"branches":{"total":24,"covered":21,"skipped":0,"pct":87.5}}
,"/Users/mrk/Workspace/Agentic/research/snapfzz-startup-launcher/plugins/chat/src/contributions/ConnectionStatus.tsx": {"lines":{"total":24,"covered":24,"skipped":0,"pct":100},"functions":{"total":3,"covered":3,"skipped":0,"pct":100},"statements":{"total":24,"covered":24,"skipped":0,"pct":100},"branches":{"total":9,"covered":9,"skipped":0,"pct":100}}
,"/Users/mrk/Workspace/Agentic/research/snapfzz-startup-launcher/plugins/chat/src/contributions/TokenCounter.tsx": {"lines":{"total":9,"covered":9,"skipped":0,"pct":100},"functions":{"total":2,"covered":2,"skipped":0,"pct":100},"statements":{"total":9,"covered":9,"skipped":0,"pct":100},"branches":{"total":2,"covered":2,"skipped":0,"pct":100}}
,"/Users/mrk/Workspace/Agentic/research/snapfzz-startup-launcher/plugins/chat/src/hooks/markdown.ts": {"lines":{"total":181,"covered":179,"skipped":0,"pct":98.89},"functions":{"total":7,"covered":7,"skipped":0,"pct":100},"statements":{"total":181,"covered":179,"skipped":0,"pct":98.89},"branches":{"total":49,"covered":46,"skipped":0,"pct":93.87}}
,"/Users/mrk/Workspace/Agentic/research/snapfzz-startup-launcher/plugins/chat/src/hooks/use-chat.ts": {"lines":{"total":331,"covered":321,"skipped":0,"pct":96.97},"functions":{"total":24,"covered":24,"skipped":0,"pct":100},"statements":{"total":331,"covered":321,"skipped":0,"pct":96.97},"branches":{"total":77,"covered":69,"skipped":0,"pct":89.61}}
}
