{"total": {"lines":{"total":1351,"covered":595,"skipped":0,"pct":44.04},"statements":{"total":1351,"covered":595,"skipped":0,"pct":44.04},"functions":{"total":59,"covered":48,"skipped":0,"pct":81.35},"branches":{"total":150,"covered":134,"skipped":0,"pct":89.33},"branchesTrue":{"total":0,"covered":0,"skipped":0,"pct":100}}
,"/Users/mrk/Workspace/Agentic/research/snapfzz-startup-launcher/plugins/chat/src/index.ts": {"lines":{"total":80,"covered":73,"skipped":0,"pct":91.25},"functions":{"total":5,"covered":2,"skipped":0,"pct":40},"statements":{"total":80,"covered":73,"skipped":0,"pct":91.25},"branches":{"total":2,"covered":2,"skipped":0,"pct":100}}
,"/Users/mrk/Workspace/Agentic/research/snapfzz-startup-launcher/plugins/chat/src/types.ts": {"lines":{"total":0,"covered":0,"skipped":0,"pct":100},"functions":{"total":1,"covered":1,"skipped":0,"pct":100},"statements":{"total":0,"covered":0,"skipped":0,"pct":100},"branches":{"total":1,"covered":1,"skipped":0,"pct":100}}
,"/Users/mrk/Workspace/Agentic/research/snapfzz-startup-launcher/plugins/chat/src/components/AudioPlayer.tsx": {"lines":{"total":14,"covered":0,"skipped":0,"pct":0},"functions":{"total":1,"covered":1,"skipped":0,"pct":100},"statements":{"total":14,"covered":0,"skipped":0,"pct":0},"branches":{"total":1,"covered":1,"skipped":0,"pct":100}}
,"/Users/mrk/Workspace/Agentic/research/snapfzz-startup-launcher/plugins/chat/src/components/CodeBlock.tsx": {"lines":{"total":73,"covered":0,"skipped":0,"pct":0},"functions":{"total":1,"covered":0,"skipped":0,"pct":0},"statements":{"total":73,"covered":0,"skipped":0,"pct":0},"branches":{"total":1,"covered":0,"skipped":0,"pct":0}}
,"/Users/mrk/Workspace/Agentic/research/snapfzz-startup-launcher/plugins/chat/src/components/Composer.tsx": {"lines":{"total":97,"covered":0,"skipped":0,"pct":0},"functions":{"total":1,"covered":0,"skipped":0,"pct":0},"statements":{"total":97,"covered":0,"skipped":0,"pct":0},"branches":{"total":1,"covered":0,"skipped":0,"pct":0}}
,"/Users/mrk/Workspace/Agentic/research/snapfzz-startup-launcher/plugins/chat/src/components/ImageContent.tsx": {"lines":{"total":45,"covered":0,"skipped":0,"pct":0},"functions":{"total":1,"covered":0,"skipped":0,"pct":0},"statements":{"total":45,"covered":0,"skipped":0,"pct":0},"branches":{"total":1,"covered":0,"skipped":0,"pct":0}}
,"/Users/mrk/Workspace/Agentic/research/snapfzz-startup-launcher/plugins/chat/src/components/InlineRenderer.tsx": {"lines":{"total":42,"covered":0,"skipped":0,"pct":0},"functions":{"total":1,"covered":1,"skipped":0,"pct":100},"statements":{"total":42,"covered":0,"skipped":0,"pct":0},"branches":{"total":1,"covered":1,"skipped":0,"pct":100}}
,"/Users/mrk/Workspace/Agentic/research/snapfzz-startup-launcher/plugins/chat/src/components/MessageBubble.tsx": {"lines":{"total":73,"covered":71,"skipped":0,"pct":97.26},"functions":{"total":4,"covered":4,"skipped":0,"pct":100},"statements":{"total":73,"covered":71,"skipped":0,"pct":97.26},"branches":{"total":25,"covered":24,"skipped":0,"pct":96}}
,"/Users/mrk/Workspace/Agentic/research/snapfzz-startup-launcher/plugins/chat/src/components/ScrollPill.tsx": {"lines":{"total":28,"covered":0,"skipped":0,"pct":0},"functions":{"total":1,"covered":1,"skipped":0,"pct":100},"statements":{"total":28,"covered":0,"skipped":0,"pct":0},"branches":{"total":1,"covered":1,"skipped":0,"pct":100}}
,"/Users/mrk/Workspace/Agentic/research/snapfzz-startup-launcher/plugins/chat/src/components/TextContent.tsx": {"lines":{"total":49,"covered":0,"skipped":0,"pct":0},"functions":{"total":1,"covered":1,"skipped":0,"pct":100},"statements":{"total":49,"covered":0,"skipped":0,"pct":0},"branches":{"total":1,"covered":1,"skipped":0,"pct":100}}
,"/Users/mrk/Workspace/Agentic/research/snapfzz-startup-launcher/plugins/chat/src/components/ThinkingCallout.tsx": {"lines":{"total":43,"covered":0,"skipped":0,"pct":0},"functions":{"total":1,"covered":0,"skipped":0,"pct":0},"statements":{"total":43,"covered":0,"skipped":0,"pct":0},"branches":{"total":1,"covered":0,"skipped":0,"pct":0}}
,"/Users/mrk/Workspace/Agentic/research/snapfzz-startup-launcher/plugins/chat/src/components/ThinkingIndicator.tsx": {"lines":{"total":23,"covered":0,"skipped":0,"pct":0},"functions":{"total":1,"covered":1,"skipped":0,"pct":100},"statements":{"total":23,"covered":0,"skipped":0,"pct":0},"branches":{"total":1,"covered":1,"skipped":0,"pct":100}}
,"/Users/mrk/Workspace/Agentic/research/snapfzz-startup-launcher/plugins/chat/src/components/ToolResultInline.tsx": {"lines":{"total":43,"covered":0,"skipped":0,"pct":0},"functions":{"total":1,"covered":0,"skipped":0,"pct":0},"statements":{"total":43,"covered":0,"skipped":0,"pct":0},"branches":{"total":1,"covered":0,"skipped":0,"pct":0}}
,"/Users/mrk/Workspace/Agentic/research/snapfzz-startup-launcher/plugins/chat/src/components/ToolUseCard.tsx": {"lines":{"total":57,"covered":0,"skipped":0,"pct":0},"functions":{"total":1,"covered":1,"skipped":0,"pct":100},"statements":{"total":57,"covered":0,"skipped":0,"pct":0},"branches":{"total":1,"covered":1,"skipped":0,"pct":100}}
,"/Users/mrk/Workspace/Agentic/research/snapfzz-startup-launcher/plugins/chat/src/components/VideoPlayer.tsx": {"lines":{"total":16,"covered":0,"skipped":0,"pct":0},"functions":{"total":1,"covered":1,"skipped":0,"pct":100},"statements":{"total":16,"covered":0,"skipped":0,"pct":0},"branches":{"total":1,"covered":1,"skipped":0,"pct":100}}
,"/Users/mrk/Workspace/Agentic/research/snapfzz-startup-launcher/plugins/chat/src/contributions/ChatPanel.tsx": {"lines":{"total":123,"covered":97,"skipped":0,"pct":78.86},"functions":{"total":7,"covered":4,"skipped":0,"pct":57.14},"statements":{"total":123,"covered":97,"skipped":0,"pct":78.86},"branches":{"total":21,"covered":19,"skipped":0,"pct":90.47}}
,"/Users/mrk/Workspace/Agentic/research/snapfzz-startup-launcher/plugins/chat/src/contributions/ConnectionStatus.tsx": {"lines":{"total":24,"covered":24,"skipped":0,"pct":100},"functions":{"total":3,"covered":3,"skipped":0,"pct":100},"statements":{"total":24,"covered":24,"skipped":0,"pct":100},"branches":{"total":9,"covered":9,"skipped":0,"pct":100}}
,"/Users/mrk/Workspace/Agentic/research/snapfzz-startup-launcher/plugins/chat/src/contributions/TokenCounter.tsx": {"lines":{"total":9,"covered":9,"skipped":0,"pct":100},"functions":{"total":2,"covered":2,"skipped":0,"pct":100},"statements":{"total":9,"covered":9,"skipped":0,"pct":100},"branches":{"total":2,"covered":2,"skipped":0,"pct":100}}
,"/Users/mrk/Workspace/Agentic/research/snapfzz-startup-launcher/plugins/chat/src/hooks/markdown.ts": {"lines":{"total":181,"covered":0,"skipped":0,"pct":0},"functions":{"total":1,"covered":1,"skipped":0,"pct":100},"statements":{"total":181,"covered":0,"skipped":0,"pct":0},"branches":{"total":1,"covered":1,"skipped":0,"pct":100}}
,"/Users/mrk/Workspace/Agentic/research/snapfzz-startup-launcher/plugins/chat/src/hooks/use-chat.ts": {"lines":{"total":331,"covered":321,"skipped":0,"pct":96.97},"functions":{"total":24,"covered":24,"skipped":0,"pct":100},"statements":{"total":331,"covered":321,"skipped":0,"pct":96.97},"branches":{"total":77,"covered":69,"skipped":0,"pct":89.61}}
}
